<<<<<<< HEAD
INFO - 2022-04-08 03:30:04 --> Session: Class initialized using 'CodeIgniter\Session\Handlers\FileHandler' driver.
INFO - 2022-04-08 03:30:04 --> Session: Class initialized using 'CodeIgniter\Session\Handlers\FileHandler' driver.
INFO - 2022-04-08 03:32:40 --> Session: Class initialized using 'CodeIgniter\Session\Handlers\FileHandler' driver.
INFO - 2022-04-08 03:32:41 --> Session: Class initialized using 'CodeIgniter\Session\Handlers\FileHandler' driver.
INFO - 2022-04-08 03:56:41 --> Session: Class initialized using 'CodeIgniter\Session\Handlers\FileHandler' driver.
INFO - 2022-04-08 03:56:47 --> Session: Class initialized using 'CodeIgniter\Session\Handlers\FileHandler' driver.
INFO - 2022-04-08 04:02:18 --> Session: Class initialized using 'CodeIgniter\Session\Handlers\FileHandler' driver.
INFO - 2022-04-08 04:05:14 --> Session: Class initialized using 'CodeIgniter\Session\Handlers\FileHandler' driver.
INFO - 2022-04-08 04:05:16 --> Session: Class initialized using 'CodeIgniter\Session\Handlers\FileHandler' driver.
INFO - 2022-04-08 04:05:19 --> Session: Class initialized using 'CodeIgniter\Session\Handlers\FileHandler' driver.
INFO - 2022-04-08 04:05:58 --> Session: Class initialized using 'CodeIgniter\Session\Handlers\FileHandler' driver.
INFO - 2022-04-08 04:08:13 --> Session: Class initialized using 'CodeIgniter\Session\Handlers\FileHandler' driver.
INFO - 2022-04-08 04:08:29 --> Session: Class initialized using 'CodeIgniter\Session\Handlers\FileHandler' driver.
INFO - 2022-04-08 04:08:53 --> Session: Class initialized using 'CodeIgniter\Session\Handlers\FileHandler' driver.
INFO - 2022-04-08 04:08:54 --> Session: Class initialized using 'CodeIgniter\Session\Handlers\FileHandler' driver.
INFO - 2022-04-08 04:10:55 --> Session: Class initialized using 'CodeIgniter\Session\Handlers\FileHandler' driver.
INFO - 2022-04-08 04:11:06 --> Session: Class initialized using 'CodeIgniter\Session\Handlers\FileHandler' driver.
INFO - 2022-04-08 04:20:06 --> Session: Class initialized using 'CodeIgniter\Session\Handlers\FileHandler' driver.
INFO - 2022-04-08 04:29:36 --> Session: Class initialized using 'CodeIgniter\Session\Handlers\FileHandler' driver.
INFO - 2022-04-08 04:29:39 --> Session: Class initialized using 'CodeIgniter\Session\Handlers\FileHandler' driver.
CRITICAL - 2022-04-08 04:29:39 --> Undefined property: CodeIgniter\View\View::$lang
#0 C:\Ampps\www\maintex\app\Views\administration\user_profile_new.php(45): CodeIgniter\Debug\Exceptions->errorHandler(8, 'Undefined prope...', 'C:\\Ampps\\www\\ma...', 45, Array)
#1 C:\Ampps\www\maintex\system\View\View.php(210): include('C:\\Ampps\\www\\ma...')
#2 C:\Ampps\www\maintex\system\View\View.php(213): CodeIgniter\View\View->CodeIgniter\View\{closure}()
#3 C:\Ampps\www\maintex\system\Common.php(1089): CodeIgniter\View\View->render('administration/...', Array, true)
#4 C:\Ampps\www\maintex\app\Controllers\Administration.php(26): view('administration/...', Array)
#5 C:\Ampps\www\maintex\system\CodeIgniter.php(832): App\Controllers\Administration->user_profile_new()
#6 C:\Ampps\www\maintex\system\CodeIgniter.php(419): CodeIgniter\CodeIgniter->runController(Object(App\Controllers\Administration))
#7 C:\Ampps\www\maintex\system\CodeIgniter.php(326): CodeIgniter\CodeIgniter->handleRequest(NULL, Object(Config\Cache), false)
#8 C:\Ampps\www\maintex\index.php(37): CodeIgniter\CodeIgniter->run()
#9 {main}
INFO - 2022-04-08 04:29:52 --> Session: Class initialized using 'CodeIgniter\Session\Handlers\FileHandler' driver.
INFO - 2022-04-08 04:30:09 --> Session: Class initialized using 'CodeIgniter\Session\Handlers\FileHandler' driver.
CRITICAL - 2022-04-08 04:30:09 --> Undefined property: CodeIgniter\View\View::$lang
#0 C:\Ampps\www\maintex\app\Views\administration\user_profile_new.php(45): CodeIgniter\Debug\Exceptions->errorHandler(8, 'Undefined prope...', 'C:\\Ampps\\www\\ma...', 45, Array)
#1 C:\Ampps\www\maintex\system\View\View.php(210): include('C:\\Ampps\\www\\ma...')
#2 C:\Ampps\www\maintex\system\View\View.php(213): CodeIgniter\View\View->CodeIgniter\View\{closure}()
#3 C:\Ampps\www\maintex\system\Common.php(1089): CodeIgniter\View\View->render('administration/...', Array, true)
#4 C:\Ampps\www\maintex\app\Controllers\Administration.php(26): view('administration/...', Array)
#5 C:\Ampps\www\maintex\system\CodeIgniter.php(832): App\Controllers\Administration->user_profile_new()
#6 C:\Ampps\www\maintex\system\CodeIgniter.php(419): CodeIgniter\CodeIgniter->runController(Object(App\Controllers\Administration))
#7 C:\Ampps\www\maintex\system\CodeIgniter.php(326): CodeIgniter\CodeIgniter->handleRequest(NULL, Object(Config\Cache), false)
#8 C:\Ampps\www\maintex\index.php(37): CodeIgniter\CodeIgniter->run()
#9 {main}
INFO - 2022-04-08 04:32:12 --> Session: Class initialized using 'CodeIgniter\Session\Handlers\FileHandler' driver.
INFO - 2022-04-08 04:34:10 --> Session: Class initialized using 'CodeIgniter\Session\Handlers\FileHandler' driver.
INFO - 2022-04-08 04:34:13 --> Session: Class initialized using 'CodeIgniter\Session\Handlers\FileHandler' driver.
INFO - 2022-04-08 04:35:55 --> Session: Class initialized using 'CodeIgniter\Session\Handlers\FileHandler' driver.
INFO - 2022-04-08 04:46:57 --> Session: Class initialized using 'CodeIgniter\Session\Handlers\FileHandler' driver.
INFO - 2022-04-08 04:47:02 --> Session: Class initialized using 'CodeIgniter\Session\Handlers\FileHandler' driver.
CRITICAL - 2022-04-08 04:47:02 --> Cannot access protected property CodeIgniter\Database\MySQLi\Builder::$db
#0 C:\Ampps\www\maintex\app\Controllers\Administration.php(26): App\Models\AdminModel->get_menu()
#1 C:\Ampps\www\maintex\system\CodeIgniter.php(832): App\Controllers\Administration->user_profile_new()
#2 C:\Ampps\www\maintex\system\CodeIgniter.php(419): CodeIgniter\CodeIgniter->runController(Object(App\Controllers\Administration))
#3 C:\Ampps\www\maintex\system\CodeIgniter.php(326): CodeIgniter\CodeIgniter->handleRequest(NULL, Object(Config\Cache), false)
#4 C:\Ampps\www\maintex\index.php(37): CodeIgniter\CodeIgniter->run()
#5 {main}
INFO - 2022-04-08 04:47:03 --> Session: Class initialized using 'CodeIgniter\Session\Handlers\FileHandler' driver.
CRITICAL - 2022-04-08 04:47:03 --> Cannot access protected property CodeIgniter\Database\MySQLi\Builder::$db
#0 C:\Ampps\www\maintex\app\Controllers\Administration.php(26): App\Models\AdminModel->get_menu()
#1 C:\Ampps\www\maintex\system\CodeIgniter.php(832): App\Controllers\Administration->user_profile_new()
#2 C:\Ampps\www\maintex\system\CodeIgniter.php(419): CodeIgniter\CodeIgniter->runController(Object(App\Controllers\Administration))
#3 C:\Ampps\www\maintex\system\CodeIgniter.php(326): CodeIgniter\CodeIgniter->handleRequest(NULL, Object(Config\Cache), false)
#4 C:\Ampps\www\maintex\index.php(37): CodeIgniter\CodeIgniter->run()
#5 {main}
INFO - 2022-04-08 04:47:13 --> Session: Class initialized using 'CodeIgniter\Session\Handlers\FileHandler' driver.
CRITICAL - 2022-04-08 04:47:13 --> Cannot access protected property CodeIgniter\Database\MySQLi\Builder::$db
#0 C:\Ampps\www\maintex\app\Controllers\Administration.php(26): App\Models\AdminModel->get_menu()
#1 C:\Ampps\www\maintex\system\CodeIgniter.php(832): App\Controllers\Administration->user_profile_new()
#2 C:\Ampps\www\maintex\system\CodeIgniter.php(419): CodeIgniter\CodeIgniter->runController(Object(App\Controllers\Administration))
#3 C:\Ampps\www\maintex\system\CodeIgniter.php(326): CodeIgniter\CodeIgniter->handleRequest(NULL, Object(Config\Cache), false)
#4 C:\Ampps\www\maintex\index.php(37): CodeIgniter\CodeIgniter->run()
#5 {main}
INFO - 2022-04-08 04:48:08 --> Session: Class initialized using 'CodeIgniter\Session\Handlers\FileHandler' driver.
ERROR - 2022-04-08 04:48:08 --> Unknown column 'm.url' in 'where clause'
CRITICAL - 2022-04-08 04:48:08 --> Unknown column 'm.url' in 'where clause'
#0 C:\Ampps\www\maintex\system\Database\MySQLi\Connection.php(292): mysqli->query('SELECT `m`.*, c...', 0)
#1 C:\Ampps\www\maintex\system\Database\BaseConnection.php(670): CodeIgniter\Database\MySQLi\Connection->execute('SELECT `m`.*, c...')
#2 C:\Ampps\www\maintex\system\Database\BaseConnection.php(598): CodeIgniter\Database\BaseConnection->simpleQuery('SELECT `m`.*, c...')
#3 C:\Ampps\www\maintex\system\Database\BaseBuilder.php(1455): CodeIgniter\Database\BaseConnection->query('SELECT `m`.*, c...', Array, false)
#4 C:\Ampps\www\maintex\app\Models\AdminModel.php(25): CodeIgniter\Database\BaseBuilder->get()
#5 C:\Ampps\www\maintex\app\Controllers\Administration.php(26): App\Models\AdminModel->get_menu()
#6 C:\Ampps\www\maintex\system\CodeIgniter.php(832): App\Controllers\Administration->user_profile_new()
#7 C:\Ampps\www\maintex\system\CodeIgniter.php(419): CodeIgniter\CodeIgniter->runController(Object(App\Controllers\Administration))
#8 C:\Ampps\www\maintex\system\CodeIgniter.php(326): CodeIgniter\CodeIgniter->handleRequest(NULL, Object(Config\Cache), false)
#9 C:\Ampps\www\maintex\index.php(37): CodeIgniter\CodeIgniter->run()
#10 {main}
INFO - 2022-04-08 04:49:26 --> Session: Class initialized using 'CodeIgniter\Session\Handlers\FileHandler' driver.
ERROR - 2022-04-08 04:49:26 --> Unknown column 'ml2.idParent' in 'on clause'
CRITICAL - 2022-04-08 04:49:26 --> Unknown column 'ml2.idParent' in 'on clause'
#0 C:\Ampps\www\maintex\system\Database\MySQLi\Connection.php(292): mysqli->query('SELECT `m`.*, c...', 0)
#1 C:\Ampps\www\maintex\system\Database\BaseConnection.php(670): CodeIgniter\Database\MySQLi\Connection->execute('SELECT `m`.*, c...')
#2 C:\Ampps\www\maintex\system\Database\BaseConnection.php(598): CodeIgniter\Database\BaseConnection->simpleQuery('SELECT `m`.*, c...')
#3 C:\Ampps\www\maintex\system\Database\BaseBuilder.php(1455): CodeIgniter\Database\BaseConnection->query('SELECT `m`.*, c...', Array, false)
#4 C:\Ampps\www\maintex\app\Models\AdminModel.php(25): CodeIgniter\Database\BaseBuilder->get()
#5 C:\Ampps\www\maintex\app\Controllers\Administration.php(26): App\Models\AdminModel->get_menu()
#6 C:\Ampps\www\maintex\system\CodeIgniter.php(832): App\Controllers\Administration->user_profile_new()
#7 C:\Ampps\www\maintex\system\CodeIgniter.php(419): CodeIgniter\CodeIgniter->runController(Object(App\Controllers\Administration))
#8 C:\Ampps\www\maintex\system\CodeIgniter.php(326): CodeIgniter\CodeIgniter->handleRequest(NULL, Object(Config\Cache), false)
#9 C:\Ampps\www\maintex\index.php(37): CodeIgniter\CodeIgniter->run()
#10 {main}
INFO - 2022-04-08 04:50:12 --> Session: Class initialized using 'CodeIgniter\Session\Handlers\FileHandler' driver.
CRITICAL - 2022-04-08 04:50:12 --> Undefined property: stdClass::$id
#0 C:\Ampps\www\maintex\app\Views\administration\user_profile_new.php(57): CodeIgniter\Debug\Exceptions->errorHandler(8, 'Undefined prope...', 'C:\\Ampps\\www\\ma...', 57, Array)
#1 C:\Ampps\www\maintex\system\View\View.php(210): include('C:\\Ampps\\www\\ma...')
#2 C:\Ampps\www\maintex\system\View\View.php(213): CodeIgniter\View\View->CodeIgniter\View\{closure}()
#3 C:\Ampps\www\maintex\system\Common.php(1089): CodeIgniter\View\View->render('administration/...', Array, true)
#4 C:\Ampps\www\maintex\app\Controllers\Administration.php(27): view('administration/...', Array)
#5 C:\Ampps\www\maintex\system\CodeIgniter.php(832): App\Controllers\Administration->user_profile_new()
#6 C:\Ampps\www\maintex\system\CodeIgniter.php(419): CodeIgniter\CodeIgniter->runController(Object(App\Controllers\Administration))
#7 C:\Ampps\www\maintex\system\CodeIgniter.php(326): CodeIgniter\CodeIgniter->handleRequest(NULL, Object(Config\Cache), false)
#8 C:\Ampps\www\maintex\index.php(37): CodeIgniter\CodeIgniter->run()
#9 {main}
INFO - 2022-04-08 04:53:14 --> Session: Class initialized using 'CodeIgniter\Session\Handlers\FileHandler' driver.
INFO - 2022-04-08 04:56:32 --> Session: Class initialized using 'CodeIgniter\Session\Handlers\FileHandler' driver.
INFO - 2022-04-08 05:00:15 --> Session: Class initialized using 'CodeIgniter\Session\Handlers\FileHandler' driver.
INFO - 2022-04-08 05:01:58 --> Session: Class initialized using 'CodeIgniter\Session\Handlers\FileHandler' driver.
INFO - 2022-04-08 05:02:33 --> Session: Class initialized using 'CodeIgniter\Session\Handlers\FileHandler' driver.
INFO - 2022-04-08 05:03:09 --> Session: Class initialized using 'CodeIgniter\Session\Handlers\FileHandler' driver.
INFO - 2022-04-08 05:08:21 --> Session: Class initialized using 'CodeIgniter\Session\Handlers\FileHandler' driver.
INFO - 2022-04-08 05:08:24 --> Session: Class initialized using 'CodeIgniter\Session\Handlers\FileHandler' driver.
INFO - 2022-04-08 05:11:27 --> Session: Class initialized using 'CodeIgniter\Session\Handlers\FileHandler' driver.
INFO - 2022-04-08 05:12:55 --> Session: Class initialized using 'CodeIgniter\Session\Handlers\FileHandler' driver.
INFO - 2022-04-08 05:12:57 --> Session: Class initialized using 'CodeIgniter\Session\Handlers\FileHandler' driver.
INFO - 2022-04-08 05:14:04 --> Session: Class initialized using 'CodeIgniter\Session\Handlers\FileHandler' driver.
INFO - 2022-04-08 05:14:07 --> Session: Class initialized using 'CodeIgniter\Session\Handlers\FileHandler' driver.
CRITICAL - 2022-04-08 05:14:07 --> Undefined property: CodeIgniter\View\View::$lang
#0 C:\Ampps\www\maintex\app\Views\administration\user_profile_new.php(341): CodeIgniter\Debug\Exceptions->errorHandler(8, 'Undefined prope...', 'C:\\Ampps\\www\\ma...', 341, Array)
#1 C:\Ampps\www\maintex\system\View\View.php(210): include('C:\\Ampps\\www\\ma...')
#2 C:\Ampps\www\maintex\system\View\View.php(213): CodeIgniter\View\View->CodeIgniter\View\{closure}()
#3 C:\Ampps\www\maintex\system\Common.php(1089): CodeIgniter\View\View->render('administration/...', Array, true)
#4 C:\Ampps\www\maintex\app\Controllers\Administration.php(27): view('administration/...', Array)
#5 C:\Ampps\www\maintex\system\CodeIgniter.php(832): App\Controllers\Administration->user_profile_new()
#6 C:\Ampps\www\maintex\system\CodeIgniter.php(419): CodeIgniter\CodeIgniter->runController(Object(App\Controllers\Administration))
#7 C:\Ampps\www\maintex\system\CodeIgniter.php(326): CodeIgniter\CodeIgniter->handleRequest(NULL, Object(Config\Cache), false)
#8 C:\Ampps\www\maintex\index.php(37): CodeIgniter\CodeIgniter->run()
#9 {main}
INFO - 2022-04-08 05:14:09 --> Session: Class initialized using 'CodeIgniter\Session\Handlers\FileHandler' driver.
CRITICAL - 2022-04-08 05:14:09 --> Undefined property: CodeIgniter\View\View::$lang
#0 C:\Ampps\www\maintex\app\Views\administration\user_profile_new.php(341): CodeIgniter\Debug\Exceptions->errorHandler(8, 'Undefined prope...', 'C:\\Ampps\\www\\ma...', 341, Array)
#1 C:\Ampps\www\maintex\system\View\View.php(210): include('C:\\Ampps\\www\\ma...')
#2 C:\Ampps\www\maintex\system\View\View.php(213): CodeIgniter\View\View->CodeIgniter\View\{closure}()
#3 C:\Ampps\www\maintex\system\Common.php(1089): CodeIgniter\View\View->render('administration/...', Array, true)
#4 C:\Ampps\www\maintex\app\Controllers\Administration.php(27): view('administration/...', Array)
#5 C:\Ampps\www\maintex\system\CodeIgniter.php(832): App\Controllers\Administration->user_profile_new()
#6 C:\Ampps\www\maintex\system\CodeIgniter.php(419): CodeIgniter\CodeIgniter->runController(Object(App\Controllers\Administration))
#7 C:\Ampps\www\maintex\system\CodeIgniter.php(326): CodeIgniter\CodeIgniter->handleRequest(NULL, Object(Config\Cache), false)
#8 C:\Ampps\www\maintex\index.php(37): CodeIgniter\CodeIgniter->run()
#9 {main}
INFO - 2022-04-08 05:15:58 --> Session: Class initialized using 'CodeIgniter\Session\Handlers\FileHandler' driver.
CRITICAL - 2022-04-08 05:15:58 --> Undefined property: CodeIgniter\View\View::$lang
#0 C:\Ampps\www\maintex\app\Views\administration\user_profile_new.php(164): CodeIgniter\Debug\Exceptions->errorHandler(8, 'Undefined prope...', 'C:\\Ampps\\www\\ma...', 164, Array)
#1 C:\Ampps\www\maintex\system\View\View.php(210): include('C:\\Ampps\\www\\ma...')
#2 C:\Ampps\www\maintex\system\View\View.php(213): CodeIgniter\View\View->CodeIgniter\View\{closure}()
#3 C:\Ampps\www\maintex\system\Common.php(1089): CodeIgniter\View\View->render('administration/...', Array, true)
#4 C:\Ampps\www\maintex\app\Controllers\Administration.php(27): view('administration/...', Array)
#5 C:\Ampps\www\maintex\system\CodeIgniter.php(832): App\Controllers\Administration->user_profile_new()
#6 C:\Ampps\www\maintex\system\CodeIgniter.php(419): CodeIgniter\CodeIgniter->runController(Object(App\Controllers\Administration))
#7 C:\Ampps\www\maintex\system\CodeIgniter.php(326): CodeIgniter\CodeIgniter->handleRequest(NULL, Object(Config\Cache), false)
#8 C:\Ampps\www\maintex\index.php(37): CodeIgniter\CodeIgniter->run()
#9 {main}
INFO - 2022-04-08 05:16:06 --> Session: Class initialized using 'CodeIgniter\Session\Handlers\FileHandler' driver.
CRITICAL - 2022-04-08 05:16:06 --> Undefined property: CodeIgniter\View\View::$lang
#0 C:\Ampps\www\maintex\app\Views\administration\user_profile_new.php(164): CodeIgniter\Debug\Exceptions->errorHandler(8, 'Undefined prope...', 'C:\\Ampps\\www\\ma...', 164, Array)
#1 C:\Ampps\www\maintex\system\View\View.php(210): include('C:\\Ampps\\www\\ma...')
#2 C:\Ampps\www\maintex\system\View\View.php(213): CodeIgniter\View\View->CodeIgniter\View\{closure}()
#3 C:\Ampps\www\maintex\system\Common.php(1089): CodeIgniter\View\View->render('administration/...', Array, true)
#4 C:\Ampps\www\maintex\app\Controllers\Administration.php(27): view('administration/...', Array)
#5 C:\Ampps\www\maintex\system\CodeIgniter.php(832): App\Controllers\Administration->user_profile_new()
#6 C:\Ampps\www\maintex\system\CodeIgniter.php(419): CodeIgniter\CodeIgniter->runController(Object(App\Controllers\Administration))
#7 C:\Ampps\www\maintex\system\CodeIgniter.php(326): CodeIgniter\CodeIgniter->handleRequest(NULL, Object(Config\Cache), false)
#8 C:\Ampps\www\maintex\index.php(37): CodeIgniter\CodeIgniter->run()
#9 {main}
INFO - 2022-04-08 05:16:53 --> Session: Class initialized using 'CodeIgniter\Session\Handlers\FileHandler' driver.
INFO - 2022-04-08 06:54:48 --> Session: Class initialized using 'CodeIgniter\Session\Handlers\FileHandler' driver.
INFO - 2022-04-08 06:54:52 --> Session: Class initialized using 'CodeIgniter\Session\Handlers\FileHandler' driver.
INFO - 2022-04-08 06:54:56 --> Session: Class initialized using 'CodeIgniter\Session\Handlers\FileHandler' driver.
INFO - 2022-04-08 06:55:19 --> Session: Class initialized using 'CodeIgniter\Session\Handlers\FileHandler' driver.
CRITICAL - 2022-04-08 06:55:19 --> Undefined property: App\Controllers\Administration::$equipement_model
#0 C:\Ampps\www\maintex\app\Controllers\Administration.php(50): CodeIgniter\Debug\Exceptions->errorHandler(8, 'Undefined prope...', 'C:\\Ampps\\www\\ma...', 50, Array)
#1 C:\Ampps\www\maintex\system\CodeIgniter.php(832): App\Controllers\Administration->user_profile_save()
#2 C:\Ampps\www\maintex\system\CodeIgniter.php(419): CodeIgniter\CodeIgniter->runController(Object(App\Controllers\Administration))
#3 C:\Ampps\www\maintex\system\CodeIgniter.php(326): CodeIgniter\CodeIgniter->handleRequest(NULL, Object(Config\Cache), false)
#4 C:\Ampps\www\maintex\index.php(37): CodeIgniter\CodeIgniter->run()
#5 {main}
INFO - 2022-04-08 06:56:13 --> Session: Class initialized using 'CodeIgniter\Session\Handlers\FileHandler' driver.
ERROR - 2022-04-08 06:56:13 --> Unknown column 'privacy_settings_views' in 'field list'
CRITICAL - 2022-04-08 06:56:13 --> Unknown column 'privacy_settings_views' in 'field list'
#0 C:\Ampps\www\maintex\system\Database\MySQLi\Connection.php(292): mysqli->query('INSERT INTO `us...', 0)
#1 C:\Ampps\www\maintex\system\Database\BaseConnection.php(670): CodeIgniter\Database\MySQLi\Connection->execute('INSERT INTO `us...')
#2 C:\Ampps\www\maintex\system\Database\BaseConnection.php(598): CodeIgniter\Database\BaseConnection->simpleQuery('INSERT INTO `us...')
#3 C:\Ampps\www\maintex\system\Database\BaseBuilder.php(1771): CodeIgniter\Database\BaseConnection->query('INSERT INTO `us...', Array, false)
#4 C:\Ampps\www\maintex\app\Models\BaseModel.php(25): CodeIgniter\Database\BaseBuilder->insert(Array)
#5 C:\Ampps\www\maintex\app\Controllers\Administration.php(85): App\Models\BaseModel->insert_table('user_profile_pr...', Array)
#6 C:\Ampps\www\maintex\app\Controllers\Administration.php(63): App\Controllers\Administration->user_profile_menu_insert(3, '100', '1', '0', '0', '0')
#7 C:\Ampps\www\maintex\system\CodeIgniter.php(832): App\Controllers\Administration->user_profile_save()
#8 C:\Ampps\www\maintex\system\CodeIgniter.php(419): CodeIgniter\CodeIgniter->runController(Object(App\Controllers\Administration))
#9 C:\Ampps\www\maintex\system\CodeIgniter.php(326): CodeIgniter\CodeIgniter->handleRequest(NULL, Object(Config\Cache), false)
#10 C:\Ampps\www\maintex\index.php(37): CodeIgniter\CodeIgniter->run()
#11 {main}
INFO - 2022-04-08 06:57:21 --> Session: Class initialized using 'CodeIgniter\Session\Handlers\FileHandler' driver.
INFO - 2022-04-08 06:57:21 --> Session: Class initialized using 'CodeIgniter\Session\Handlers\FileHandler' driver.
INFO - 2022-04-08 07:03:37 --> Session: Class initialized using 'CodeIgniter\Session\Handlers\FileHandler' driver.
INFO - 2022-04-08 07:03:43 --> Session: Class initialized using 'CodeIgniter\Session\Handlers\FileHandler' driver.
INFO - 2022-04-08 07:04:08 --> Session: Class initialized using 'CodeIgniter\Session\Handlers\FileHandler' driver.
INFO - 2022-04-08 07:04:14 --> Session: Class initialized using 'CodeIgniter\Session\Handlers\FileHandler' driver.
INFO - 2022-04-08 07:04:17 --> Session: Class initialized using 'CodeIgniter\Session\Handlers\FileHandler' driver.
INFO - 2022-04-08 07:06:07 --> Session: Class initialized using 'CodeIgniter\Session\Handlers\FileHandler' driver.
INFO - 2022-04-08 10:08:03 --> Session: Class initialized using 'CodeIgniter\Session\Handlers\FileHandler' driver.
INFO - 2022-04-08 10:08:03 --> Session: Class initialized using 'CodeIgniter\Session\Handlers\FileHandler' driver.
INFO - 2022-04-08 10:08:08 --> Session: Class initialized using 'CodeIgniter\Session\Handlers\FileHandler' driver.
INFO - 2022-04-08 10:08:09 --> Session: Class initialized using 'CodeIgniter\Session\Handlers\FileHandler' driver.
INFO - 2022-04-08 10:08:15 --> Session: Class initialized using 'CodeIgniter\Session\Handlers\FileHandler' driver.
INFO - 2022-04-08 10:08:53 --> Session: Class initialized using 'CodeIgniter\Session\Handlers\FileHandler' driver.
INFO - 2022-04-08 10:09:11 --> Session: Class initialized using 'CodeIgniter\Session\Handlers\FileHandler' driver.
INFO - 2022-04-08 10:14:03 --> Session: Class initialized using 'CodeIgniter\Session\Handlers\FileHandler' driver.
INFO - 2022-04-08 10:26:55 --> Session: Class initialized using 'CodeIgniter\Session\Handlers\FileHandler' driver.
INFO - 2022-04-08 11:16:24 --> Session: Class initialized using 'CodeIgniter\Session\Handlers\FileHandler' driver.
CRITICAL - 2022-04-08 11:16:24 --> Too few arguments to function App\Models\AdminModel::get_menu_profil(), 0 passed in C:\Ampps\www\maintex\app\Controllers\Administration.php on line 32 and exactly 1 expected
#0 C:\Ampps\www\maintex\app\Controllers\Administration.php(32): App\Models\AdminModel->get_menu_profil()
#1 C:\Ampps\www\maintex\system\CodeIgniter.php(832): App\Controllers\Administration->user_profile_edit()
#2 C:\Ampps\www\maintex\system\CodeIgniter.php(419): CodeIgniter\CodeIgniter->runController(Object(App\Controllers\Administration))
#3 C:\Ampps\www\maintex\system\CodeIgniter.php(326): CodeIgniter\CodeIgniter->handleRequest(NULL, Object(Config\Cache), false)
#4 C:\Ampps\www\maintex\index.php(37): CodeIgniter\CodeIgniter->run()
#5 {main}
INFO - 2022-04-08 11:16:28 --> Session: Class initialized using 'CodeIgniter\Session\Handlers\FileHandler' driver.
INFO - 2022-04-08 11:16:38 --> Session: Class initialized using 'CodeIgniter\Session\Handlers\FileHandler' driver.
CRITICAL - 2022-04-08 11:16:38 --> Too few arguments to function App\Models\AdminModel::get_menu_profil(), 0 passed in C:\Ampps\www\maintex\app\Controllers\Administration.php on line 32 and exactly 1 expected
#0 C:\Ampps\www\maintex\app\Controllers\Administration.php(32): App\Models\AdminModel->get_menu_profil()
#1 C:\Ampps\www\maintex\system\CodeIgniter.php(832): App\Controllers\Administration->user_profile_edit()
#2 C:\Ampps\www\maintex\system\CodeIgniter.php(419): CodeIgniter\CodeIgniter->runController(Object(App\Controllers\Administration))
#3 C:\Ampps\www\maintex\system\CodeIgniter.php(326): CodeIgniter\CodeIgniter->handleRequest(NULL, Object(Config\Cache), false)
#4 C:\Ampps\www\maintex\index.php(37): CodeIgniter\CodeIgniter->run()
#5 {main}
INFO - 2022-04-08 11:17:38 --> Session: Class initialized using 'CodeIgniter\Session\Handlers\FileHandler' driver.
ERROR - 2022-04-08 11:17:38 --> You have an error in your SQL syntax; check the manual that corresponds to your MySQL server version for the right syntax to use near ')
FROM `menu` `m`
LEFT JOIN `menu` `ml1` ON `m`.`menu_id_parent` = `ml1`.`menu_i' at line 1
CRITICAL - 2022-04-08 11:17:38 --> You have an error in your SQL syntax; check the manual that corresponds to your MySQL server version for the right syntax to use near ')
FROM `menu` `m`
LEFT JOIN `menu` `ml1` ON `m`.`menu_id_parent` = `ml1`.`menu_i' at line 1
#0 C:\Ampps\www\maintex\system\Database\MySQLi\Connection.php(292): mysqli->query('SELECT `m`.*, `...', 0)
#1 C:\Ampps\www\maintex\system\Database\BaseConnection.php(670): CodeIgniter\Database\MySQLi\Connection->execute('SELECT `m`.*, `...')
#2 C:\Ampps\www\maintex\system\Database\BaseConnection.php(598): CodeIgniter\Database\BaseConnection->simpleQuery('SELECT `m`.*, `...')
#3 C:\Ampps\www\maintex\system\Database\BaseBuilder.php(1455): CodeIgniter\Database\BaseConnection->query('SELECT `m`.*, `...', Array, false)
#4 C:\Ampps\www\maintex\app\Models\AdminModel.php(32): CodeIgniter\Database\BaseBuilder->get()
#5 C:\Ampps\www\maintex\app\Controllers\Administration.php(32): App\Models\AdminModel->get_menu_profil('2')
#6 C:\Ampps\www\maintex\system\CodeIgniter.php(832): App\Controllers\Administration->user_profile_edit()
#7 C:\Ampps\www\maintex\system\CodeIgniter.php(419): CodeIgniter\CodeIgniter->runController(Object(App\Controllers\Administration))
#8 C:\Ampps\www\maintex\system\CodeIgniter.php(326): CodeIgniter\CodeIgniter->handleRequest(NULL, Object(Config\Cache), false)
#9 C:\Ampps\www\maintex\index.php(37): CodeIgniter\CodeIgniter->run()
#10 {main}
INFO - 2022-04-08 11:19:12 --> Session: Class initialized using 'CodeIgniter\Session\Handlers\FileHandler' driver.
INFO - 2022-04-08 11:20:46 --> Session: Class initialized using 'CodeIgniter\Session\Handlers\FileHandler' driver.
INFO - 2022-04-08 11:20:57 --> Session: Class initialized using 'CodeIgniter\Session\Handlers\FileHandler' driver.
INFO - 2022-04-08 11:25:59 --> Session: Class initialized using 'CodeIgniter\Session\Handlers\FileHandler' driver.
INFO - 2022-04-08 11:43:29 --> Session: Class initialized using 'CodeIgniter\Session\Handlers\FileHandler' driver.
INFO - 2022-04-08 11:43:36 --> Session: Class initialized using 'CodeIgniter\Session\Handlers\FileHandler' driver.
=======
INFO - 2022-04-08 03:36:13 --> Session: Class initialized using 'CodeIgniter\Session\Handlers\FileHandler' driver.
INFO - 2022-04-08 03:36:24 --> Session: Class initialized using 'CodeIgniter\Session\Handlers\FileHandler' driver.
INFO - 2022-04-08 03:36:25 --> Session: Class initialized using 'CodeIgniter\Session\Handlers\FileHandler' driver.
INFO - 2022-04-08 03:43:47 --> Session: Class initialized using 'CodeIgniter\Session\Handlers\FileHandler' driver.
INFO - 2022-04-08 04:39:38 --> Session: Class initialized using 'CodeIgniter\Session\Handlers\FileHandler' driver.
INFO - 2022-04-08 04:39:49 --> Session: Class initialized using 'CodeIgniter\Session\Handlers\FileHandler' driver.
INFO - 2022-04-08 04:39:55 --> Session: Class initialized using 'CodeIgniter\Session\Handlers\FileHandler' driver.
INFO - 2022-04-08 04:41:25 --> Session: Class initialized using 'CodeIgniter\Session\Handlers\FileHandler' driver.
INFO - 2022-04-08 04:41:25 --> Session: Class initialized using 'CodeIgniter\Session\Handlers\FileHandler' driver.
INFO - 2022-04-08 04:41:30 --> Session: Class initialized using 'CodeIgniter\Session\Handlers\FileHandler' driver.
INFO - 2022-04-08 04:41:37 --> Session: Class initialized using 'CodeIgniter\Session\Handlers\FileHandler' driver.
INFO - 2022-04-08 04:41:38 --> Session: Class initialized using 'CodeIgniter\Session\Handlers\FileHandler' driver.
INFO - 2022-04-08 04:41:38 --> Session: Class initialized using 'CodeIgniter\Session\Handlers\FileHandler' driver.
INFO - 2022-04-08 04:41:56 --> Session: Class initialized using 'CodeIgniter\Session\Handlers\FileHandler' driver.
INFO - 2022-04-08 05:23:57 --> Session: Class initialized using 'CodeIgniter\Session\Handlers\FileHandler' driver.
INFO - 2022-04-08 05:27:47 --> Session: Class initialized using 'CodeIgniter\Session\Handlers\FileHandler' driver.
INFO - 2022-04-08 05:27:56 --> Session: Class initialized using 'CodeIgniter\Session\Handlers\FileHandler' driver.
INFO - 2022-04-08 05:28:01 --> Session: Class initialized using 'CodeIgniter\Session\Handlers\FileHandler' driver.
INFO - 2022-04-08 05:28:07 --> Session: Class initialized using 'CodeIgniter\Session\Handlers\FileHandler' driver.
INFO - 2022-04-08 05:28:08 --> Session: Class initialized using 'CodeIgniter\Session\Handlers\FileHandler' driver.
INFO - 2022-04-08 05:28:08 --> Session: Class initialized using 'CodeIgniter\Session\Handlers\FileHandler' driver.
INFO - 2022-04-08 05:28:22 --> Session: Class initialized using 'CodeIgniter\Session\Handlers\FileHandler' driver.
INFO - 2022-04-08 05:28:22 --> Session: Class initialized using 'CodeIgniter\Session\Handlers\FileHandler' driver.
INFO - 2022-04-08 05:28:41 --> Session: Class initialized using 'CodeIgniter\Session\Handlers\FileHandler' driver.
INFO - 2022-04-08 05:28:49 --> Session: Class initialized using 'CodeIgniter\Session\Handlers\FileHandler' driver.
INFO - 2022-04-08 05:28:50 --> Session: Class initialized using 'CodeIgniter\Session\Handlers\FileHandler' driver.
INFO - 2022-04-08 05:28:50 --> Session: Class initialized using 'CodeIgniter\Session\Handlers\FileHandler' driver.
INFO - 2022-04-08 05:29:03 --> Session: Class initialized using 'CodeIgniter\Session\Handlers\FileHandler' driver.
INFO - 2022-04-08 05:35:41 --> Session: Class initialized using 'CodeIgniter\Session\Handlers\FileHandler' driver.
INFO - 2022-04-08 05:36:05 --> Session: Class initialized using 'CodeIgniter\Session\Handlers\FileHandler' driver.
INFO - 2022-04-08 05:36:13 --> Session: Class initialized using 'CodeIgniter\Session\Handlers\FileHandler' driver.
INFO - 2022-04-08 05:36:22 --> Session: Class initialized using 'CodeIgniter\Session\Handlers\FileHandler' driver.
INFO - 2022-04-08 05:36:26 --> Session: Class initialized using 'CodeIgniter\Session\Handlers\FileHandler' driver.
INFO - 2022-04-08 05:36:27 --> Session: Class initialized using 'CodeIgniter\Session\Handlers\FileHandler' driver.
INFO - 2022-04-08 05:36:28 --> Session: Class initialized using 'CodeIgniter\Session\Handlers\FileHandler' driver.
INFO - 2022-04-08 05:36:28 --> Session: Class initialized using 'CodeIgniter\Session\Handlers\FileHandler' driver.
INFO - 2022-04-08 05:36:34 --> Session: Class initialized using 'CodeIgniter\Session\Handlers\FileHandler' driver.
INFO - 2022-04-08 05:36:34 --> Session: Class initialized using 'CodeIgniter\Session\Handlers\FileHandler' driver.
INFO - 2022-04-08 05:36:44 --> Session: Class initialized using 'CodeIgniter\Session\Handlers\FileHandler' driver.
INFO - 2022-04-08 05:36:59 --> Session: Class initialized using 'CodeIgniter\Session\Handlers\FileHandler' driver.
INFO - 2022-04-08 05:37:00 --> Session: Class initialized using 'CodeIgniter\Session\Handlers\FileHandler' driver.
INFO - 2022-04-08 05:37:00 --> Session: Class initialized using 'CodeIgniter\Session\Handlers\FileHandler' driver.
INFO - 2022-04-08 05:37:13 --> Session: Class initialized using 'CodeIgniter\Session\Handlers\FileHandler' driver.
INFO - 2022-04-08 05:37:35 --> Session: Class initialized using 'CodeIgniter\Session\Handlers\FileHandler' driver.
INFO - 2022-04-08 05:44:20 --> Session: Class initialized using 'CodeIgniter\Session\Handlers\FileHandler' driver.
INFO - 2022-04-08 05:44:35 --> Session: Class initialized using 'CodeIgniter\Session\Handlers\FileHandler' driver.
INFO - 2022-04-08 05:44:43 --> Session: Class initialized using 'CodeIgniter\Session\Handlers\FileHandler' driver.
INFO - 2022-04-08 05:44:48 --> Session: Class initialized using 'CodeIgniter\Session\Handlers\FileHandler' driver.
INFO - 2022-04-08 05:44:49 --> Session: Class initialized using 'CodeIgniter\Session\Handlers\FileHandler' driver.
INFO - 2022-04-08 05:44:49 --> Session: Class initialized using 'CodeIgniter\Session\Handlers\FileHandler' driver.
INFO - 2022-04-08 05:44:49 --> Session: Class initialized using 'CodeIgniter\Session\Handlers\FileHandler' driver.
INFO - 2022-04-08 05:44:55 --> Session: Class initialized using 'CodeIgniter\Session\Handlers\FileHandler' driver.
INFO - 2022-04-08 05:44:56 --> Session: Class initialized using 'CodeIgniter\Session\Handlers\FileHandler' driver.
INFO - 2022-04-08 05:45:29 --> Session: Class initialized using 'CodeIgniter\Session\Handlers\FileHandler' driver.
INFO - 2022-04-08 05:45:37 --> Session: Class initialized using 'CodeIgniter\Session\Handlers\FileHandler' driver.
INFO - 2022-04-08 05:45:37 --> Session: Class initialized using 'CodeIgniter\Session\Handlers\FileHandler' driver.
INFO - 2022-04-08 05:45:38 --> Session: Class initialized using 'CodeIgniter\Session\Handlers\FileHandler' driver.
INFO - 2022-04-08 05:45:55 --> Session: Class initialized using 'CodeIgniter\Session\Handlers\FileHandler' driver.
INFO - 2022-04-08 05:46:07 --> Session: Class initialized using 'CodeIgniter\Session\Handlers\FileHandler' driver.
INFO - 2022-04-08 05:51:25 --> Session: Class initialized using 'CodeIgniter\Session\Handlers\FileHandler' driver.
INFO - 2022-04-08 05:51:56 --> Session: Class initialized using 'CodeIgniter\Session\Handlers\FileHandler' driver.
INFO - 2022-04-08 05:52:06 --> Session: Class initialized using 'CodeIgniter\Session\Handlers\FileHandler' driver.
INFO - 2022-04-08 05:52:09 --> Session: Class initialized using 'CodeIgniter\Session\Handlers\FileHandler' driver.
INFO - 2022-04-08 05:52:10 --> Session: Class initialized using 'CodeIgniter\Session\Handlers\FileHandler' driver.
INFO - 2022-04-08 05:52:10 --> Session: Class initialized using 'CodeIgniter\Session\Handlers\FileHandler' driver.
INFO - 2022-04-08 05:52:10 --> Session: Class initialized using 'CodeIgniter\Session\Handlers\FileHandler' driver.
INFO - 2022-04-08 05:52:10 --> Session: Class initialized using 'CodeIgniter\Session\Handlers\FileHandler' driver.
INFO - 2022-04-08 05:52:21 --> Session: Class initialized using 'CodeIgniter\Session\Handlers\FileHandler' driver.
INFO - 2022-04-08 05:52:21 --> Session: Class initialized using 'CodeIgniter\Session\Handlers\FileHandler' driver.
INFO - 2022-04-08 05:52:27 --> Session: Class initialized using 'CodeIgniter\Session\Handlers\FileHandler' driver.
INFO - 2022-04-08 05:52:41 --> Session: Class initialized using 'CodeIgniter\Session\Handlers\FileHandler' driver.
INFO - 2022-04-08 05:52:42 --> Session: Class initialized using 'CodeIgniter\Session\Handlers\FileHandler' driver.
INFO - 2022-04-08 05:52:42 --> Session: Class initialized using 'CodeIgniter\Session\Handlers\FileHandler' driver.
INFO - 2022-04-08 05:52:55 --> Session: Class initialized using 'CodeIgniter\Session\Handlers\FileHandler' driver.
INFO - 2022-04-08 05:54:10 --> Session: Class initialized using 'CodeIgniter\Session\Handlers\FileHandler' driver.
INFO - 2022-04-08 06:05:30 --> Session: Class initialized using 'CodeIgniter\Session\Handlers\FileHandler' driver.
INFO - 2022-04-08 06:40:59 --> Session: Class initialized using 'CodeIgniter\Session\Handlers\FileHandler' driver.
INFO - 2022-04-08 06:41:05 --> Session: Class initialized using 'CodeIgniter\Session\Handlers\FileHandler' driver.
INFO - 2022-04-08 06:41:10 --> Session: Class initialized using 'CodeIgniter\Session\Handlers\FileHandler' driver.
INFO - 2022-04-08 06:41:19 --> Session: Class initialized using 'CodeIgniter\Session\Handlers\FileHandler' driver.
INFO - 2022-04-08 06:41:24 --> Session: Class initialized using 'CodeIgniter\Session\Handlers\FileHandler' driver.
INFO - 2022-04-08 06:41:24 --> Session: Class initialized using 'CodeIgniter\Session\Handlers\FileHandler' driver.
INFO - 2022-04-08 06:41:24 --> Session: Class initialized using 'CodeIgniter\Session\Handlers\FileHandler' driver.
INFO - 2022-04-08 06:41:24 --> Session: Class initialized using 'CodeIgniter\Session\Handlers\FileHandler' driver.
INFO - 2022-04-08 06:41:28 --> Session: Class initialized using 'CodeIgniter\Session\Handlers\FileHandler' driver.
INFO - 2022-04-08 06:41:37 --> Session: Class initialized using 'CodeIgniter\Session\Handlers\FileHandler' driver.
INFO - 2022-04-08 06:41:37 --> Session: Class initialized using 'CodeIgniter\Session\Handlers\FileHandler' driver.
INFO - 2022-04-08 06:41:57 --> Session: Class initialized using 'CodeIgniter\Session\Handlers\FileHandler' driver.
INFO - 2022-04-08 06:42:04 --> Session: Class initialized using 'CodeIgniter\Session\Handlers\FileHandler' driver.
INFO - 2022-04-08 06:42:04 --> Session: Class initialized using 'CodeIgniter\Session\Handlers\FileHandler' driver.
INFO - 2022-04-08 06:42:05 --> Session: Class initialized using 'CodeIgniter\Session\Handlers\FileHandler' driver.
INFO - 2022-04-08 06:42:22 --> Session: Class initialized using 'CodeIgniter\Session\Handlers\FileHandler' driver.
INFO - 2022-04-08 06:43:13 --> Session: Class initialized using 'CodeIgniter\Session\Handlers\FileHandler' driver.
INFO - 2022-04-08 06:43:20 --> Session: Class initialized using 'CodeIgniter\Session\Handlers\FileHandler' driver.
INFO - 2022-04-08 07:02:45 --> Session: Class initialized using 'CodeIgniter\Session\Handlers\FileHandler' driver.
INFO - 2022-04-08 07:02:48 --> Session: Class initialized using 'CodeIgniter\Session\Handlers\FileHandler' driver.
INFO - 2022-04-08 07:21:09 --> Session: Class initialized using 'CodeIgniter\Session\Handlers\FileHandler' driver.
INFO - 2022-04-08 07:21:13 --> Session: Class initialized using 'CodeIgniter\Session\Handlers\FileHandler' driver.
INFO - 2022-04-08 07:22:35 --> Session: Class initialized using 'CodeIgniter\Session\Handlers\FileHandler' driver.
INFO - 2022-04-08 07:33:07 --> Session: Class initialized using 'CodeIgniter\Session\Handlers\FileHandler' driver.
INFO - 2022-04-08 07:33:11 --> Session: Class initialized using 'CodeIgniter\Session\Handlers\FileHandler' driver.
INFO - 2022-04-08 07:33:23 --> Session: Class initialized using 'CodeIgniter\Session\Handlers\FileHandler' driver.
INFO - 2022-04-08 07:33:33 --> Session: Class initialized using 'CodeIgniter\Session\Handlers\FileHandler' driver.
INFO - 2022-04-08 07:33:39 --> Session: Class initialized using 'CodeIgniter\Session\Handlers\FileHandler' driver.
INFO - 2022-04-08 07:33:45 --> Session: Class initialized using 'CodeIgniter\Session\Handlers\FileHandler' driver.
INFO - 2022-04-08 07:36:42 --> Session: Class initialized using 'CodeIgniter\Session\Handlers\FileHandler' driver.
INFO - 2022-04-08 07:36:46 --> Session: Class initialized using 'CodeIgniter\Session\Handlers\FileHandler' driver.
INFO - 2022-04-08 07:37:38 --> Session: Class initialized using 'CodeIgniter\Session\Handlers\FileHandler' driver.
INFO - 2022-04-08 07:37:41 --> Session: Class initialized using 'CodeIgniter\Session\Handlers\FileHandler' driver.
INFO - 2022-04-08 07:38:00 --> Session: Class initialized using 'CodeIgniter\Session\Handlers\FileHandler' driver.
INFO - 2022-04-08 07:38:03 --> Session: Class initialized using 'CodeIgniter\Session\Handlers\FileHandler' driver.
INFO - 2022-04-08 07:38:15 --> Session: Class initialized using 'CodeIgniter\Session\Handlers\FileHandler' driver.
INFO - 2022-04-08 07:38:21 --> Session: Class initialized using 'CodeIgniter\Session\Handlers\FileHandler' driver.
INFO - 2022-04-08 07:38:45 --> Session: Class initialized using 'CodeIgniter\Session\Handlers\FileHandler' driver.
INFO - 2022-04-08 07:38:45 --> Session: Class initialized using 'CodeIgniter\Session\Handlers\FileHandler' driver.
INFO - 2022-04-08 07:50:44 --> Session: Class initialized using 'CodeIgniter\Session\Handlers\FileHandler' driver.
INFO - 2022-04-08 07:50:50 --> Session: Class initialized using 'CodeIgniter\Session\Handlers\FileHandler' driver.
INFO - 2022-04-08 07:51:10 --> Session: Class initialized using 'CodeIgniter\Session\Handlers\FileHandler' driver.
INFO - 2022-04-08 07:51:10 --> Session: Class initialized using 'CodeIgniter\Session\Handlers\FileHandler' driver.
INFO - 2022-04-08 07:51:11 --> Session: Class initialized using 'CodeIgniter\Session\Handlers\FileHandler' driver.
INFO - 2022-04-08 07:51:50 --> Session: Class initialized using 'CodeIgniter\Session\Handlers\FileHandler' driver.
INFO - 2022-04-08 07:52:04 --> Session: Class initialized using 'CodeIgniter\Session\Handlers\FileHandler' driver.
INFO - 2022-04-08 07:52:08 --> Session: Class initialized using 'CodeIgniter\Session\Handlers\FileHandler' driver.
INFO - 2022-04-08 07:53:16 --> Session: Class initialized using 'CodeIgniter\Session\Handlers\FileHandler' driver.
INFO - 2022-04-08 07:53:19 --> Session: Class initialized using 'CodeIgniter\Session\Handlers\FileHandler' driver.
INFO - 2022-04-08 07:54:12 --> Session: Class initialized using 'CodeIgniter\Session\Handlers\FileHandler' driver.
INFO - 2022-04-08 07:54:24 --> Session: Class initialized using 'CodeIgniter\Session\Handlers\FileHandler' driver.
INFO - 2022-04-08 07:54:34 --> Session: Class initialized using 'CodeIgniter\Session\Handlers\FileHandler' driver.
INFO - 2022-04-08 11:12:19 --> Session: Class initialized using 'CodeIgniter\Session\Handlers\FileHandler' driver.
INFO - 2022-04-08 11:12:19 --> Session: Class initialized using 'CodeIgniter\Session\Handlers\FileHandler' driver.
INFO - 2022-04-08 11:12:35 --> Session: Class initialized using 'CodeIgniter\Session\Handlers\FileHandler' driver.
INFO - 2022-04-08 11:12:35 --> Session: Class initialized using 'CodeIgniter\Session\Handlers\FileHandler' driver.
INFO - 2022-04-08 11:13:28 --> Session: Class initialized using 'CodeIgniter\Session\Handlers\FileHandler' driver.
INFO - 2022-04-08 11:13:36 --> Session: Class initialized using 'CodeIgniter\Session\Handlers\FileHandler' driver.
INFO - 2022-04-08 11:13:54 --> Session: Class initialized using 'CodeIgniter\Session\Handlers\FileHandler' driver.
INFO - 2022-04-08 11:13:54 --> Session: Class initialized using 'CodeIgniter\Session\Handlers\FileHandler' driver.
INFO - 2022-04-08 11:13:54 --> Session: Class initialized using 'CodeIgniter\Session\Handlers\FileHandler' driver.
INFO - 2022-04-08 11:14:00 --> Session: Class initialized using 'CodeIgniter\Session\Handlers\FileHandler' driver.
INFO - 2022-04-08 11:14:17 --> Session: Class initialized using 'CodeIgniter\Session\Handlers\FileHandler' driver.
INFO - 2022-04-08 11:14:42 --> Session: Class initialized using 'CodeIgniter\Session\Handlers\FileHandler' driver.
INFO - 2022-04-08 11:14:42 --> Session: Class initialized using 'CodeIgniter\Session\Handlers\FileHandler' driver.
INFO - 2022-04-08 11:14:45 --> Session: Class initialized using 'CodeIgniter\Session\Handlers\FileHandler' driver.
INFO - 2022-04-08 11:14:47 --> Session: Class initialized using 'CodeIgniter\Session\Handlers\FileHandler' driver.
INFO - 2022-04-08 11:14:52 --> Session: Class initialized using 'CodeIgniter\Session\Handlers\FileHandler' driver.
INFO - 2022-04-08 11:15:02 --> Session: Class initialized using 'CodeIgniter\Session\Handlers\FileHandler' driver.
INFO - 2022-04-08 11:15:05 --> Session: Class initialized using 'CodeIgniter\Session\Handlers\FileHandler' driver.
INFO - 2022-04-08 11:15:39 --> Session: Class initialized using 'CodeIgniter\Session\Handlers\FileHandler' driver.
INFO - 2022-04-08 11:16:38 --> Session: Class initialized using 'CodeIgniter\Session\Handlers\FileHandler' driver.
INFO - 2022-04-08 11:35:23 --> Session: Class initialized using 'CodeIgniter\Session\Handlers\FileHandler' driver.
INFO - 2022-04-08 11:36:37 --> Session: Class initialized using 'CodeIgniter\Session\Handlers\FileHandler' driver.
INFO - 2022-04-08 11:36:41 --> Session: Class initialized using 'CodeIgniter\Session\Handlers\FileHandler' driver.
CRITICAL - 2022-04-08 11:36:41 --> Invalid file: parametres/intervention/meter_unit_new.php
#0 C:\xampp\htdocs\maintex\system\View\View.php(198): CodeIgniter\Exceptions\FrameworkException::forInvalidFile('parametres/inte...')
#1 C:\xampp\htdocs\maintex\system\Common.php(1089): CodeIgniter\View\View->render('parametres/inte...', Array, true)
#2 C:\xampp\htdocs\maintex\app\Controllers\parametres\Meter.php(27): view('parametres/inte...', Array)
#3 C:\xampp\htdocs\maintex\system\CodeIgniter.php(832): App\Controllers\parametres\Meter->meter_unit_new()
#4 C:\xampp\htdocs\maintex\system\CodeIgniter.php(419): CodeIgniter\CodeIgniter->runController(Object(App\Controllers\parametres\Meter))
#5 C:\xampp\htdocs\maintex\system\CodeIgniter.php(326): CodeIgniter\CodeIgniter->handleRequest(NULL, Object(Config\Cache), false)
#6 C:\xampp\htdocs\maintex\index.php(37): CodeIgniter\CodeIgniter->run()
#7 {main}
INFO - 2022-04-08 11:36:43 --> Session: Class initialized using 'CodeIgniter\Session\Handlers\FileHandler' driver.
CRITICAL - 2022-04-08 11:36:43 --> Invalid file: parametres/intervention/meter_unit_new.php
#0 C:\xampp\htdocs\maintex\system\View\View.php(198): CodeIgniter\Exceptions\FrameworkException::forInvalidFile('parametres/inte...')
#1 C:\xampp\htdocs\maintex\system\Common.php(1089): CodeIgniter\View\View->render('parametres/inte...', Array, true)
#2 C:\xampp\htdocs\maintex\app\Controllers\parametres\Meter.php(27): view('parametres/inte...', Array)
#3 C:\xampp\htdocs\maintex\system\CodeIgniter.php(832): App\Controllers\parametres\Meter->meter_unit_new()
#4 C:\xampp\htdocs\maintex\system\CodeIgniter.php(419): CodeIgniter\CodeIgniter->runController(Object(App\Controllers\parametres\Meter))
#5 C:\xampp\htdocs\maintex\system\CodeIgniter.php(326): CodeIgniter\CodeIgniter->handleRequest(NULL, Object(Config\Cache), false)
#6 C:\xampp\htdocs\maintex\index.php(37): CodeIgniter\CodeIgniter->run()
#7 {main}
INFO - 2022-04-08 11:37:27 --> Session: Class initialized using 'CodeIgniter\Session\Handlers\FileHandler' driver.
INFO - 2022-04-08 11:37:30 --> Session: Class initialized using 'CodeIgniter\Session\Handlers\FileHandler' driver.
CRITICAL - 2022-04-08 11:37:30 --> Invalid file: parametres/intervention/meter_unit_new.php
#0 C:\xampp\htdocs\maintex\system\View\View.php(198): CodeIgniter\Exceptions\FrameworkException::forInvalidFile('parametres/inte...')
#1 C:\xampp\htdocs\maintex\system\Common.php(1089): CodeIgniter\View\View->render('parametres/inte...', Array, true)
#2 C:\xampp\htdocs\maintex\app\Controllers\parametres\Meter.php(27): view('parametres/inte...', Array)
#3 C:\xampp\htdocs\maintex\system\CodeIgniter.php(832): App\Controllers\parametres\Meter->meter_unit_new()
#4 C:\xampp\htdocs\maintex\system\CodeIgniter.php(419): CodeIgniter\CodeIgniter->runController(Object(App\Controllers\parametres\Meter))
#5 C:\xampp\htdocs\maintex\system\CodeIgniter.php(326): CodeIgniter\CodeIgniter->handleRequest(NULL, Object(Config\Cache), false)
#6 C:\xampp\htdocs\maintex\index.php(37): CodeIgniter\CodeIgniter->run()
#7 {main}
INFO - 2022-04-08 11:37:39 --> Session: Class initialized using 'CodeIgniter\Session\Handlers\FileHandler' driver.
INFO - 2022-04-08 11:37:39 --> Session: Class initialized using 'CodeIgniter\Session\Handlers\FileHandler' driver.
INFO - 2022-04-08 11:37:39 --> Session: Class initialized using 'CodeIgniter\Session\Handlers\FileHandler' driver.
CRITICAL - 2022-04-08 11:37:39 --> Invalid file: parametres/intervention/meter_unit_new.php
#0 C:\xampp\htdocs\maintex\system\View\View.php(198): CodeIgniter\Exceptions\FrameworkException::forInvalidFile('parametres/inte...')
#1 C:\xampp\htdocs\maintex\system\Common.php(1089): CodeIgniter\View\View->render('parametres/inte...', Array, true)
#2 C:\xampp\htdocs\maintex\app\Controllers\parametres\Meter.php(27): view('parametres/inte...', Array)
#3 C:\xampp\htdocs\maintex\system\CodeIgniter.php(832): App\Controllers\parametres\Meter->meter_unit_new()
#4 C:\xampp\htdocs\maintex\system\CodeIgniter.php(419): CodeIgniter\CodeIgniter->runController(Object(App\Controllers\parametres\Meter))
#5 C:\xampp\htdocs\maintex\system\CodeIgniter.php(326): CodeIgniter\CodeIgniter->handleRequest(NULL, Object(Config\Cache), false)
#6 C:\xampp\htdocs\maintex\index.php(37): CodeIgniter\CodeIgniter->run()
#7 {main}
INFO - 2022-04-08 11:39:38 --> Session: Class initialized using 'CodeIgniter\Session\Handlers\FileHandler' driver.
INFO - 2022-04-08 11:39:41 --> Session: Class initialized using 'CodeIgniter\Session\Handlers\FileHandler' driver.
INFO - 2022-04-08 11:39:41 --> Session: Class initialized using 'CodeIgniter\Session\Handlers\FileHandler' driver.
INFO - 2022-04-08 11:39:44 --> Session: Class initialized using 'CodeIgniter\Session\Handlers\FileHandler' driver.
INFO - 2022-04-08 11:40:10 --> Session: Class initialized using 'CodeIgniter\Session\Handlers\FileHandler' driver.
INFO - 2022-04-08 11:40:15 --> Session: Class initialized using 'CodeIgniter\Session\Handlers\FileHandler' driver.
INFO - 2022-04-08 11:40:30 --> Session: Class initialized using 'CodeIgniter\Session\Handlers\FileHandler' driver.
INFO - 2022-04-08 11:40:30 --> Session: Class initialized using 'CodeIgniter\Session\Handlers\FileHandler' driver.
INFO - 2022-04-08 11:40:35 --> Session: Class initialized using 'CodeIgniter\Session\Handlers\FileHandler' driver.
INFO - 2022-04-08 11:40:45 --> Session: Class initialized using 'CodeIgniter\Session\Handlers\FileHandler' driver.
INFO - 2022-04-08 11:40:45 --> Session: Class initialized using 'CodeIgniter\Session\Handlers\FileHandler' driver.
INFO - 2022-04-08 11:40:46 --> Session: Class initialized using 'CodeIgniter\Session\Handlers\FileHandler' driver.
INFO - 2022-04-08 11:41:03 --> Session: Class initialized using 'CodeIgniter\Session\Handlers\FileHandler' driver.
>>>>>>> 5cb532a59bc8878f5d223c578838bab7e922872c
