<<<<<<< HEAD
INFO - 2022-04-04 03:31:00 --> Session: Class initialized using 'CodeIgniter\Session\Handlers\FileHandler' driver.
INFO - 2022-04-04 03:33:48 --> Session: Class initialized using 'CodeIgniter\Session\Handlers\FileHandler' driver.
INFO - 2022-04-04 03:34:13 --> Session: Class initialized using 'CodeIgniter\Session\Handlers\FileHandler' driver.
INFO - 2022-04-04 06:34:52 --> Session: Class initialized using 'CodeIgniter\Session\Handlers\FileHandler' driver.
INFO - 2022-04-04 06:34:53 --> Session: Class initialized using 'CodeIgniter\Session\Handlers\FileHandler' driver.
INFO - 2022-04-04 07:13:26 --> Session: Class initialized using 'CodeIgniter\Session\Handlers\FileHandler' driver.
INFO - 2022-04-04 07:38:31 --> Session: Class initialized using 'CodeIgniter\Session\Handlers\FileHandler' driver.
INFO - 2022-04-04 07:40:17 --> Session: Class initialized using 'CodeIgniter\Session\Handlers\FileHandler' driver.
INFO - 2022-04-04 07:40:17 --> Session: Class initialized using 'CodeIgniter\Session\Handlers\FileHandler' driver.
INFO - 2022-04-04 07:40:35 --> Session: Class initialized using 'CodeIgniter\Session\Handlers\FileHandler' driver.
INFO - 2022-04-04 07:40:35 --> Session: Class initialized using 'CodeIgniter\Session\Handlers\FileHandler' driver.
INFO - 2022-04-04 07:40:40 --> Session: Class initialized using 'CodeIgniter\Session\Handlers\FileHandler' driver.
INFO - 2022-04-04 07:40:40 --> Session: Class initialized using 'CodeIgniter\Session\Handlers\FileHandler' driver.
INFO - 2022-04-04 07:41:33 --> Session: Class initialized using 'CodeIgniter\Session\Handlers\FileHandler' driver.
INFO - 2022-04-04 07:41:33 --> Session: Class initialized using 'CodeIgniter\Session\Handlers\FileHandler' driver.
INFO - 2022-04-04 10:10:18 --> Session: Class initialized using 'CodeIgniter\Session\Handlers\FileHandler' driver.
INFO - 2022-04-04 10:10:18 --> Session: Class initialized using 'CodeIgniter\Session\Handlers\FileHandler' driver.
INFO - 2022-04-04 10:10:22 --> Session: Class initialized using 'CodeIgniter\Session\Handlers\FileHandler' driver.
INFO - 2022-04-04 10:10:22 --> Session: Class initialized using 'CodeIgniter\Session\Handlers\FileHandler' driver.
INFO - 2022-04-04 10:10:52 --> Session: Class initialized using 'CodeIgniter\Session\Handlers\FileHandler' driver.
INFO - 2022-04-04 10:28:55 --> Session: Class initialized using 'CodeIgniter\Session\Handlers\FileHandler' driver.
INFO - 2022-04-04 10:28:55 --> Session: Class initialized using 'CodeIgniter\Session\Handlers\FileHandler' driver.
INFO - 2022-04-04 10:31:48 --> Session: Class initialized using 'CodeIgniter\Session\Handlers\FileHandler' driver.
INFO - 2022-04-04 10:31:54 --> Session: Class initialized using 'CodeIgniter\Session\Handlers\FileHandler' driver.
INFO - 2022-04-04 10:32:04 --> Session: Class initialized using 'CodeIgniter\Session\Handlers\FileHandler' driver.
INFO - 2022-04-04 10:32:34 --> Session: Class initialized using 'CodeIgniter\Session\Handlers\FileHandler' driver.
INFO - 2022-04-04 10:32:34 --> Session: Class initialized using 'CodeIgniter\Session\Handlers\FileHandler' driver.
INFO - 2022-04-04 10:36:07 --> Session: Class initialized using 'CodeIgniter\Session\Handlers\FileHandler' driver.
CRITICAL - 2022-04-04 10:36:07 --> Undefined property: CodeIgniter\View\View::$lang
#0 C:\Ampps\www\maintex\app\Views\users\profile.php(77): CodeIgniter\Debug\Exceptions->errorHandler(8, 'Undefined prope...', 'C:\\Ampps\\www\\ma...', 77, Array)
#1 C:\Ampps\www\maintex\system\View\View.php(210): include('C:\\Ampps\\www\\ma...')
#2 C:\Ampps\www\maintex\system\View\View.php(213): CodeIgniter\View\View->CodeIgniter\View\{closure}()
#3 C:\Ampps\www\maintex\system\Common.php(1089): CodeIgniter\View\View->render('users/profile', Array, true)
#4 C:\Ampps\www\maintex\app\Controllers\BaseController.php(153): view('users/profile', Array)
#5 C:\Ampps\www\maintex\app\Controllers\Users.php(16): App\Controllers\BaseController->load_view('users/profile')
#6 C:\Ampps\www\maintex\system\CodeIgniter.php(832): App\Controllers\Users->profile()
#7 C:\Ampps\www\maintex\system\CodeIgniter.php(419): CodeIgniter\CodeIgniter->runController(Object(App\Controllers\Users))
#8 C:\Ampps\www\maintex\system\CodeIgniter.php(326): CodeIgniter\CodeIgniter->handleRequest(NULL, Object(Config\Cache), false)
#9 C:\Ampps\www\maintex\index.php(37): CodeIgniter\CodeIgniter->run()
#10 {main}
INFO - 2022-04-04 10:57:26 --> Session: Class initialized using 'CodeIgniter\Session\Handlers\FileHandler' driver.
INFO - 2022-04-04 10:57:26 --> Session: Class initialized using 'CodeIgniter\Session\Handlers\FileHandler' driver.
INFO - 2022-04-04 10:58:35 --> Session: Class initialized using 'CodeIgniter\Session\Handlers\FileHandler' driver.
INFO - 2022-04-04 10:58:36 --> Session: Class initialized using 'CodeIgniter\Session\Handlers\FileHandler' driver.
INFO - 2022-04-04 10:59:15 --> Session: Class initialized using 'CodeIgniter\Session\Handlers\FileHandler' driver.
INFO - 2022-04-04 10:59:15 --> Session: Class initialized using 'CodeIgniter\Session\Handlers\FileHandler' driver.
INFO - 2022-04-04 11:02:56 --> Session: Class initialized using 'CodeIgniter\Session\Handlers\FileHandler' driver.
INFO - 2022-04-04 11:02:56 --> Session: Class initialized using 'CodeIgniter\Session\Handlers\FileHandler' driver.
INFO - 2022-04-04 11:07:03 --> Session: Class initialized using 'CodeIgniter\Session\Handlers\FileHandler' driver.
INFO - 2022-04-04 11:07:04 --> Session: Class initialized using 'CodeIgniter\Session\Handlers\FileHandler' driver.
INFO - 2022-04-04 12:07:22 --> Session: Class initialized using 'CodeIgniter\Session\Handlers\FileHandler' driver.
INFO - 2022-04-04 12:07:23 --> Session: Class initialized using 'CodeIgniter\Session\Handlers\FileHandler' driver.
INFO - 2022-04-04 12:09:52 --> Session: Class initialized using 'CodeIgniter\Session\Handlers\FileHandler' driver.
INFO - 2022-04-04 12:09:53 --> Session: Class initialized using 'CodeIgniter\Session\Handlers\FileHandler' driver.
INFO - 2022-04-04 12:11:35 --> Session: Class initialized using 'CodeIgniter\Session\Handlers\FileHandler' driver.
INFO - 2022-04-04 12:11:36 --> Session: Class initialized using 'CodeIgniter\Session\Handlers\FileHandler' driver.
INFO - 2022-04-04 12:14:44 --> Session: Class initialized using 'CodeIgniter\Session\Handlers\FileHandler' driver.
INFO - 2022-04-04 12:14:44 --> Session: Class initialized using 'CodeIgniter\Session\Handlers\FileHandler' driver.
INFO - 2022-04-04 12:17:46 --> Session: Class initialized using 'CodeIgniter\Session\Handlers\FileHandler' driver.
INFO - 2022-04-04 12:17:46 --> Session: Class initialized using 'CodeIgniter\Session\Handlers\FileHandler' driver.
INFO - 2022-04-04 12:18:19 --> Session: Class initialized using 'CodeIgniter\Session\Handlers\FileHandler' driver.
INFO - 2022-04-04 12:18:20 --> Session: Class initialized using 'CodeIgniter\Session\Handlers\FileHandler' driver.
INFO - 2022-04-04 12:19:51 --> Session: Class initialized using 'CodeIgniter\Session\Handlers\FileHandler' driver.
INFO - 2022-04-04 12:19:52 --> Session: Class initialized using 'CodeIgniter\Session\Handlers\FileHandler' driver.
INFO - 2022-04-04 12:29:05 --> Session: Class initialized using 'CodeIgniter\Session\Handlers\FileHandler' driver.
INFO - 2022-04-04 12:29:06 --> Session: Class initialized using 'CodeIgniter\Session\Handlers\FileHandler' driver.
INFO - 2022-04-04 12:42:25 --> Session: Class initialized using 'CodeIgniter\Session\Handlers\FileHandler' driver.
INFO - 2022-04-04 12:42:26 --> Session: Class initialized using 'CodeIgniter\Session\Handlers\FileHandler' driver.
INFO - 2022-04-04 12:42:50 --> Session: Class initialized using 'CodeIgniter\Session\Handlers\FileHandler' driver.
INFO - 2022-04-04 12:42:51 --> Session: Class initialized using 'CodeIgniter\Session\Handlers\FileHandler' driver.
INFO - 2022-04-04 12:51:34 --> Session: Class initialized using 'CodeIgniter\Session\Handlers\FileHandler' driver.
INFO - 2022-04-04 12:51:35 --> Session: Class initialized using 'CodeIgniter\Session\Handlers\FileHandler' driver.
=======
INFO - 2022-04-04 03:25:02 --> Session: Class initialized using 'CodeIgniter\Session\Handlers\FileHandler' driver.
INFO - 2022-04-04 03:25:39 --> Session: Class initialized using 'CodeIgniter\Session\Handlers\FileHandler' driver.
ERROR - 2022-04-04 03:25:41 --> Error connecting to the database: Access denied for user '****'@'localhost' (using password: YES)
CRITICAL - 2022-04-04 03:25:41 --> Unable to connect to the database.
Main connection [MySQLi]: Access denied for user '****'@'localhost' (using password: YES)
#0 C:\xampp\htdocs\maintex\system\Database\BaseConnection.php(577): CodeIgniter\Database\BaseConnection->initialize()
#1 C:\xampp\htdocs\maintex\system\Database\BaseBuilder.php(1455): CodeIgniter\Database\BaseConnection->query('SELECT `user`.*...', Array, false)
#2 C:\xampp\htdocs\maintex\app\Models\LoginModel.php(41): CodeIgniter\Database\BaseBuilder->get()
#3 C:\xampp\htdocs\maintex\app\Controllers\Login.php(26): App\Models\LoginModel->authenticate('admin', 'admin')
#4 C:\xampp\htdocs\maintex\system\CodeIgniter.php(832): App\Controllers\Login->check_login()
#5 C:\xampp\htdocs\maintex\system\CodeIgniter.php(419): CodeIgniter\CodeIgniter->runController(Object(App\Controllers\Login))
#6 C:\xampp\htdocs\maintex\system\CodeIgniter.php(326): CodeIgniter\CodeIgniter->handleRequest(NULL, Object(Config\Cache), false)
#7 C:\xampp\htdocs\maintex\index.php(37): CodeIgniter\CodeIgniter->run()
#8 {main}
INFO - 2022-04-04 03:26:05 --> Session: Class initialized using 'CodeIgniter\Session\Handlers\FileHandler' driver.
ERROR - 2022-04-04 03:26:05 --> Error connecting to the database: Access denied for user '****'@'localhost' (using password: YES)
CRITICAL - 2022-04-04 03:26:05 --> Unable to connect to the database.
Main connection [MySQLi]: Access denied for user '****'@'localhost' (using password: YES)
#0 C:\xampp\htdocs\maintex\system\Database\BaseConnection.php(577): CodeIgniter\Database\BaseConnection->initialize()
#1 C:\xampp\htdocs\maintex\system\Database\BaseBuilder.php(1455): CodeIgniter\Database\BaseConnection->query('SELECT `user`.*...', Array, false)
#2 C:\xampp\htdocs\maintex\app\Models\LoginModel.php(41): CodeIgniter\Database\BaseBuilder->get()
#3 C:\xampp\htdocs\maintex\app\Controllers\Login.php(26): App\Models\LoginModel->authenticate('admin', 'admin')
#4 C:\xampp\htdocs\maintex\system\CodeIgniter.php(832): App\Controllers\Login->check_login()
#5 C:\xampp\htdocs\maintex\system\CodeIgniter.php(419): CodeIgniter\CodeIgniter->runController(Object(App\Controllers\Login))
#6 C:\xampp\htdocs\maintex\system\CodeIgniter.php(326): CodeIgniter\CodeIgniter->handleRequest(NULL, Object(Config\Cache), false)
#7 C:\xampp\htdocs\maintex\index.php(37): CodeIgniter\CodeIgniter->run()
#8 {main}
INFO - 2022-04-04 03:26:09 --> Session: Class initialized using 'CodeIgniter\Session\Handlers\FileHandler' driver.
ERROR - 2022-04-04 03:26:09 --> Error connecting to the database: Access denied for user '****'@'localhost' (using password: YES)
CRITICAL - 2022-04-04 03:26:09 --> Unable to connect to the database.
Main connection [MySQLi]: Access denied for user '****'@'localhost' (using password: YES)
#0 C:\xampp\htdocs\maintex\system\Database\BaseConnection.php(577): CodeIgniter\Database\BaseConnection->initialize()
#1 C:\xampp\htdocs\maintex\system\Database\BaseBuilder.php(1455): CodeIgniter\Database\BaseConnection->query('SELECT `user`.*...', Array, false)
#2 C:\xampp\htdocs\maintex\app\Models\LoginModel.php(41): CodeIgniter\Database\BaseBuilder->get()
#3 C:\xampp\htdocs\maintex\app\Controllers\Login.php(26): App\Models\LoginModel->authenticate('admin', 'admin')
#4 C:\xampp\htdocs\maintex\system\CodeIgniter.php(832): App\Controllers\Login->check_login()
#5 C:\xampp\htdocs\maintex\system\CodeIgniter.php(419): CodeIgniter\CodeIgniter->runController(Object(App\Controllers\Login))
#6 C:\xampp\htdocs\maintex\system\CodeIgniter.php(326): CodeIgniter\CodeIgniter->handleRequest(NULL, Object(Config\Cache), false)
#7 C:\xampp\htdocs\maintex\index.php(37): CodeIgniter\CodeIgniter->run()
#8 {main}
INFO - 2022-04-04 03:26:09 --> Session: Class initialized using 'CodeIgniter\Session\Handlers\FileHandler' driver.
ERROR - 2022-04-04 03:26:09 --> Error connecting to the database: Access denied for user '****'@'localhost' (using password: YES)
CRITICAL - 2022-04-04 03:26:09 --> Unable to connect to the database.
Main connection [MySQLi]: Access denied for user '****'@'localhost' (using password: YES)
#0 C:\xampp\htdocs\maintex\system\Database\BaseConnection.php(577): CodeIgniter\Database\BaseConnection->initialize()
#1 C:\xampp\htdocs\maintex\system\Database\BaseBuilder.php(1455): CodeIgniter\Database\BaseConnection->query('SELECT `user`.*...', Array, false)
#2 C:\xampp\htdocs\maintex\app\Models\LoginModel.php(41): CodeIgniter\Database\BaseBuilder->get()
#3 C:\xampp\htdocs\maintex\app\Controllers\Login.php(26): App\Models\LoginModel->authenticate('admin', 'admin')
#4 C:\xampp\htdocs\maintex\system\CodeIgniter.php(832): App\Controllers\Login->check_login()
#5 C:\xampp\htdocs\maintex\system\CodeIgniter.php(419): CodeIgniter\CodeIgniter->runController(Object(App\Controllers\Login))
#6 C:\xampp\htdocs\maintex\system\CodeIgniter.php(326): CodeIgniter\CodeIgniter->handleRequest(NULL, Object(Config\Cache), false)
#7 C:\xampp\htdocs\maintex\index.php(37): CodeIgniter\CodeIgniter->run()
#8 {main}
INFO - 2022-04-04 03:26:09 --> Session: Class initialized using 'CodeIgniter\Session\Handlers\FileHandler' driver.
ERROR - 2022-04-04 03:26:09 --> Error connecting to the database: Access denied for user '****'@'localhost' (using password: YES)
CRITICAL - 2022-04-04 03:26:09 --> Unable to connect to the database.
Main connection [MySQLi]: Access denied for user '****'@'localhost' (using password: YES)
#0 C:\xampp\htdocs\maintex\system\Database\BaseConnection.php(577): CodeIgniter\Database\BaseConnection->initialize()
#1 C:\xampp\htdocs\maintex\system\Database\BaseBuilder.php(1455): CodeIgniter\Database\BaseConnection->query('SELECT `user`.*...', Array, false)
#2 C:\xampp\htdocs\maintex\app\Models\LoginModel.php(41): CodeIgniter\Database\BaseBuilder->get()
#3 C:\xampp\htdocs\maintex\app\Controllers\Login.php(26): App\Models\LoginModel->authenticate('admin', 'admin')
#4 C:\xampp\htdocs\maintex\system\CodeIgniter.php(832): App\Controllers\Login->check_login()
#5 C:\xampp\htdocs\maintex\system\CodeIgniter.php(419): CodeIgniter\CodeIgniter->runController(Object(App\Controllers\Login))
#6 C:\xampp\htdocs\maintex\system\CodeIgniter.php(326): CodeIgniter\CodeIgniter->handleRequest(NULL, Object(Config\Cache), false)
#7 C:\xampp\htdocs\maintex\index.php(37): CodeIgniter\CodeIgniter->run()
#8 {main}
INFO - 2022-04-04 03:26:12 --> Session: Class initialized using 'CodeIgniter\Session\Handlers\FileHandler' driver.
ERROR - 2022-04-04 03:26:12 --> Error connecting to the database: Access denied for user '****'@'localhost' (using password: YES)
CRITICAL - 2022-04-04 03:26:12 --> Unable to connect to the database.
Main connection [MySQLi]: Access denied for user '****'@'localhost' (using password: YES)
#0 C:\xampp\htdocs\maintex\system\Database\BaseConnection.php(577): CodeIgniter\Database\BaseConnection->initialize()
#1 C:\xampp\htdocs\maintex\system\Database\BaseBuilder.php(1455): CodeIgniter\Database\BaseConnection->query('SELECT `user`.*...', Array, false)
#2 C:\xampp\htdocs\maintex\app\Models\LoginModel.php(41): CodeIgniter\Database\BaseBuilder->get()
#3 C:\xampp\htdocs\maintex\app\Controllers\Login.php(26): App\Models\LoginModel->authenticate('admin', 'admin')
#4 C:\xampp\htdocs\maintex\system\CodeIgniter.php(832): App\Controllers\Login->check_login()
#5 C:\xampp\htdocs\maintex\system\CodeIgniter.php(419): CodeIgniter\CodeIgniter->runController(Object(App\Controllers\Login))
#6 C:\xampp\htdocs\maintex\system\CodeIgniter.php(326): CodeIgniter\CodeIgniter->handleRequest(NULL, Object(Config\Cache), false)
#7 C:\xampp\htdocs\maintex\index.php(37): CodeIgniter\CodeIgniter->run()
#8 {main}
INFO - 2022-04-04 03:26:13 --> Session: Class initialized using 'CodeIgniter\Session\Handlers\FileHandler' driver.
ERROR - 2022-04-04 03:26:13 --> Error connecting to the database: Access denied for user '****'@'localhost' (using password: YES)
CRITICAL - 2022-04-04 03:26:13 --> Unable to connect to the database.
Main connection [MySQLi]: Access denied for user '****'@'localhost' (using password: YES)
#0 C:\xampp\htdocs\maintex\system\Database\BaseConnection.php(577): CodeIgniter\Database\BaseConnection->initialize()
#1 C:\xampp\htdocs\maintex\system\Database\BaseBuilder.php(1455): CodeIgniter\Database\BaseConnection->query('SELECT `user`.*...', Array, false)
#2 C:\xampp\htdocs\maintex\app\Models\LoginModel.php(41): CodeIgniter\Database\BaseBuilder->get()
#3 C:\xampp\htdocs\maintex\app\Controllers\Login.php(26): App\Models\LoginModel->authenticate('admin', 'admin')
#4 C:\xampp\htdocs\maintex\system\CodeIgniter.php(832): App\Controllers\Login->check_login()
#5 C:\xampp\htdocs\maintex\system\CodeIgniter.php(419): CodeIgniter\CodeIgniter->runController(Object(App\Controllers\Login))
#6 C:\xampp\htdocs\maintex\system\CodeIgniter.php(326): CodeIgniter\CodeIgniter->handleRequest(NULL, Object(Config\Cache), false)
#7 C:\xampp\htdocs\maintex\index.php(37): CodeIgniter\CodeIgniter->run()
#8 {main}
INFO - 2022-04-04 03:26:13 --> Session: Class initialized using 'CodeIgniter\Session\Handlers\FileHandler' driver.
ERROR - 2022-04-04 03:26:13 --> Error connecting to the database: Access denied for user '****'@'localhost' (using password: YES)
CRITICAL - 2022-04-04 03:26:13 --> Unable to connect to the database.
Main connection [MySQLi]: Access denied for user '****'@'localhost' (using password: YES)
#0 C:\xampp\htdocs\maintex\system\Database\BaseConnection.php(577): CodeIgniter\Database\BaseConnection->initialize()
#1 C:\xampp\htdocs\maintex\system\Database\BaseBuilder.php(1455): CodeIgniter\Database\BaseConnection->query('SELECT `user`.*...', Array, false)
#2 C:\xampp\htdocs\maintex\app\Models\LoginModel.php(41): CodeIgniter\Database\BaseBuilder->get()
#3 C:\xampp\htdocs\maintex\app\Controllers\Login.php(26): App\Models\LoginModel->authenticate('admin', 'admin')
#4 C:\xampp\htdocs\maintex\system\CodeIgniter.php(832): App\Controllers\Login->check_login()
#5 C:\xampp\htdocs\maintex\system\CodeIgniter.php(419): CodeIgniter\CodeIgniter->runController(Object(App\Controllers\Login))
#6 C:\xampp\htdocs\maintex\system\CodeIgniter.php(326): CodeIgniter\CodeIgniter->handleRequest(NULL, Object(Config\Cache), false)
#7 C:\xampp\htdocs\maintex\index.php(37): CodeIgniter\CodeIgniter->run()
#8 {main}
INFO - 2022-04-04 03:26:23 --> Session: Class initialized using 'CodeIgniter\Session\Handlers\FileHandler' driver.
INFO - 2022-04-04 03:26:29 --> Session: Class initialized using 'CodeIgniter\Session\Handlers\FileHandler' driver.
ERROR - 2022-04-04 03:26:29 --> Error connecting to the database: Access denied for user '****'@'localhost' (using password: YES)
CRITICAL - 2022-04-04 03:26:29 --> Unable to connect to the database.
Main connection [MySQLi]: Access denied for user '****'@'localhost' (using password: YES)
#0 C:\xampp\htdocs\maintex\system\Database\BaseConnection.php(577): CodeIgniter\Database\BaseConnection->initialize()
#1 C:\xampp\htdocs\maintex\system\Database\BaseBuilder.php(1455): CodeIgniter\Database\BaseConnection->query('SELECT `user`.*...', Array, false)
#2 C:\xampp\htdocs\maintex\app\Models\LoginModel.php(41): CodeIgniter\Database\BaseBuilder->get()
#3 C:\xampp\htdocs\maintex\app\Controllers\Login.php(26): App\Models\LoginModel->authenticate('admin', 'admin')
#4 C:\xampp\htdocs\maintex\system\CodeIgniter.php(832): App\Controllers\Login->check_login()
#5 C:\xampp\htdocs\maintex\system\CodeIgniter.php(419): CodeIgniter\CodeIgniter->runController(Object(App\Controllers\Login))
#6 C:\xampp\htdocs\maintex\system\CodeIgniter.php(326): CodeIgniter\CodeIgniter->handleRequest(NULL, Object(Config\Cache), false)
#7 C:\xampp\htdocs\maintex\index.php(37): CodeIgniter\CodeIgniter->run()
#8 {main}
INFO - 2022-04-04 03:26:31 --> Session: Class initialized using 'CodeIgniter\Session\Handlers\FileHandler' driver.
ERROR - 2022-04-04 03:26:31 --> Error connecting to the database: Access denied for user '****'@'localhost' (using password: YES)
CRITICAL - 2022-04-04 03:26:31 --> Unable to connect to the database.
Main connection [MySQLi]: Access denied for user '****'@'localhost' (using password: YES)
#0 C:\xampp\htdocs\maintex\system\Database\BaseConnection.php(577): CodeIgniter\Database\BaseConnection->initialize()
#1 C:\xampp\htdocs\maintex\system\Database\BaseBuilder.php(1455): CodeIgniter\Database\BaseConnection->query('SELECT `user`.*...', Array, false)
#2 C:\xampp\htdocs\maintex\app\Models\LoginModel.php(41): CodeIgniter\Database\BaseBuilder->get()
#3 C:\xampp\htdocs\maintex\app\Controllers\Login.php(26): App\Models\LoginModel->authenticate('admin', 'admin')
#4 C:\xampp\htdocs\maintex\system\CodeIgniter.php(832): App\Controllers\Login->check_login()
#5 C:\xampp\htdocs\maintex\system\CodeIgniter.php(419): CodeIgniter\CodeIgniter->runController(Object(App\Controllers\Login))
#6 C:\xampp\htdocs\maintex\system\CodeIgniter.php(326): CodeIgniter\CodeIgniter->handleRequest(NULL, Object(Config\Cache), false)
#7 C:\xampp\htdocs\maintex\index.php(37): CodeIgniter\CodeIgniter->run()
#8 {main}
INFO - 2022-04-04 04:25:40 --> Session: Class initialized using 'CodeIgniter\Session\Handlers\FileHandler' driver.
INFO - 2022-04-04 04:25:47 --> Session: Class initialized using 'CodeIgniter\Session\Handlers\FileHandler' driver.
INFO - 2022-04-04 04:25:49 --> Session: Class initialized using 'CodeIgniter\Session\Handlers\FileHandler' driver.
INFO - 2022-04-04 04:26:16 --> Session: Class initialized using 'CodeIgniter\Session\Handlers\FileHandler' driver.
INFO - 2022-04-04 05:13:29 --> Session: Class initialized using 'CodeIgniter\Session\Handlers\FileHandler' driver.
INFO - 2022-04-04 05:13:34 --> Session: Class initialized using 'CodeIgniter\Session\Handlers\FileHandler' driver.
INFO - 2022-04-04 05:13:39 --> Session: Class initialized using 'CodeIgniter\Session\Handlers\FileHandler' driver.
INFO - 2022-04-04 05:13:46 --> Session: Class initialized using 'CodeIgniter\Session\Handlers\FileHandler' driver.
INFO - 2022-04-04 05:13:57 --> Session: Class initialized using 'CodeIgniter\Session\Handlers\FileHandler' driver.
INFO - 2022-04-04 05:13:59 --> Session: Class initialized using 'CodeIgniter\Session\Handlers\FileHandler' driver.
INFO - 2022-04-04 05:13:59 --> Session: Class initialized using 'CodeIgniter\Session\Handlers\FileHandler' driver.
INFO - 2022-04-04 05:14:00 --> Session: Class initialized using 'CodeIgniter\Session\Handlers\FileHandler' driver.
INFO - 2022-04-04 05:14:00 --> Session: Class initialized using 'CodeIgniter\Session\Handlers\FileHandler' driver.
INFO - 2022-04-04 05:14:22 --> Session: Class initialized using 'CodeIgniter\Session\Handlers\FileHandler' driver.
INFO - 2022-04-04 05:14:23 --> Session: Class initialized using 'CodeIgniter\Session\Handlers\FileHandler' driver.
INFO - 2022-04-04 05:14:34 --> Session: Class initialized using 'CodeIgniter\Session\Handlers\FileHandler' driver.
INFO - 2022-04-04 05:14:43 --> Session: Class initialized using 'CodeIgniter\Session\Handlers\FileHandler' driver.
INFO - 2022-04-04 05:14:43 --> Session: Class initialized using 'CodeIgniter\Session\Handlers\FileHandler' driver.
INFO - 2022-04-04 05:14:44 --> Session: Class initialized using 'CodeIgniter\Session\Handlers\FileHandler' driver.
INFO - 2022-04-04 05:15:02 --> Session: Class initialized using 'CodeIgniter\Session\Handlers\FileHandler' driver.
INFO - 2022-04-04 05:15:09 --> Session: Class initialized using 'CodeIgniter\Session\Handlers\FileHandler' driver.
INFO - 2022-04-04 05:15:21 --> Session: Class initialized using 'CodeIgniter\Session\Handlers\FileHandler' driver.
INFO - 2022-04-04 05:15:21 --> Session: Class initialized using 'CodeIgniter\Session\Handlers\FileHandler' driver.
INFO - 2022-04-04 05:15:51 --> Session: Class initialized using 'CodeIgniter\Session\Handlers\FileHandler' driver.
INFO - 2022-04-04 05:16:03 --> Session: Class initialized using 'CodeIgniter\Session\Handlers\FileHandler' driver.
INFO - 2022-04-04 05:53:17 --> Session: Class initialized using 'CodeIgniter\Session\Handlers\FileHandler' driver.
INFO - 2022-04-04 05:53:35 --> Session: Class initialized using 'CodeIgniter\Session\Handlers\FileHandler' driver.
INFO - 2022-04-04 05:53:57 --> Session: Class initialized using 'CodeIgniter\Session\Handlers\FileHandler' driver.
INFO - 2022-04-04 05:55:21 --> Session: Class initialized using 'CodeIgniter\Session\Handlers\FileHandler' driver.
INFO - 2022-04-04 05:55:28 --> Session: Class initialized using 'CodeIgniter\Session\Handlers\FileHandler' driver.
INFO - 2022-04-04 05:55:36 --> Session: Class initialized using 'CodeIgniter\Session\Handlers\FileHandler' driver.
INFO - 2022-04-04 05:55:37 --> Session: Class initialized using 'CodeIgniter\Session\Handlers\FileHandler' driver.
INFO - 2022-04-04 05:55:43 --> Session: Class initialized using 'CodeIgniter\Session\Handlers\FileHandler' driver.
INFO - 2022-04-04 05:55:57 --> Session: Class initialized using 'CodeIgniter\Session\Handlers\FileHandler' driver.
INFO - 2022-04-04 05:55:58 --> Session: Class initialized using 'CodeIgniter\Session\Handlers\FileHandler' driver.
INFO - 2022-04-04 05:55:58 --> Session: Class initialized using 'CodeIgniter\Session\Handlers\FileHandler' driver.
INFO - 2022-04-04 05:57:15 --> Session: Class initialized using 'CodeIgniter\Session\Handlers\FileHandler' driver.
INFO - 2022-04-04 05:57:27 --> Session: Class initialized using 'CodeIgniter\Session\Handlers\FileHandler' driver.
INFO - 2022-04-04 05:57:41 --> Session: Class initialized using 'CodeIgniter\Session\Handlers\FileHandler' driver.
INFO - 2022-04-04 05:58:06 --> Session: Class initialized using 'CodeIgniter\Session\Handlers\FileHandler' driver.
INFO - 2022-04-04 06:40:24 --> Session: Class initialized using 'CodeIgniter\Session\Handlers\FileHandler' driver.
INFO - 2022-04-04 06:41:29 --> Session: Class initialized using 'CodeIgniter\Session\Handlers\FileHandler' driver.
INFO - 2022-04-04 06:46:32 --> Session: Class initialized using 'CodeIgniter\Session\Handlers\FileHandler' driver.
INFO - 2022-04-04 06:51:01 --> Session: Class initialized using 'CodeIgniter\Session\Handlers\FileHandler' driver.
INFO - 2022-04-04 06:51:10 --> Session: Class initialized using 'CodeIgniter\Session\Handlers\FileHandler' driver.
INFO - 2022-04-04 06:57:01 --> Session: Class initialized using 'CodeIgniter\Session\Handlers\FileHandler' driver.
INFO - 2022-04-04 06:57:06 --> Session: Class initialized using 'CodeIgniter\Session\Handlers\FileHandler' driver.
INFO - 2022-04-04 06:58:47 --> Session: Class initialized using 'CodeIgniter\Session\Handlers\FileHandler' driver.
INFO - 2022-04-04 06:59:19 --> Session: Class initialized using 'CodeIgniter\Session\Handlers\FileHandler' driver.
INFO - 2022-04-04 06:59:19 --> Session: Class initialized using 'CodeIgniter\Session\Handlers\FileHandler' driver.
INFO - 2022-04-04 06:59:27 --> Session: Class initialized using 'CodeIgniter\Session\Handlers\FileHandler' driver.
INFO - 2022-04-04 06:59:36 --> Session: Class initialized using 'CodeIgniter\Session\Handlers\FileHandler' driver.
INFO - 2022-04-04 06:59:37 --> Session: Class initialized using 'CodeIgniter\Session\Handlers\FileHandler' driver.
INFO - 2022-04-04 06:59:37 --> Session: Class initialized using 'CodeIgniter\Session\Handlers\FileHandler' driver.
INFO - 2022-04-04 06:59:52 --> Session: Class initialized using 'CodeIgniter\Session\Handlers\FileHandler' driver.
INFO - 2022-04-04 07:01:12 --> Session: Class initialized using 'CodeIgniter\Session\Handlers\FileHandler' driver.
INFO - 2022-04-04 07:01:26 --> Session: Class initialized using 'CodeIgniter\Session\Handlers\FileHandler' driver.
CRITICAL - 2022-04-04 07:01:27 --> Undefined property: stdClass::$equip_type_id
#0 C:\xampp\htdocs\maintex\app\Controllers\parametres\Equipement.php(808): CodeIgniter\Debug\Exceptions->errorHandler(8, 'Undefined prope...', 'C:\\xampp\\htdocs...', 808, Array)
#1 C:\xampp\htdocs\maintex\system\CodeIgniter.php(832): App\Controllers\parametres\Equipement->criticality_export_excel()
#2 C:\xampp\htdocs\maintex\system\CodeIgniter.php(419): CodeIgniter\CodeIgniter->runController(Object(App\Controllers\parametres\Equipement))
#3 C:\xampp\htdocs\maintex\system\CodeIgniter.php(326): CodeIgniter\CodeIgniter->handleRequest(NULL, Object(Config\Cache), false)
#4 C:\xampp\htdocs\maintex\index.php(37): CodeIgniter\CodeIgniter->run()
#5 {main}
INFO - 2022-04-04 07:01:50 --> Session: Class initialized using 'CodeIgniter\Session\Handlers\FileHandler' driver.
INFO - 2022-04-04 07:01:56 --> Session: Class initialized using 'CodeIgniter\Session\Handlers\FileHandler' driver.
INFO - 2022-04-04 07:01:59 --> Session: Class initialized using 'CodeIgniter\Session\Handlers\FileHandler' driver.
INFO - 2022-04-04 07:02:26 --> Session: Class initialized using 'CodeIgniter\Session\Handlers\FileHandler' driver.
INFO - 2022-04-04 07:02:33 --> Session: Class initialized using 'CodeIgniter\Session\Handlers\FileHandler' driver.
INFO - 2022-04-04 07:02:41 --> Session: Class initialized using 'CodeIgniter\Session\Handlers\FileHandler' driver.
INFO - 2022-04-04 07:02:42 --> Session: Class initialized using 'CodeIgniter\Session\Handlers\FileHandler' driver.
INFO - 2022-04-04 07:02:50 --> Session: Class initialized using 'CodeIgniter\Session\Handlers\FileHandler' driver.
INFO - 2022-04-04 07:07:27 --> Session: Class initialized using 'CodeIgniter\Session\Handlers\FileHandler' driver.
INFO - 2022-04-04 10:20:30 --> Session: Class initialized using 'CodeIgniter\Session\Handlers\FileHandler' driver.
INFO - 2022-04-04 10:20:30 --> Session: Class initialized using 'CodeIgniter\Session\Handlers\FileHandler' driver.
INFO - 2022-04-04 10:20:38 --> Session: Class initialized using 'CodeIgniter\Session\Handlers\FileHandler' driver.
INFO - 2022-04-04 10:20:38 --> Session: Class initialized using 'CodeIgniter\Session\Handlers\FileHandler' driver.
INFO - 2022-04-04 10:20:47 --> Session: Class initialized using 'CodeIgniter\Session\Handlers\FileHandler' driver.
INFO - 2022-04-04 10:20:53 --> Session: Class initialized using 'CodeIgniter\Session\Handlers\FileHandler' driver.
INFO - 2022-04-04 10:22:10 --> Session: Class initialized using 'CodeIgniter\Session\Handlers\FileHandler' driver.
INFO - 2022-04-04 10:22:56 --> Session: Class initialized using 'CodeIgniter\Session\Handlers\FileHandler' driver.
CRITICAL - 2022-04-04 10:22:56 --> Undefined property: CodeIgniter\View\View::$lang
#0 C:\xampp\htdocs\maintex\app\Views\parametres\equipement\planning_new.php(70): CodeIgniter\Debug\Exceptions->errorHandler(8, 'Undefined prope...', 'C:\\xampp\\htdocs...', 70, Array)
#1 C:\xampp\htdocs\maintex\system\View\View.php(210): include('C:\\xampp\\htdocs...')
#2 C:\xampp\htdocs\maintex\system\View\View.php(213): CodeIgniter\View\View->CodeIgniter\View\{closure}()
#3 C:\xampp\htdocs\maintex\system\Common.php(1089): CodeIgniter\View\View->render('parametres/equi...', Array, true)
#4 C:\xampp\htdocs\maintex\app\Controllers\parametres\Equipement.php(850): view('parametres/equi...', Array)
#5 C:\xampp\htdocs\maintex\system\CodeIgniter.php(832): App\Controllers\parametres\Equipement->planning_new()
#6 C:\xampp\htdocs\maintex\system\CodeIgniter.php(419): CodeIgniter\CodeIgniter->runController(Object(App\Controllers\parametres\Equipement))
#7 C:\xampp\htdocs\maintex\system\CodeIgniter.php(326): CodeIgniter\CodeIgniter->handleRequest(NULL, Object(Config\Cache), false)
#8 C:\xampp\htdocs\maintex\index.php(37): CodeIgniter\CodeIgniter->run()
#9 {main}
INFO - 2022-04-04 10:23:00 --> Session: Class initialized using 'CodeIgniter\Session\Handlers\FileHandler' driver.
CRITICAL - 2022-04-04 10:23:00 --> Undefined property: CodeIgniter\View\View::$lang
#0 C:\xampp\htdocs\maintex\app\Views\parametres\equipement\planning_new.php(70): CodeIgniter\Debug\Exceptions->errorHandler(8, 'Undefined prope...', 'C:\\xampp\\htdocs...', 70, Array)
#1 C:\xampp\htdocs\maintex\system\View\View.php(210): include('C:\\xampp\\htdocs...')
#2 C:\xampp\htdocs\maintex\system\View\View.php(213): CodeIgniter\View\View->CodeIgniter\View\{closure}()
#3 C:\xampp\htdocs\maintex\system\Common.php(1089): CodeIgniter\View\View->render('parametres/equi...', Array, true)
#4 C:\xampp\htdocs\maintex\app\Controllers\parametres\Equipement.php(850): view('parametres/equi...', Array)
#5 C:\xampp\htdocs\maintex\system\CodeIgniter.php(832): App\Controllers\parametres\Equipement->planning_new()
#6 C:\xampp\htdocs\maintex\system\CodeIgniter.php(419): CodeIgniter\CodeIgniter->runController(Object(App\Controllers\parametres\Equipement))
#7 C:\xampp\htdocs\maintex\system\CodeIgniter.php(326): CodeIgniter\CodeIgniter->handleRequest(NULL, Object(Config\Cache), false)
#8 C:\xampp\htdocs\maintex\index.php(37): CodeIgniter\CodeIgniter->run()
#9 {main}
INFO - 2022-04-04 10:29:44 --> Session: Class initialized using 'CodeIgniter\Session\Handlers\FileHandler' driver.
INFO - 2022-04-04 10:29:50 --> Session: Class initialized using 'CodeIgniter\Session\Handlers\FileHandler' driver.
INFO - 2022-04-04 10:31:49 --> Session: Class initialized using 'CodeIgniter\Session\Handlers\FileHandler' driver.
INFO - 2022-04-04 10:31:52 --> Session: Class initialized using 'CodeIgniter\Session\Handlers\FileHandler' driver.
INFO - 2022-04-04 10:34:29 --> Session: Class initialized using 'CodeIgniter\Session\Handlers\FileHandler' driver.
INFO - 2022-04-04 10:34:33 --> Session: Class initialized using 'CodeIgniter\Session\Handlers\FileHandler' driver.
INFO - 2022-04-04 10:37:56 --> Session: Class initialized using 'CodeIgniter\Session\Handlers\FileHandler' driver.
INFO - 2022-04-04 10:38:00 --> Session: Class initialized using 'CodeIgniter\Session\Handlers\FileHandler' driver.
INFO - 2022-04-04 10:47:43 --> Session: Class initialized using 'CodeIgniter\Session\Handlers\FileHandler' driver.
ERROR - 2022-04-04 10:47:43 --> Unknown column 'criticality_code' in 'where clause'
CRITICAL - 2022-04-04 10:47:43 --> Unknown column 'criticality_code' in 'where clause'
#0 C:\xampp\htdocs\maintex\system\Database\MySQLi\Connection.php(292): mysqli->query('SELECT *\nFROM `...', 0)
#1 C:\xampp\htdocs\maintex\system\Database\BaseConnection.php(670): CodeIgniter\Database\MySQLi\Connection->execute('SELECT *\nFROM `...')
#2 C:\xampp\htdocs\maintex\system\Database\BaseConnection.php(598): CodeIgniter\Database\BaseConnection->simpleQuery('SELECT *\nFROM `...')
#3 C:\xampp\htdocs\maintex\system\Database\BaseBuilder.php(1455): CodeIgniter\Database\BaseConnection->query('SELECT *\nFROM `...', Array, false)
#4 C:\xampp\htdocs\maintex\app\Models\BaseModel.php(20): CodeIgniter\Database\BaseBuilder->get()
#5 C:\xampp\htdocs\maintex\app\Controllers\parametres\Equipement.php(961): App\Models\BaseModel->fetch_table('time_table_clas...', Array)
#6 C:\xampp\htdocs\maintex\system\CodeIgniter.php(832): App\Controllers\parametres\Equipement->planning_check_exist()
#7 C:\xampp\htdocs\maintex\system\CodeIgniter.php(419): CodeIgniter\CodeIgniter->runController(Object(App\Controllers\parametres\Equipement))
#8 C:\xampp\htdocs\maintex\system\CodeIgniter.php(326): CodeIgniter\CodeIgniter->handleRequest(NULL, Object(Config\Cache), false)
#9 C:\xampp\htdocs\maintex\index.php(37): CodeIgniter\CodeIgniter->run()
#10 {main}
INFO - 2022-04-04 10:48:43 --> Session: Class initialized using 'CodeIgniter\Session\Handlers\FileHandler' driver.
INFO - 2022-04-04 10:48:43 --> Session: Class initialized using 'CodeIgniter\Session\Handlers\FileHandler' driver.
INFO - 2022-04-04 10:52:17 --> Session: Class initialized using 'CodeIgniter\Session\Handlers\FileHandler' driver.
INFO - 2022-04-04 10:52:22 --> Session: Class initialized using 'CodeIgniter\Session\Handlers\FileHandler' driver.
ERROR - 2022-04-04 10:52:22 --> Unknown column 'criticality_code' in 'where clause'
CRITICAL - 2022-04-04 10:52:22 --> Unknown column 'criticality_code' in 'where clause'
#0 C:\xampp\htdocs\maintex\system\Database\MySQLi\Connection.php(292): mysqli->query('SELECT *\nFROM `...', 0)
#1 C:\xampp\htdocs\maintex\system\Database\BaseConnection.php(670): CodeIgniter\Database\MySQLi\Connection->execute('SELECT *\nFROM `...')
#2 C:\xampp\htdocs\maintex\system\Database\BaseConnection.php(598): CodeIgniter\Database\BaseConnection->simpleQuery('SELECT *\nFROM `...')
#3 C:\xampp\htdocs\maintex\system\Database\BaseBuilder.php(1455): CodeIgniter\Database\BaseConnection->query('SELECT *\nFROM `...', Array, false)
#4 C:\xampp\htdocs\maintex\app\Models\BaseModel.php(20): CodeIgniter\Database\BaseBuilder->get()
#5 C:\xampp\htdocs\maintex\app\Controllers\parametres\Equipement.php(961): App\Models\BaseModel->fetch_table('time_table_clas...', Array)
#6 C:\xampp\htdocs\maintex\system\CodeIgniter.php(832): App\Controllers\parametres\Equipement->planning_check_exist()
#7 C:\xampp\htdocs\maintex\system\CodeIgniter.php(419): CodeIgniter\CodeIgniter->runController(Object(App\Controllers\parametres\Equipement))
#8 C:\xampp\htdocs\maintex\system\CodeIgniter.php(326): CodeIgniter\CodeIgniter->handleRequest(NULL, Object(Config\Cache), false)
#9 C:\xampp\htdocs\maintex\index.php(37): CodeIgniter\CodeIgniter->run()
#10 {main}
INFO - 2022-04-04 10:55:38 --> Session: Class initialized using 'CodeIgniter\Session\Handlers\FileHandler' driver.
INFO - 2022-04-04 10:55:45 --> Session: Class initialized using 'CodeIgniter\Session\Handlers\FileHandler' driver.
INFO - 2022-04-04 10:55:51 --> Session: Class initialized using 'CodeIgniter\Session\Handlers\FileHandler' driver.
INFO - 2022-04-04 10:55:57 --> Session: Class initialized using 'CodeIgniter\Session\Handlers\FileHandler' driver.
INFO - 2022-04-04 10:55:58 --> Session: Class initialized using 'CodeIgniter\Session\Handlers\FileHandler' driver.
INFO - 2022-04-04 10:56:09 --> Session: Class initialized using 'CodeIgniter\Session\Handlers\FileHandler' driver.
INFO - 2022-04-04 10:56:09 --> Session: Class initialized using 'CodeIgniter\Session\Handlers\FileHandler' driver.
INFO - 2022-04-04 10:56:58 --> Session: Class initialized using 'CodeIgniter\Session\Handlers\FileHandler' driver.
INFO - 2022-04-04 10:57:02 --> Session: Class initialized using 'CodeIgniter\Session\Handlers\FileHandler' driver.
INFO - 2022-04-04 10:57:17 --> Session: Class initialized using 'CodeIgniter\Session\Handlers\FileHandler' driver.
INFO - 2022-04-04 10:58:30 --> Session: Class initialized using 'CodeIgniter\Session\Handlers\FileHandler' driver.
INFO - 2022-04-04 10:58:31 --> Session: Class initialized using 'CodeIgniter\Session\Handlers\FileHandler' driver.
INFO - 2022-04-04 11:28:31 --> Session: Class initialized using 'CodeIgniter\Session\Handlers\FileHandler' driver.
INFO - 2022-04-04 11:28:38 --> Session: Class initialized using 'CodeIgniter\Session\Handlers\FileHandler' driver.
CRITICAL - 2022-04-04 11:28:38 --> Undefined property: stdClass::$criticality_id
#0 C:\xampp\htdocs\maintex\app\Views\parametres\equipement\planning_edit.php(2): CodeIgniter\Debug\Exceptions->errorHandler(8, 'Undefined prope...', 'C:\\xampp\\htdocs...', 2, Array)
#1 C:\xampp\htdocs\maintex\system\View\View.php(210): include('C:\\xampp\\htdocs...')
#2 C:\xampp\htdocs\maintex\system\View\View.php(213): CodeIgniter\View\View->CodeIgniter\View\{closure}()
#3 C:\xampp\htdocs\maintex\system\Common.php(1089): CodeIgniter\View\View->render('parametres/equi...', Array, true)
#4 C:\xampp\htdocs\maintex\app\Controllers\parametres\Equipement.php(857): view('parametres/equi...', Array)
#5 C:\xampp\htdocs\maintex\system\CodeIgniter.php(832): App\Controllers\parametres\Equipement->planning_edit()
#6 C:\xampp\htdocs\maintex\system\CodeIgniter.php(419): CodeIgniter\CodeIgniter->runController(Object(App\Controllers\parametres\Equipement))
#7 C:\xampp\htdocs\maintex\system\CodeIgniter.php(326): CodeIgniter\CodeIgniter->handleRequest(NULL, Object(Config\Cache), false)
#8 C:\xampp\htdocs\maintex\index.php(37): CodeIgniter\CodeIgniter->run()
#9 {main}
INFO - 2022-04-04 11:28:41 --> Session: Class initialized using 'CodeIgniter\Session\Handlers\FileHandler' driver.
CRITICAL - 2022-04-04 11:28:41 --> Undefined property: stdClass::$criticality_id
#0 C:\xampp\htdocs\maintex\app\Views\parametres\equipement\planning_edit.php(2): CodeIgniter\Debug\Exceptions->errorHandler(8, 'Undefined prope...', 'C:\\xampp\\htdocs...', 2, Array)
#1 C:\xampp\htdocs\maintex\system\View\View.php(210): include('C:\\xampp\\htdocs...')
#2 C:\xampp\htdocs\maintex\system\View\View.php(213): CodeIgniter\View\View->CodeIgniter\View\{closure}()
#3 C:\xampp\htdocs\maintex\system\Common.php(1089): CodeIgniter\View\View->render('parametres/equi...', Array, true)
#4 C:\xampp\htdocs\maintex\app\Controllers\parametres\Equipement.php(857): view('parametres/equi...', Array)
#5 C:\xampp\htdocs\maintex\system\CodeIgniter.php(832): App\Controllers\parametres\Equipement->planning_edit()
#6 C:\xampp\htdocs\maintex\system\CodeIgniter.php(419): CodeIgniter\CodeIgniter->runController(Object(App\Controllers\parametres\Equipement))
#7 C:\xampp\htdocs\maintex\system\CodeIgniter.php(326): CodeIgniter\CodeIgniter->handleRequest(NULL, Object(Config\Cache), false)
#8 C:\xampp\htdocs\maintex\index.php(37): CodeIgniter\CodeIgniter->run()
#9 {main}
INFO - 2022-04-04 11:28:42 --> Session: Class initialized using 'CodeIgniter\Session\Handlers\FileHandler' driver.
CRITICAL - 2022-04-04 11:28:42 --> Undefined property: stdClass::$criticality_id
#0 C:\xampp\htdocs\maintex\app\Views\parametres\equipement\planning_edit.php(2): CodeIgniter\Debug\Exceptions->errorHandler(8, 'Undefined prope...', 'C:\\xampp\\htdocs...', 2, Array)
#1 C:\xampp\htdocs\maintex\system\View\View.php(210): include('C:\\xampp\\htdocs...')
#2 C:\xampp\htdocs\maintex\system\View\View.php(213): CodeIgniter\View\View->CodeIgniter\View\{closure}()
#3 C:\xampp\htdocs\maintex\system\Common.php(1089): CodeIgniter\View\View->render('parametres/equi...', Array, true)
#4 C:\xampp\htdocs\maintex\app\Controllers\parametres\Equipement.php(857): view('parametres/equi...', Array)
#5 C:\xampp\htdocs\maintex\system\CodeIgniter.php(832): App\Controllers\parametres\Equipement->planning_edit()
#6 C:\xampp\htdocs\maintex\system\CodeIgniter.php(419): CodeIgniter\CodeIgniter->runController(Object(App\Controllers\parametres\Equipement))
#7 C:\xampp\htdocs\maintex\system\CodeIgniter.php(326): CodeIgniter\CodeIgniter->handleRequest(NULL, Object(Config\Cache), false)
#8 C:\xampp\htdocs\maintex\index.php(37): CodeIgniter\CodeIgniter->run()
#9 {main}
INFO - 2022-04-04 11:28:43 --> Session: Class initialized using 'CodeIgniter\Session\Handlers\FileHandler' driver.
CRITICAL - 2022-04-04 11:28:43 --> Undefined property: stdClass::$criticality_id
#0 C:\xampp\htdocs\maintex\app\Views\parametres\equipement\planning_edit.php(2): CodeIgniter\Debug\Exceptions->errorHandler(8, 'Undefined prope...', 'C:\\xampp\\htdocs...', 2, Array)
#1 C:\xampp\htdocs\maintex\system\View\View.php(210): include('C:\\xampp\\htdocs...')
#2 C:\xampp\htdocs\maintex\system\View\View.php(213): CodeIgniter\View\View->CodeIgniter\View\{closure}()
#3 C:\xampp\htdocs\maintex\system\Common.php(1089): CodeIgniter\View\View->render('parametres/equi...', Array, true)
#4 C:\xampp\htdocs\maintex\app\Controllers\parametres\Equipement.php(857): view('parametres/equi...', Array)
#5 C:\xampp\htdocs\maintex\system\CodeIgniter.php(832): App\Controllers\parametres\Equipement->planning_edit()
#6 C:\xampp\htdocs\maintex\system\CodeIgniter.php(419): CodeIgniter\CodeIgniter->runController(Object(App\Controllers\parametres\Equipement))
#7 C:\xampp\htdocs\maintex\system\CodeIgniter.php(326): CodeIgniter\CodeIgniter->handleRequest(NULL, Object(Config\Cache), false)
#8 C:\xampp\htdocs\maintex\index.php(37): CodeIgniter\CodeIgniter->run()
#9 {main}
INFO - 2022-04-04 11:28:43 --> Session: Class initialized using 'CodeIgniter\Session\Handlers\FileHandler' driver.
CRITICAL - 2022-04-04 11:28:43 --> Undefined property: stdClass::$criticality_id
#0 C:\xampp\htdocs\maintex\app\Views\parametres\equipement\planning_edit.php(2): CodeIgniter\Debug\Exceptions->errorHandler(8, 'Undefined prope...', 'C:\\xampp\\htdocs...', 2, Array)
#1 C:\xampp\htdocs\maintex\system\View\View.php(210): include('C:\\xampp\\htdocs...')
#2 C:\xampp\htdocs\maintex\system\View\View.php(213): CodeIgniter\View\View->CodeIgniter\View\{closure}()
#3 C:\xampp\htdocs\maintex\system\Common.php(1089): CodeIgniter\View\View->render('parametres/equi...', Array, true)
#4 C:\xampp\htdocs\maintex\app\Controllers\parametres\Equipement.php(857): view('parametres/equi...', Array)
#5 C:\xampp\htdocs\maintex\system\CodeIgniter.php(832): App\Controllers\parametres\Equipement->planning_edit()
#6 C:\xampp\htdocs\maintex\system\CodeIgniter.php(419): CodeIgniter\CodeIgniter->runController(Object(App\Controllers\parametres\Equipement))
#7 C:\xampp\htdocs\maintex\system\CodeIgniter.php(326): CodeIgniter\CodeIgniter->handleRequest(NULL, Object(Config\Cache), false)
#8 C:\xampp\htdocs\maintex\index.php(37): CodeIgniter\CodeIgniter->run()
#9 {main}
INFO - 2022-04-04 11:28:45 --> Session: Class initialized using 'CodeIgniter\Session\Handlers\FileHandler' driver.
CRITICAL - 2022-04-04 11:28:45 --> Undefined property: stdClass::$criticality_id
#0 C:\xampp\htdocs\maintex\app\Views\parametres\equipement\planning_edit.php(2): CodeIgniter\Debug\Exceptions->errorHandler(8, 'Undefined prope...', 'C:\\xampp\\htdocs...', 2, Array)
#1 C:\xampp\htdocs\maintex\system\View\View.php(210): include('C:\\xampp\\htdocs...')
#2 C:\xampp\htdocs\maintex\system\View\View.php(213): CodeIgniter\View\View->CodeIgniter\View\{closure}()
#3 C:\xampp\htdocs\maintex\system\Common.php(1089): CodeIgniter\View\View->render('parametres/equi...', Array, true)
#4 C:\xampp\htdocs\maintex\app\Controllers\parametres\Equipement.php(857): view('parametres/equi...', Array)
#5 C:\xampp\htdocs\maintex\system\CodeIgniter.php(832): App\Controllers\parametres\Equipement->planning_edit()
#6 C:\xampp\htdocs\maintex\system\CodeIgniter.php(419): CodeIgniter\CodeIgniter->runController(Object(App\Controllers\parametres\Equipement))
#7 C:\xampp\htdocs\maintex\system\CodeIgniter.php(326): CodeIgniter\CodeIgniter->handleRequest(NULL, Object(Config\Cache), false)
#8 C:\xampp\htdocs\maintex\index.php(37): CodeIgniter\CodeIgniter->run()
#9 {main}
INFO - 2022-04-04 11:28:45 --> Session: Class initialized using 'CodeIgniter\Session\Handlers\FileHandler' driver.
CRITICAL - 2022-04-04 11:28:45 --> Undefined property: stdClass::$criticality_id
#0 C:\xampp\htdocs\maintex\app\Views\parametres\equipement\planning_edit.php(2): CodeIgniter\Debug\Exceptions->errorHandler(8, 'Undefined prope...', 'C:\\xampp\\htdocs...', 2, Array)
#1 C:\xampp\htdocs\maintex\system\View\View.php(210): include('C:\\xampp\\htdocs...')
#2 C:\xampp\htdocs\maintex\system\View\View.php(213): CodeIgniter\View\View->CodeIgniter\View\{closure}()
#3 C:\xampp\htdocs\maintex\system\Common.php(1089): CodeIgniter\View\View->render('parametres/equi...', Array, true)
#4 C:\xampp\htdocs\maintex\app\Controllers\parametres\Equipement.php(857): view('parametres/equi...', Array)
#5 C:\xampp\htdocs\maintex\system\CodeIgniter.php(832): App\Controllers\parametres\Equipement->planning_edit()
#6 C:\xampp\htdocs\maintex\system\CodeIgniter.php(419): CodeIgniter\CodeIgniter->runController(Object(App\Controllers\parametres\Equipement))
#7 C:\xampp\htdocs\maintex\system\CodeIgniter.php(326): CodeIgniter\CodeIgniter->handleRequest(NULL, Object(Config\Cache), false)
#8 C:\xampp\htdocs\maintex\index.php(37): CodeIgniter\CodeIgniter->run()
#9 {main}
INFO - 2022-04-04 11:28:46 --> Session: Class initialized using 'CodeIgniter\Session\Handlers\FileHandler' driver.
CRITICAL - 2022-04-04 11:28:46 --> Undefined property: stdClass::$criticality_id
#0 C:\xampp\htdocs\maintex\app\Views\parametres\equipement\planning_edit.php(2): CodeIgniter\Debug\Exceptions->errorHandler(8, 'Undefined prope...', 'C:\\xampp\\htdocs...', 2, Array)
#1 C:\xampp\htdocs\maintex\system\View\View.php(210): include('C:\\xampp\\htdocs...')
#2 C:\xampp\htdocs\maintex\system\View\View.php(213): CodeIgniter\View\View->CodeIgniter\View\{closure}()
#3 C:\xampp\htdocs\maintex\system\Common.php(1089): CodeIgniter\View\View->render('parametres/equi...', Array, true)
#4 C:\xampp\htdocs\maintex\app\Controllers\parametres\Equipement.php(857): view('parametres/equi...', Array)
#5 C:\xampp\htdocs\maintex\system\CodeIgniter.php(832): App\Controllers\parametres\Equipement->planning_edit()
#6 C:\xampp\htdocs\maintex\system\CodeIgniter.php(419): CodeIgniter\CodeIgniter->runController(Object(App\Controllers\parametres\Equipement))
#7 C:\xampp\htdocs\maintex\system\CodeIgniter.php(326): CodeIgniter\CodeIgniter->handleRequest(NULL, Object(Config\Cache), false)
#8 C:\xampp\htdocs\maintex\index.php(37): CodeIgniter\CodeIgniter->run()
#9 {main}
INFO - 2022-04-04 11:31:23 --> Session: Class initialized using 'CodeIgniter\Session\Handlers\FileHandler' driver.
INFO - 2022-04-04 11:31:28 --> Session: Class initialized using 'CodeIgniter\Session\Handlers\FileHandler' driver.
CRITICAL - 2022-04-04 11:31:28 --> Undefined property: stdClass::$criticality_is_deactivated
#0 C:\xampp\htdocs\maintex\app\Views\parametres\equipement\planning_edit.php(256): CodeIgniter\Debug\Exceptions->errorHandler(8, 'Undefined prope...', 'C:\\xampp\\htdocs...', 256, Array)
#1 C:\xampp\htdocs\maintex\system\View\View.php(210): include('C:\\xampp\\htdocs...')
#2 C:\xampp\htdocs\maintex\system\View\View.php(213): CodeIgniter\View\View->CodeIgniter\View\{closure}()
#3 C:\xampp\htdocs\maintex\system\Common.php(1089): CodeIgniter\View\View->render('parametres/equi...', Array, true)
#4 C:\xampp\htdocs\maintex\app\Controllers\parametres\Equipement.php(857): view('parametres/equi...', Array)
#5 C:\xampp\htdocs\maintex\system\CodeIgniter.php(832): App\Controllers\parametres\Equipement->planning_edit()
#6 C:\xampp\htdocs\maintex\system\CodeIgniter.php(419): CodeIgniter\CodeIgniter->runController(Object(App\Controllers\parametres\Equipement))
#7 C:\xampp\htdocs\maintex\system\CodeIgniter.php(326): CodeIgniter\CodeIgniter->handleRequest(NULL, Object(Config\Cache), false)
#8 C:\xampp\htdocs\maintex\index.php(37): CodeIgniter\CodeIgniter->run()
#9 {main}
INFO - 2022-04-04 11:31:31 --> Session: Class initialized using 'CodeIgniter\Session\Handlers\FileHandler' driver.
CRITICAL - 2022-04-04 11:31:31 --> Undefined property: stdClass::$criticality_is_deactivated
#0 C:\xampp\htdocs\maintex\app\Views\parametres\equipement\planning_edit.php(256): CodeIgniter\Debug\Exceptions->errorHandler(8, 'Undefined prope...', 'C:\\xampp\\htdocs...', 256, Array)
#1 C:\xampp\htdocs\maintex\system\View\View.php(210): include('C:\\xampp\\htdocs...')
#2 C:\xampp\htdocs\maintex\system\View\View.php(213): CodeIgniter\View\View->CodeIgniter\View\{closure}()
#3 C:\xampp\htdocs\maintex\system\Common.php(1089): CodeIgniter\View\View->render('parametres/equi...', Array, true)
#4 C:\xampp\htdocs\maintex\app\Controllers\parametres\Equipement.php(857): view('parametres/equi...', Array)
#5 C:\xampp\htdocs\maintex\system\CodeIgniter.php(832): App\Controllers\parametres\Equipement->planning_edit()
#6 C:\xampp\htdocs\maintex\system\CodeIgniter.php(419): CodeIgniter\CodeIgniter->runController(Object(App\Controllers\parametres\Equipement))
#7 C:\xampp\htdocs\maintex\system\CodeIgniter.php(326): CodeIgniter\CodeIgniter->handleRequest(NULL, Object(Config\Cache), false)
#8 C:\xampp\htdocs\maintex\index.php(37): CodeIgniter\CodeIgniter->run()
#9 {main}
INFO - 2022-04-04 11:31:31 --> Session: Class initialized using 'CodeIgniter\Session\Handlers\FileHandler' driver.
CRITICAL - 2022-04-04 11:31:31 --> Undefined property: stdClass::$criticality_is_deactivated
#0 C:\xampp\htdocs\maintex\app\Views\parametres\equipement\planning_edit.php(256): CodeIgniter\Debug\Exceptions->errorHandler(8, 'Undefined prope...', 'C:\\xampp\\htdocs...', 256, Array)
#1 C:\xampp\htdocs\maintex\system\View\View.php(210): include('C:\\xampp\\htdocs...')
#2 C:\xampp\htdocs\maintex\system\View\View.php(213): CodeIgniter\View\View->CodeIgniter\View\{closure}()
#3 C:\xampp\htdocs\maintex\system\Common.php(1089): CodeIgniter\View\View->render('parametres/equi...', Array, true)
#4 C:\xampp\htdocs\maintex\app\Controllers\parametres\Equipement.php(857): view('parametres/equi...', Array)
#5 C:\xampp\htdocs\maintex\system\CodeIgniter.php(832): App\Controllers\parametres\Equipement->planning_edit()
#6 C:\xampp\htdocs\maintex\system\CodeIgniter.php(419): CodeIgniter\CodeIgniter->runController(Object(App\Controllers\parametres\Equipement))
#7 C:\xampp\htdocs\maintex\system\CodeIgniter.php(326): CodeIgniter\CodeIgniter->handleRequest(NULL, Object(Config\Cache), false)
#8 C:\xampp\htdocs\maintex\index.php(37): CodeIgniter\CodeIgniter->run()
#9 {main}
INFO - 2022-04-04 11:31:32 --> Session: Class initialized using 'CodeIgniter\Session\Handlers\FileHandler' driver.
CRITICAL - 2022-04-04 11:31:32 --> Undefined property: stdClass::$criticality_is_deactivated
#0 C:\xampp\htdocs\maintex\app\Views\parametres\equipement\planning_edit.php(256): CodeIgniter\Debug\Exceptions->errorHandler(8, 'Undefined prope...', 'C:\\xampp\\htdocs...', 256, Array)
#1 C:\xampp\htdocs\maintex\system\View\View.php(210): include('C:\\xampp\\htdocs...')
#2 C:\xampp\htdocs\maintex\system\View\View.php(213): CodeIgniter\View\View->CodeIgniter\View\{closure}()
#3 C:\xampp\htdocs\maintex\system\Common.php(1089): CodeIgniter\View\View->render('parametres/equi...', Array, true)
#4 C:\xampp\htdocs\maintex\app\Controllers\parametres\Equipement.php(857): view('parametres/equi...', Array)
#5 C:\xampp\htdocs\maintex\system\CodeIgniter.php(832): App\Controllers\parametres\Equipement->planning_edit()
#6 C:\xampp\htdocs\maintex\system\CodeIgniter.php(419): CodeIgniter\CodeIgniter->runController(Object(App\Controllers\parametres\Equipement))
#7 C:\xampp\htdocs\maintex\system\CodeIgniter.php(326): CodeIgniter\CodeIgniter->handleRequest(NULL, Object(Config\Cache), false)
#8 C:\xampp\htdocs\maintex\index.php(37): CodeIgniter\CodeIgniter->run()
#9 {main}
INFO - 2022-04-04 11:31:32 --> Session: Class initialized using 'CodeIgniter\Session\Handlers\FileHandler' driver.
CRITICAL - 2022-04-04 11:31:32 --> Undefined property: stdClass::$criticality_is_deactivated
#0 C:\xampp\htdocs\maintex\app\Views\parametres\equipement\planning_edit.php(256): CodeIgniter\Debug\Exceptions->errorHandler(8, 'Undefined prope...', 'C:\\xampp\\htdocs...', 256, Array)
#1 C:\xampp\htdocs\maintex\system\View\View.php(210): include('C:\\xampp\\htdocs...')
#2 C:\xampp\htdocs\maintex\system\View\View.php(213): CodeIgniter\View\View->CodeIgniter\View\{closure}()
#3 C:\xampp\htdocs\maintex\system\Common.php(1089): CodeIgniter\View\View->render('parametres/equi...', Array, true)
#4 C:\xampp\htdocs\maintex\app\Controllers\parametres\Equipement.php(857): view('parametres/equi...', Array)
#5 C:\xampp\htdocs\maintex\system\CodeIgniter.php(832): App\Controllers\parametres\Equipement->planning_edit()
#6 C:\xampp\htdocs\maintex\system\CodeIgniter.php(419): CodeIgniter\CodeIgniter->runController(Object(App\Controllers\parametres\Equipement))
#7 C:\xampp\htdocs\maintex\system\CodeIgniter.php(326): CodeIgniter\CodeIgniter->handleRequest(NULL, Object(Config\Cache), false)
#8 C:\xampp\htdocs\maintex\index.php(37): CodeIgniter\CodeIgniter->run()
#9 {main}
INFO - 2022-04-04 11:31:33 --> Session: Class initialized using 'CodeIgniter\Session\Handlers\FileHandler' driver.
CRITICAL - 2022-04-04 11:31:33 --> Undefined property: stdClass::$criticality_is_deactivated
#0 C:\xampp\htdocs\maintex\app\Views\parametres\equipement\planning_edit.php(256): CodeIgniter\Debug\Exceptions->errorHandler(8, 'Undefined prope...', 'C:\\xampp\\htdocs...', 256, Array)
#1 C:\xampp\htdocs\maintex\system\View\View.php(210): include('C:\\xampp\\htdocs...')
#2 C:\xampp\htdocs\maintex\system\View\View.php(213): CodeIgniter\View\View->CodeIgniter\View\{closure}()
#3 C:\xampp\htdocs\maintex\system\Common.php(1089): CodeIgniter\View\View->render('parametres/equi...', Array, true)
#4 C:\xampp\htdocs\maintex\app\Controllers\parametres\Equipement.php(857): view('parametres/equi...', Array)
#5 C:\xampp\htdocs\maintex\system\CodeIgniter.php(832): App\Controllers\parametres\Equipement->planning_edit()
#6 C:\xampp\htdocs\maintex\system\CodeIgniter.php(419): CodeIgniter\CodeIgniter->runController(Object(App\Controllers\parametres\Equipement))
#7 C:\xampp\htdocs\maintex\system\CodeIgniter.php(326): CodeIgniter\CodeIgniter->handleRequest(NULL, Object(Config\Cache), false)
#8 C:\xampp\htdocs\maintex\index.php(37): CodeIgniter\CodeIgniter->run()
#9 {main}
INFO - 2022-04-04 11:31:34 --> Session: Class initialized using 'CodeIgniter\Session\Handlers\FileHandler' driver.
INFO - 2022-04-04 11:31:38 --> Session: Class initialized using 'CodeIgniter\Session\Handlers\FileHandler' driver.
CRITICAL - 2022-04-04 11:31:38 --> Undefined property: stdClass::$criticality_is_deactivated
#0 C:\xampp\htdocs\maintex\app\Views\parametres\equipement\planning_edit.php(256): CodeIgniter\Debug\Exceptions->errorHandler(8, 'Undefined prope...', 'C:\\xampp\\htdocs...', 256, Array)
#1 C:\xampp\htdocs\maintex\system\View\View.php(210): include('C:\\xampp\\htdocs...')
#2 C:\xampp\htdocs\maintex\system\View\View.php(213): CodeIgniter\View\View->CodeIgniter\View\{closure}()
#3 C:\xampp\htdocs\maintex\system\Common.php(1089): CodeIgniter\View\View->render('parametres/equi...', Array, true)
#4 C:\xampp\htdocs\maintex\app\Controllers\parametres\Equipement.php(857): view('parametres/equi...', Array)
#5 C:\xampp\htdocs\maintex\system\CodeIgniter.php(832): App\Controllers\parametres\Equipement->planning_edit()
#6 C:\xampp\htdocs\maintex\system\CodeIgniter.php(419): CodeIgniter\CodeIgniter->runController(Object(App\Controllers\parametres\Equipement))
#7 C:\xampp\htdocs\maintex\system\CodeIgniter.php(326): CodeIgniter\CodeIgniter->handleRequest(NULL, Object(Config\Cache), false)
#8 C:\xampp\htdocs\maintex\index.php(37): CodeIgniter\CodeIgniter->run()
#9 {main}
INFO - 2022-04-04 11:31:39 --> Session: Class initialized using 'CodeIgniter\Session\Handlers\FileHandler' driver.
CRITICAL - 2022-04-04 11:31:39 --> Undefined property: stdClass::$criticality_is_deactivated
#0 C:\xampp\htdocs\maintex\app\Views\parametres\equipement\planning_edit.php(256): CodeIgniter\Debug\Exceptions->errorHandler(8, 'Undefined prope...', 'C:\\xampp\\htdocs...', 256, Array)
#1 C:\xampp\htdocs\maintex\system\View\View.php(210): include('C:\\xampp\\htdocs...')
#2 C:\xampp\htdocs\maintex\system\View\View.php(213): CodeIgniter\View\View->CodeIgniter\View\{closure}()
#3 C:\xampp\htdocs\maintex\system\Common.php(1089): CodeIgniter\View\View->render('parametres/equi...', Array, true)
#4 C:\xampp\htdocs\maintex\app\Controllers\parametres\Equipement.php(857): view('parametres/equi...', Array)
#5 C:\xampp\htdocs\maintex\system\CodeIgniter.php(832): App\Controllers\parametres\Equipement->planning_edit()
#6 C:\xampp\htdocs\maintex\system\CodeIgniter.php(419): CodeIgniter\CodeIgniter->runController(Object(App\Controllers\parametres\Equipement))
#7 C:\xampp\htdocs\maintex\system\CodeIgniter.php(326): CodeIgniter\CodeIgniter->handleRequest(NULL, Object(Config\Cache), false)
#8 C:\xampp\htdocs\maintex\index.php(37): CodeIgniter\CodeIgniter->run()
#9 {main}
INFO - 2022-04-04 11:31:39 --> Session: Class initialized using 'CodeIgniter\Session\Handlers\FileHandler' driver.
CRITICAL - 2022-04-04 11:31:39 --> Undefined property: stdClass::$criticality_is_deactivated
#0 C:\xampp\htdocs\maintex\app\Views\parametres\equipement\planning_edit.php(256): CodeIgniter\Debug\Exceptions->errorHandler(8, 'Undefined prope...', 'C:\\xampp\\htdocs...', 256, Array)
#1 C:\xampp\htdocs\maintex\system\View\View.php(210): include('C:\\xampp\\htdocs...')
#2 C:\xampp\htdocs\maintex\system\View\View.php(213): CodeIgniter\View\View->CodeIgniter\View\{closure}()
#3 C:\xampp\htdocs\maintex\system\Common.php(1089): CodeIgniter\View\View->render('parametres/equi...', Array, true)
#4 C:\xampp\htdocs\maintex\app\Controllers\parametres\Equipement.php(857): view('parametres/equi...', Array)
#5 C:\xampp\htdocs\maintex\system\CodeIgniter.php(832): App\Controllers\parametres\Equipement->planning_edit()
#6 C:\xampp\htdocs\maintex\system\CodeIgniter.php(419): CodeIgniter\CodeIgniter->runController(Object(App\Controllers\parametres\Equipement))
#7 C:\xampp\htdocs\maintex\system\CodeIgniter.php(326): CodeIgniter\CodeIgniter->handleRequest(NULL, Object(Config\Cache), false)
#8 C:\xampp\htdocs\maintex\index.php(37): CodeIgniter\CodeIgniter->run()
#9 {main}
INFO - 2022-04-04 11:31:39 --> Session: Class initialized using 'CodeIgniter\Session\Handlers\FileHandler' driver.
CRITICAL - 2022-04-04 11:31:39 --> Undefined property: stdClass::$criticality_is_deactivated
#0 C:\xampp\htdocs\maintex\app\Views\parametres\equipement\planning_edit.php(256): CodeIgniter\Debug\Exceptions->errorHandler(8, 'Undefined prope...', 'C:\\xampp\\htdocs...', 256, Array)
#1 C:\xampp\htdocs\maintex\system\View\View.php(210): include('C:\\xampp\\htdocs...')
#2 C:\xampp\htdocs\maintex\system\View\View.php(213): CodeIgniter\View\View->CodeIgniter\View\{closure}()
#3 C:\xampp\htdocs\maintex\system\Common.php(1089): CodeIgniter\View\View->render('parametres/equi...', Array, true)
#4 C:\xampp\htdocs\maintex\app\Controllers\parametres\Equipement.php(857): view('parametres/equi...', Array)
#5 C:\xampp\htdocs\maintex\system\CodeIgniter.php(832): App\Controllers\parametres\Equipement->planning_edit()
#6 C:\xampp\htdocs\maintex\system\CodeIgniter.php(419): CodeIgniter\CodeIgniter->runController(Object(App\Controllers\parametres\Equipement))
#7 C:\xampp\htdocs\maintex\system\CodeIgniter.php(326): CodeIgniter\CodeIgniter->handleRequest(NULL, Object(Config\Cache), false)
#8 C:\xampp\htdocs\maintex\index.php(37): CodeIgniter\CodeIgniter->run()
#9 {main}
INFO - 2022-04-04 11:31:40 --> Session: Class initialized using 'CodeIgniter\Session\Handlers\FileHandler' driver.
CRITICAL - 2022-04-04 11:31:40 --> Undefined property: stdClass::$criticality_is_deactivated
#0 C:\xampp\htdocs\maintex\app\Views\parametres\equipement\planning_edit.php(256): CodeIgniter\Debug\Exceptions->errorHandler(8, 'Undefined prope...', 'C:\\xampp\\htdocs...', 256, Array)
#1 C:\xampp\htdocs\maintex\system\View\View.php(210): include('C:\\xampp\\htdocs...')
#2 C:\xampp\htdocs\maintex\system\View\View.php(213): CodeIgniter\View\View->CodeIgniter\View\{closure}()
#3 C:\xampp\htdocs\maintex\system\Common.php(1089): CodeIgniter\View\View->render('parametres/equi...', Array, true)
#4 C:\xampp\htdocs\maintex\app\Controllers\parametres\Equipement.php(857): view('parametres/equi...', Array)
#5 C:\xampp\htdocs\maintex\system\CodeIgniter.php(832): App\Controllers\parametres\Equipement->planning_edit()
#6 C:\xampp\htdocs\maintex\system\CodeIgniter.php(419): CodeIgniter\CodeIgniter->runController(Object(App\Controllers\parametres\Equipement))
#7 C:\xampp\htdocs\maintex\system\CodeIgniter.php(326): CodeIgniter\CodeIgniter->handleRequest(NULL, Object(Config\Cache), false)
#8 C:\xampp\htdocs\maintex\index.php(37): CodeIgniter\CodeIgniter->run()
#9 {main}
INFO - 2022-04-04 11:31:41 --> Session: Class initialized using 'CodeIgniter\Session\Handlers\FileHandler' driver.
CRITICAL - 2022-04-04 11:31:41 --> Undefined property: stdClass::$criticality_is_deactivated
#0 C:\xampp\htdocs\maintex\app\Views\parametres\equipement\planning_edit.php(256): CodeIgniter\Debug\Exceptions->errorHandler(8, 'Undefined prope...', 'C:\\xampp\\htdocs...', 256, Array)
#1 C:\xampp\htdocs\maintex\system\View\View.php(210): include('C:\\xampp\\htdocs...')
#2 C:\xampp\htdocs\maintex\system\View\View.php(213): CodeIgniter\View\View->CodeIgniter\View\{closure}()
#3 C:\xampp\htdocs\maintex\system\Common.php(1089): CodeIgniter\View\View->render('parametres/equi...', Array, true)
#4 C:\xampp\htdocs\maintex\app\Controllers\parametres\Equipement.php(857): view('parametres/equi...', Array)
#5 C:\xampp\htdocs\maintex\system\CodeIgniter.php(832): App\Controllers\parametres\Equipement->planning_edit()
#6 C:\xampp\htdocs\maintex\system\CodeIgniter.php(419): CodeIgniter\CodeIgniter->runController(Object(App\Controllers\parametres\Equipement))
#7 C:\xampp\htdocs\maintex\system\CodeIgniter.php(326): CodeIgniter\CodeIgniter->handleRequest(NULL, Object(Config\Cache), false)
#8 C:\xampp\htdocs\maintex\index.php(37): CodeIgniter\CodeIgniter->run()
#9 {main}
INFO - 2022-04-04 11:31:50 --> Session: Class initialized using 'CodeIgniter\Session\Handlers\FileHandler' driver.
CRITICAL - 2022-04-04 11:31:50 --> Undefined property: stdClass::$criticality_is_deactivated
#0 C:\xampp\htdocs\maintex\app\Views\parametres\equipement\planning_edit.php(256): CodeIgniter\Debug\Exceptions->errorHandler(8, 'Undefined prope...', 'C:\\xampp\\htdocs...', 256, Array)
#1 C:\xampp\htdocs\maintex\system\View\View.php(210): include('C:\\xampp\\htdocs...')
#2 C:\xampp\htdocs\maintex\system\View\View.php(213): CodeIgniter\View\View->CodeIgniter\View\{closure}()
#3 C:\xampp\htdocs\maintex\system\Common.php(1089): CodeIgniter\View\View->render('parametres/equi...', Array, true)
#4 C:\xampp\htdocs\maintex\app\Controllers\parametres\Equipement.php(857): view('parametres/equi...', Array)
#5 C:\xampp\htdocs\maintex\system\CodeIgniter.php(832): App\Controllers\parametres\Equipement->planning_edit()
#6 C:\xampp\htdocs\maintex\system\CodeIgniter.php(419): CodeIgniter\CodeIgniter->runController(Object(App\Controllers\parametres\Equipement))
#7 C:\xampp\htdocs\maintex\system\CodeIgniter.php(326): CodeIgniter\CodeIgniter->handleRequest(NULL, Object(Config\Cache), false)
#8 C:\xampp\htdocs\maintex\index.php(37): CodeIgniter\CodeIgniter->run()
#9 {main}
INFO - 2022-04-04 11:31:51 --> Session: Class initialized using 'CodeIgniter\Session\Handlers\FileHandler' driver.
CRITICAL - 2022-04-04 11:31:51 --> Undefined property: stdClass::$criticality_is_deactivated
#0 C:\xampp\htdocs\maintex\app\Views\parametres\equipement\planning_edit.php(256): CodeIgniter\Debug\Exceptions->errorHandler(8, 'Undefined prope...', 'C:\\xampp\\htdocs...', 256, Array)
#1 C:\xampp\htdocs\maintex\system\View\View.php(210): include('C:\\xampp\\htdocs...')
#2 C:\xampp\htdocs\maintex\system\View\View.php(213): CodeIgniter\View\View->CodeIgniter\View\{closure}()
#3 C:\xampp\htdocs\maintex\system\Common.php(1089): CodeIgniter\View\View->render('parametres/equi...', Array, true)
#4 C:\xampp\htdocs\maintex\app\Controllers\parametres\Equipement.php(857): view('parametres/equi...', Array)
#5 C:\xampp\htdocs\maintex\system\CodeIgniter.php(832): App\Controllers\parametres\Equipement->planning_edit()
#6 C:\xampp\htdocs\maintex\system\CodeIgniter.php(419): CodeIgniter\CodeIgniter->runController(Object(App\Controllers\parametres\Equipement))
#7 C:\xampp\htdocs\maintex\system\CodeIgniter.php(326): CodeIgniter\CodeIgniter->handleRequest(NULL, Object(Config\Cache), false)
#8 C:\xampp\htdocs\maintex\index.php(37): CodeIgniter\CodeIgniter->run()
#9 {main}
INFO - 2022-04-04 11:31:51 --> Session: Class initialized using 'CodeIgniter\Session\Handlers\FileHandler' driver.
CRITICAL - 2022-04-04 11:31:51 --> Undefined property: stdClass::$criticality_is_deactivated
#0 C:\xampp\htdocs\maintex\app\Views\parametres\equipement\planning_edit.php(256): CodeIgniter\Debug\Exceptions->errorHandler(8, 'Undefined prope...', 'C:\\xampp\\htdocs...', 256, Array)
#1 C:\xampp\htdocs\maintex\system\View\View.php(210): include('C:\\xampp\\htdocs...')
#2 C:\xampp\htdocs\maintex\system\View\View.php(213): CodeIgniter\View\View->CodeIgniter\View\{closure}()
#3 C:\xampp\htdocs\maintex\system\Common.php(1089): CodeIgniter\View\View->render('parametres/equi...', Array, true)
#4 C:\xampp\htdocs\maintex\app\Controllers\parametres\Equipement.php(857): view('parametres/equi...', Array)
#5 C:\xampp\htdocs\maintex\system\CodeIgniter.php(832): App\Controllers\parametres\Equipement->planning_edit()
#6 C:\xampp\htdocs\maintex\system\CodeIgniter.php(419): CodeIgniter\CodeIgniter->runController(Object(App\Controllers\parametres\Equipement))
#7 C:\xampp\htdocs\maintex\system\CodeIgniter.php(326): CodeIgniter\CodeIgniter->handleRequest(NULL, Object(Config\Cache), false)
#8 C:\xampp\htdocs\maintex\index.php(37): CodeIgniter\CodeIgniter->run()
#9 {main}
INFO - 2022-04-04 11:33:20 --> Session: Class initialized using 'CodeIgniter\Session\Handlers\FileHandler' driver.
INFO - 2022-04-04 11:33:43 --> Session: Class initialized using 'CodeIgniter\Session\Handlers\FileHandler' driver.
INFO - 2022-04-04 11:34:08 --> Session: Class initialized using 'CodeIgniter\Session\Handlers\FileHandler' driver.
INFO - 2022-04-04 11:34:09 --> Session: Class initialized using 'CodeIgniter\Session\Handlers\FileHandler' driver.
INFO - 2022-04-04 11:34:09 --> Session: Class initialized using 'CodeIgniter\Session\Handlers\FileHandler' driver.
>>>>>>> 2e83c92374d15f3a97a532a3ca03dec7a93f06c6
