CRITICAL - 2022-03-14 04:45:01 --> Invalid file: login/indezx.php
#0 C:\Ampps\www\maintex_v\system\View\View.php(198): CodeIgniter\Exceptions\FrameworkException::forInvalidFile('login/indezx.ph...')
#1 C:\Ampps\www\maintex_v\system\Common.php(1089): CodeIgniter\View\View->render('login/indezx', Array, true)
#2 C:\Ampps\www\maintex_v\app\Controllers\Login.php(14): view('login/indezx')
#3 C:\Ampps\www\maintex_v\system\CodeIgniter.php(832): App\Controllers\Login->index()
#4 C:\Ampps\www\maintex_v\system\CodeIgniter.php(419): CodeIgniter\CodeIgniter->runController(Object(App\Controllers\Login))
#5 C:\Ampps\www\maintex_v\system\CodeIgniter.php(326): CodeIgniter\CodeIgniter->handleRequest(NULL, Object(Config\Cache), false)
#6 C:\Ampps\www\maintex_v\index.php(37): CodeIgniter\CodeIgniter->run()
#7 {main}
CRITICAL - 2022-03-14 04:45:19 --> Use of undefined constant Login - assumed 'Login' (this will throw an Error in a future version of PHP)
#0 C:\Ampps\www\maintex_v\app\Views\login\index.php(100): CodeIgniter\Debug\Exceptions->errorHandler(2, 'Use of undefine...', 'C:\\Ampps\\www\\ma...', 100, Array)
#1 C:\Ampps\www\maintex_v\system\View\View.php(210): include('C:\\Ampps\\www\\ma...')
#2 C:\Ampps\www\maintex_v\system\View\View.php(213): CodeIgniter\View\View->CodeIgniter\View\{closure}()
#3 C:\Ampps\www\maintex_v\system\Common.php(1089): CodeIgniter\View\View->render('login/index', Array, true)
#4 C:\Ampps\www\maintex_v\app\Controllers\Login.php(14): view('login/index')
#5 C:\Ampps\www\maintex_v\system\CodeIgniter.php(832): App\Controllers\Login->index()
#6 C:\Ampps\www\maintex_v\system\CodeIgniter.php(419): CodeIgniter\CodeIgniter->runController(Object(App\Controllers\Login))
#7 C:\Ampps\www\maintex_v\system\CodeIgniter.php(326): CodeIgniter\CodeIgniter->handleRequest(NULL, Object(Config\Cache), false)
#8 C:\Ampps\www\maintex_v\index.php(37): CodeIgniter\CodeIgniter->run()
#9 {main}
