CRITICAL - 2022-03-07 09:32:18 --> The framework needs the following extension(s) installed and loaded: intl.
#0 C:\Ampps\www\maintex\system\CodeIgniter.php(219): CodeIgniter\Exceptions\FrameworkException::forMissingExtension('intl')
#1 C:\Ampps\www\maintex\system\CodeIgniter.php(177): CodeIgniter\CodeIgniter->resolvePlatformExtensions()
#2 C:\Ampps\www\maintex\system\bootstrap.php(146): CodeIgniter\CodeIgniter->initialize()
#3 C:\Ampps\www\maintex\public\index.php(28): require('C:\\Ampps\\www\\ma...')
#4 {main}
CRITICAL - 2022-03-07 09:32:47 --> The framework needs the following extension(s) installed and loaded: intl.
#0 C:\Ampps\www\maintex\system\CodeIgniter.php(219): CodeIgniter\Exceptions\FrameworkException::forMissingExtension('intl')
#1 C:\Ampps\www\maintex\system\CodeIgniter.php(177): CodeIgniter\CodeIgniter->resolvePlatformExtensions()
#2 C:\Ampps\www\maintex\system\bootstrap.php(146): CodeIgniter\CodeIgniter->initialize()
#3 C:\Ampps\www\maintex\public\index.php(28): require('C:\\Ampps\\www\\ma...')
#4 {main}
CRITICAL - 2022-03-07 09:45:13 --> The framework needs the following extension(s) installed and loaded: intl.
#0 C:\Ampps\www\maintex\system\CodeIgniter.php(219): CodeIgniter\Exceptions\FrameworkException::forMissingExtension('intl')
#1 C:\Ampps\www\maintex\system\CodeIgniter.php(177): CodeIgniter\CodeIgniter->resolvePlatformExtensions()
#2 C:\Ampps\www\maintex\system\bootstrap.php(146): CodeIgniter\CodeIgniter->initialize()
#3 C:\Ampps\www\maintex\public\index.php(28): require('C:\\Ampps\\www\\ma...')
#4 {main}
CRITICAL - 2022-03-07 09:54:19 --> The framework needs the following extension(s) installed and loaded: intl.
#0 C:\Ampps\www\maintex\system\CodeIgniter.php(219): CodeIgniter\Exceptions\FrameworkException::forMissingExtension('intl')
#1 C:\Ampps\www\maintex\system\CodeIgniter.php(177): CodeIgniter\CodeIgniter->resolvePlatformExtensions()
#2 C:\Ampps\www\maintex\system\bootstrap.php(146): CodeIgniter\CodeIgniter->initialize()
#3 C:\Ampps\www\maintex\index.php(28): require('C:\\Ampps\\www\\ma...')
#4 {main}
CRITICAL - 2022-03-07 11:16:17 --> The framework needs the following extension(s) installed and loaded: intl.
#0 C:\Ampps\www\maintex\system\CodeIgniter.php(219): CodeIgniter\Exceptions\FrameworkException::forMissingExtension('intl')
#1 C:\Ampps\www\maintex\system\CodeIgniter.php(177): CodeIgniter\CodeIgniter->resolvePlatformExtensions()
#2 C:\Ampps\www\maintex\system\bootstrap.php(146): CodeIgniter\CodeIgniter->initialize()
#3 C:\Ampps\www\maintex\index.php(28): require('C:\\Ampps\\www\\ma...')
#4 {main}
CRITICAL - 2022-03-07 11:25:53 --> The framework needs the following extension(s) installed and loaded: intl.
#0 C:\Ampps\www\maintex\system\CodeIgniter.php(219): CodeIgniter\Exceptions\FrameworkException::forMissingExtension('intl')
#1 C:\Ampps\www\maintex\system\CodeIgniter.php(177): CodeIgniter\CodeIgniter->resolvePlatformExtensions()
#2 C:\Ampps\www\maintex\system\bootstrap.php(146): CodeIgniter\CodeIgniter->initialize()
#3 C:\Ampps\www\maintex\index.php(28): require('C:\\Ampps\\www\\ma...')
#4 {main}
CRITICAL - 2022-03-07 11:25:55 --> The framework needs the following extension(s) installed and loaded: intl.
#0 C:\Ampps\www\maintex\system\CodeIgniter.php(219): CodeIgniter\Exceptions\FrameworkException::forMissingExtension('intl')
#1 C:\Ampps\www\maintex\system\CodeIgniter.php(177): CodeIgniter\CodeIgniter->resolvePlatformExtensions()
#2 C:\Ampps\www\maintex\system\bootstrap.php(146): CodeIgniter\CodeIgniter->initialize()
#3 C:\Ampps\www\maintex\index.php(28): require('C:\\Ampps\\www\\ma...')
#4 {main}
CRITICAL - 2022-03-07 11:29:24 --> The framework needs the following extension(s) installed and loaded: intl.
#0 C:\Ampps\www\maintex\system\CodeIgniter.php(219): CodeIgniter\Exceptions\FrameworkException::forMissingExtension('intl')
#1 C:\Ampps\www\maintex\system\CodeIgniter.php(177): CodeIgniter\CodeIgniter->resolvePlatformExtensions()
#2 C:\Ampps\www\maintex\system\bootstrap.php(146): CodeIgniter\CodeIgniter->initialize()
#3 C:\Ampps\www\maintex\index.php(28): require('C:\\Ampps\\www\\ma...')
#4 {main}
CRITICAL - 2022-03-07 11:31:28 --> The framework needs the following extension(s) installed and loaded: intl.
#0 C:\Ampps\www\maintex\system\CodeIgniter.php(219): CodeIgniter\Exceptions\FrameworkException::forMissingExtension('intl')
#1 C:\Ampps\www\maintex\system\CodeIgniter.php(177): CodeIgniter\CodeIgniter->resolvePlatformExtensions()
#2 C:\Ampps\www\maintex\system\bootstrap.php(146): CodeIgniter\CodeIgniter->initialize()
#3 C:\Ampps\www\maintex\index.php(28): require('C:\\Ampps\\www\\ma...')
#4 {main}
CRITICAL - 2022-03-07 11:32:03 --> The framework needs the following extension(s) installed and loaded: intl.
#0 C:\Ampps\www\maintex\system\CodeIgniter.php(219): CodeIgniter\Exceptions\FrameworkException::forMissingExtension('intl')
#1 C:\Ampps\www\maintex\system\CodeIgniter.php(177): CodeIgniter\CodeIgniter->resolvePlatformExtensions()
#2 C:\Ampps\www\maintex\system\bootstrap.php(146): CodeIgniter\CodeIgniter->initialize()
#3 C:\Ampps\www\maintex\index.php(28): require('C:\\Ampps\\www\\ma...')
#4 {main}
CRITICAL - 2022-03-07 11:32:08 --> The framework needs the following extension(s) installed and loaded: intl.
#0 C:\Ampps\www\maintex\system\CodeIgniter.php(219): CodeIgniter\Exceptions\FrameworkException::forMissingExtension('intl')
#1 C:\Ampps\www\maintex\system\CodeIgniter.php(177): CodeIgniter\CodeIgniter->resolvePlatformExtensions()
#2 C:\Ampps\www\maintex\system\bootstrap.php(146): CodeIgniter\CodeIgniter->initialize()
#3 C:\Ampps\www\maintex\index.php(28): require('C:\\Ampps\\www\\ma...')
#4 {main}
CRITICAL - 2022-03-07 05:55:56 --> syntax error, unexpected 'echo' (T_ECHO)
#0 C:\Ampps\www\maintex\system\View\View.php(213): CodeIgniter\View\View->CodeIgniter\View\{closure}()
#1 C:\Ampps\www\maintex\system\Common.php(1089): CodeIgniter\View\View->render('welcome_message', Array, true)
#2 C:\Ampps\www\maintex\app\Controllers\Home.php(9): view('welcome_message')
#3 C:\Ampps\www\maintex\system\CodeIgniter.php(832): App\Controllers\Home->index()
#4 C:\Ampps\www\maintex\system\CodeIgniter.php(419): CodeIgniter\CodeIgniter->runController(Object(App\Controllers\Home))
#5 C:\Ampps\www\maintex\system\CodeIgniter.php(326): CodeIgniter\CodeIgniter->handleRequest(NULL, Object(Config\Cache), false)
#6 C:\Ampps\www\maintex\index.php(37): CodeIgniter\CodeIgniter->run()
#7 {main}
