<<<<<<< HEAD
INFO - 2022-05-06 03:44:57 --> Session: Class initialized using 'CodeIgniter\Session\Handlers\FileHandler' driver.
INFO - 2022-05-06 03:45:21 --> Session: Class initialized using 'CodeIgniter\Session\Handlers\FileHandler' driver.
INFO - 2022-05-06 03:45:21 --> Session: Class initialized using 'CodeIgniter\Session\Handlers\FileHandler' driver.
INFO - 2022-05-06 03:45:23 --> Session: Class initialized using 'CodeIgniter\Session\Handlers\FileHandler' driver.
INFO - 2022-05-06 03:45:23 --> Session: Class initialized using 'CodeIgniter\Session\Handlers\FileHandler' driver.
INFO - 2022-05-06 03:45:23 --> Session: Class initialized using 'CodeIgniter\Session\Handlers\FileHandler' driver.
INFO - 2022-05-06 03:45:23 --> Session: Class initialized using 'CodeIgniter\Session\Handlers\FileHandler' driver.
INFO - 2022-05-06 03:45:23 --> Session: Class initialized using 'CodeIgniter\Session\Handlers\FileHandler' driver.
INFO - 2022-05-06 03:45:23 --> Session: Class initialized using 'CodeIgniter\Session\Handlers\FileHandler' driver.
INFO - 2022-05-06 03:45:23 --> Session: Class initialized using 'CodeIgniter\Session\Handlers\FileHandler' driver.
INFO - 2022-05-06 03:45:23 --> Session: Class initialized using 'CodeIgniter\Session\Handlers\FileHandler' driver.
INFO - 2022-05-06 03:55:32 --> Session: Class initialized using 'CodeIgniter\Session\Handlers\FileHandler' driver.
INFO - 2022-05-06 03:55:33 --> Session: Class initialized using 'CodeIgniter\Session\Handlers\FileHandler' driver.
INFO - 2022-05-06 03:58:11 --> Session: Class initialized using 'CodeIgniter\Session\Handlers\FileHandler' driver.
INFO - 2022-05-06 03:58:12 --> Session: Class initialized using 'CodeIgniter\Session\Handlers\FileHandler' driver.
INFO - 2022-05-06 03:58:26 --> Session: Class initialized using 'CodeIgniter\Session\Handlers\FileHandler' driver.
INFO - 2022-05-06 04:01:24 --> Session: Class initialized using 'CodeIgniter\Session\Handlers\FileHandler' driver.
INFO - 2022-05-06 04:01:25 --> Session: Class initialized using 'CodeIgniter\Session\Handlers\FileHandler' driver.
INFO - 2022-05-06 04:01:33 --> Session: Class initialized using 'CodeIgniter\Session\Handlers\FileHandler' driver.
INFO - 2022-05-06 04:01:35 --> Session: Class initialized using 'CodeIgniter\Session\Handlers\FileHandler' driver.
INFO - 2022-05-06 04:02:30 --> Session: Class initialized using 'CodeIgniter\Session\Handlers\FileHandler' driver.
ERROR - 2022-05-06 04:02:30 --> Unknown table 'meter_updatea'
CRITICAL - 2022-05-06 04:02:30 --> Unknown table 'meter_updatea'
#0 C:\Ampps\www\maintex\system\Database\MySQLi\Connection.php(292): mysqli->query('SELECT `meter_u...', 0)
#1 C:\Ampps\www\maintex\system\Database\BaseConnection.php(670): CodeIgniter\Database\MySQLi\Connection->execute('SELECT `meter_u...')
#2 C:\Ampps\www\maintex\system\Database\BaseConnection.php(598): CodeIgniter\Database\BaseConnection->simpleQuery('SELECT `meter_u...')
#3 C:\Ampps\www\maintex\system\Database\BaseBuilder.php(1455): CodeIgniter\Database\BaseConnection->query('SELECT `meter_u...', Array, false)
#4 C:\Ampps\www\maintex\app\Models\SuiviEquipement.php(54): CodeIgniter\Database\BaseBuilder->get()
#5 C:\Ampps\www\maintex\app\Controllers\Suivi_equipement.php(76): App\Models\SuiviEquipement->meterupdate_datatable_data(Array)
#6 C:\Ampps\www\maintex\system\CodeIgniter.php(832): App\Controllers\Suivi_equipement->datatable_meterupdate()
#7 C:\Ampps\www\maintex\system\CodeIgniter.php(419): CodeIgniter\CodeIgniter->runController(Object(App\Controllers\Suivi_equipement))
#8 C:\Ampps\www\maintex\system\CodeIgniter.php(326): CodeIgniter\CodeIgniter->handleRequest(NULL, Object(Config\Cache), false)
#9 C:\Ampps\www\maintex\index.php(37): CodeIgniter\CodeIgniter->run()
#10 {main}
INFO - 2022-05-06 04:06:31 --> Session: Class initialized using 'CodeIgniter\Session\Handlers\FileHandler' driver.
INFO - 2022-05-06 04:06:33 --> Session: Class initialized using 'CodeIgniter\Session\Handlers\FileHandler' driver.
INFO - 2022-05-06 04:06:56 --> Session: Class initialized using 'CodeIgniter\Session\Handlers\FileHandler' driver.
INFO - 2022-05-06 04:06:58 --> Session: Class initialized using 'CodeIgniter\Session\Handlers\FileHandler' driver.
INFO - 2022-05-06 04:07:46 --> Session: Class initialized using 'CodeIgniter\Session\Handlers\FileHandler' driver.
INFO - 2022-05-06 04:07:47 --> Session: Class initialized using 'CodeIgniter\Session\Handlers\FileHandler' driver.
INFO - 2022-05-06 04:10:06 --> Session: Class initialized using 'CodeIgniter\Session\Handlers\FileHandler' driver.
INFO - 2022-05-06 04:11:13 --> Session: Class initialized using 'CodeIgniter\Session\Handlers\FileHandler' driver.
INFO - 2022-05-06 04:11:17 --> Session: Class initialized using 'CodeIgniter\Session\Handlers\FileHandler' driver.
INFO - 2022-05-06 04:11:31 --> Session: Class initialized using 'CodeIgniter\Session\Handlers\FileHandler' driver.
INFO - 2022-05-06 04:11:31 --> Session: Class initialized using 'CodeIgniter\Session\Handlers\FileHandler' driver.
INFO - 2022-05-06 04:11:31 --> Session: Class initialized using 'CodeIgniter\Session\Handlers\FileHandler' driver.
INFO - 2022-05-06 04:11:44 --> Session: Class initialized using 'CodeIgniter\Session\Handlers\FileHandler' driver.
INFO - 2022-05-06 04:11:45 --> Session: Class initialized using 'CodeIgniter\Session\Handlers\FileHandler' driver.
INFO - 2022-05-06 04:27:45 --> Session: Class initialized using 'CodeIgniter\Session\Handlers\FileHandler' driver.
INFO - 2022-05-06 04:27:46 --> Session: Class initialized using 'CodeIgniter\Session\Handlers\FileHandler' driver.
INFO - 2022-05-06 04:31:20 --> Session: Class initialized using 'CodeIgniter\Session\Handlers\FileHandler' driver.
INFO - 2022-05-06 04:31:21 --> Session: Class initialized using 'CodeIgniter\Session\Handlers\FileHandler' driver.
INFO - 2022-05-06 04:33:53 --> Session: Class initialized using 'CodeIgniter\Session\Handlers\FileHandler' driver.
INFO - 2022-05-06 04:40:45 --> Session: Class initialized using 'CodeIgniter\Session\Handlers\FileHandler' driver.
INFO - 2022-05-06 04:40:46 --> Session: Class initialized using 'CodeIgniter\Session\Handlers\FileHandler' driver.
INFO - 2022-05-06 04:42:04 --> Session: Class initialized using 'CodeIgniter\Session\Handlers\FileHandler' driver.
INFO - 2022-05-06 04:42:05 --> Session: Class initialized using 'CodeIgniter\Session\Handlers\FileHandler' driver.
INFO - 2022-05-06 05:02:18 --> Session: Class initialized using 'CodeIgniter\Session\Handlers\FileHandler' driver.
INFO - 2022-05-06 05:02:20 --> Session: Class initialized using 'CodeIgniter\Session\Handlers\FileHandler' driver.
INFO - 2022-05-06 05:02:43 --> Session: Class initialized using 'CodeIgniter\Session\Handlers\FileHandler' driver.
INFO - 2022-05-06 05:02:45 --> Session: Class initialized using 'CodeIgniter\Session\Handlers\FileHandler' driver.
INFO - 2022-05-06 05:03:05 --> Session: Class initialized using 'CodeIgniter\Session\Handlers\FileHandler' driver.
CRITICAL - 2022-05-06 05:03:05 --> Undefined variable: sector
#0 C:\Ampps\www\maintex\app\Views\suivi_equipement\transfert_equipement.php(162): CodeIgniter\Debug\Exceptions->errorHandler(8, 'Undefined varia...', 'C:\\Ampps\\www\\ma...', 162, Array)
#1 C:\Ampps\www\maintex\system\View\View.php(210): include('C:\\Ampps\\www\\ma...')
#2 C:\Ampps\www\maintex\system\View\View.php(213): CodeIgniter\View\View->CodeIgniter\View\{closure}()
#3 C:\Ampps\www\maintex\system\Common.php(1089): CodeIgniter\View\View->render('suivi_equipemen...', Array, true)
#4 C:\Ampps\www\maintex\app\Controllers\BaseController.php(173): view('suivi_equipemen...', Array)
#5 C:\Ampps\www\maintex\app\Controllers\Suivi_equipement.php(257): App\Controllers\BaseController->load_view('suivi_equipemen...', Array)
#6 C:\Ampps\www\maintex\system\CodeIgniter.php(832): App\Controllers\Suivi_equipement->transfert_equipement()
#7 C:\Ampps\www\maintex\system\CodeIgniter.php(419): CodeIgniter\CodeIgniter->runController(Object(App\Controllers\Suivi_equipement))
#8 C:\Ampps\www\maintex\system\CodeIgniter.php(326): CodeIgniter\CodeIgniter->handleRequest(NULL, Object(Config\Cache), false)
#9 C:\Ampps\www\maintex\index.php(37): CodeIgniter\CodeIgniter->run()
#10 {main}
INFO - 2022-05-06 05:03:08 --> Session: Class initialized using 'CodeIgniter\Session\Handlers\FileHandler' driver.
INFO - 2022-05-06 05:03:09 --> Session: Class initialized using 'CodeIgniter\Session\Handlers\FileHandler' driver.
INFO - 2022-05-06 05:51:06 --> Session: Class initialized using 'CodeIgniter\Session\Handlers\FileHandler' driver.
INFO - 2022-05-06 05:51:07 --> Session: Class initialized using 'CodeIgniter\Session\Handlers\FileHandler' driver.
INFO - 2022-05-06 11:14:10 --> Session: Class initialized using 'CodeIgniter\Session\Handlers\FileHandler' driver.
INFO - 2022-05-06 11:14:14 --> Session: Class initialized using 'CodeIgniter\Session\Handlers\FileHandler' driver.
INFO - 2022-05-06 11:14:54 --> Session: Class initialized using 'CodeIgniter\Session\Handlers\FileHandler' driver.
INFO - 2022-05-06 11:14:59 --> Session: Class initialized using 'CodeIgniter\Session\Handlers\FileHandler' driver.
INFO - 2022-05-06 11:15:24 --> Session: Class initialized using 'CodeIgniter\Session\Handlers\FileHandler' driver.
INFO - 2022-05-06 11:15:30 --> Session: Class initialized using 'CodeIgniter\Session\Handlers\FileHandler' driver.
INFO - 2022-05-06 11:15:39 --> Session: Class initialized using 'CodeIgniter\Session\Handlers\FileHandler' driver.
INFO - 2022-05-06 11:17:30 --> Session: Class initialized using 'CodeIgniter\Session\Handlers\FileHandler' driver.
INFO - 2022-05-06 11:17:30 --> Session: Class initialized using 'CodeIgniter\Session\Handlers\FileHandler' driver.
INFO - 2022-05-06 11:17:32 --> Session: Class initialized using 'CodeIgniter\Session\Handlers\FileHandler' driver.
INFO - 2022-05-06 11:17:32 --> Session: Class initialized using 'CodeIgniter\Session\Handlers\FileHandler' driver.
INFO - 2022-05-06 11:17:32 --> Session: Class initialized using 'CodeIgniter\Session\Handlers\FileHandler' driver.
INFO - 2022-05-06 11:17:32 --> Session: Class initialized using 'CodeIgniter\Session\Handlers\FileHandler' driver.
INFO - 2022-05-06 11:17:32 --> Session: Class initialized using 'CodeIgniter\Session\Handlers\FileHandler' driver.
INFO - 2022-05-06 11:17:32 --> Session: Class initialized using 'CodeIgniter\Session\Handlers\FileHandler' driver.
INFO - 2022-05-06 11:17:32 --> Session: Class initialized using 'CodeIgniter\Session\Handlers\FileHandler' driver.
INFO - 2022-05-06 11:17:32 --> Session: Class initialized using 'CodeIgniter\Session\Handlers\FileHandler' driver.
INFO - 2022-05-06 11:19:33 --> Session: Class initialized using 'CodeIgniter\Session\Handlers\FileHandler' driver.
INFO - 2022-05-06 11:19:34 --> Session: Class initialized using 'CodeIgniter\Session\Handlers\FileHandler' driver.
INFO - 2022-05-06 11:22:37 --> Session: Class initialized using 'CodeIgniter\Session\Handlers\FileHandler' driver.
CRITICAL - 2022-05-06 11:22:37 --> Class 'App\Models\Nomenclature' not found
#0 C:\Ampps\www\maintex\system\CodeIgniter.php(809): App\Controllers\Suivi_equipement->__construct()
#1 C:\Ampps\www\maintex\system\CodeIgniter.php(410): CodeIgniter\CodeIgniter->createController()
#2 C:\Ampps\www\maintex\system\CodeIgniter.php(326): CodeIgniter\CodeIgniter->handleRequest(NULL, Object(Config\Cache), false)
#3 C:\Ampps\www\maintex\index.php(37): CodeIgniter\CodeIgniter->run()
#4 {main}
INFO - 2022-05-06 11:26:48 --> Session: Class initialized using 'CodeIgniter\Session\Handlers\FileHandler' driver.
CRITICAL - 2022-05-06 11:26:48 --> Class 'App\Models\Nomenclature' not found
#0 C:\Ampps\www\maintex\system\CodeIgniter.php(809): App\Controllers\Suivi_equipement->__construct()
#1 C:\Ampps\www\maintex\system\CodeIgniter.php(410): CodeIgniter\CodeIgniter->createController()
#2 C:\Ampps\www\maintex\system\CodeIgniter.php(326): CodeIgniter\CodeIgniter->handleRequest(NULL, Object(Config\Cache), false)
#3 C:\Ampps\www\maintex\index.php(37): CodeIgniter\CodeIgniter->run()
#4 {main}
INFO - 2022-05-06 11:28:59 --> Session: Class initialized using 'CodeIgniter\Session\Handlers\FileHandler' driver.
INFO - 2022-05-06 11:29:00 --> Session: Class initialized using 'CodeIgniter\Session\Handlers\FileHandler' driver.
INFO - 2022-05-06 11:31:16 --> Session: Class initialized using 'CodeIgniter\Session\Handlers\FileHandler' driver.
CRITICAL - 2022-05-06 11:31:17 --> Undefined property: stdClass::$equip_cost_center_id
#0 C:\Ampps\www\maintex\app\Views\suivi_equipement\releve_mesure.php(224): CodeIgniter\Debug\Exceptions->errorHandler(8, 'Undefined prope...', 'C:\\Ampps\\www\\ma...', 224, Array)
#1 C:\Ampps\www\maintex\system\View\View.php(210): include('C:\\Ampps\\www\\ma...')
#2 C:\Ampps\www\maintex\system\View\View.php(213): CodeIgniter\View\View->CodeIgniter\View\{closure}()
#3 C:\Ampps\www\maintex\system\Common.php(1089): CodeIgniter\View\View->render('suivi_equipemen...', Array, true)
#4 C:\Ampps\www\maintex\app\Controllers\BaseController.php(173): view('suivi_equipemen...', Array)
#5 C:\Ampps\www\maintex\app\Controllers\Suivi_equipement.php(133): App\Controllers\BaseController->load_view('suivi_equipemen...', Array)
#6 C:\Ampps\www\maintex\system\CodeIgniter.php(832): App\Controllers\Suivi_equipement->releve_mesure()
#7 C:\Ampps\www\maintex\system\CodeIgniter.php(419): CodeIgniter\CodeIgniter->runController(Object(App\Controllers\Suivi_equipement))
#8 C:\Ampps\www\maintex\system\CodeIgniter.php(326): CodeIgniter\CodeIgniter->handleRequest(NULL, Object(Config\Cache), false)
#9 C:\Ampps\www\maintex\index.php(37): CodeIgniter\CodeIgniter->run()
#10 {main}
INFO - 2022-05-06 11:35:56 --> Session: Class initialized using 'CodeIgniter\Session\Handlers\FileHandler' driver.
CRITICAL - 2022-05-06 11:35:56 --> Undefined property: stdClass::$component_id
#0 C:\Ampps\www\maintex\app\Views\suivi_equipement\releve_mesure.php(243): CodeIgniter\Debug\Exceptions->errorHandler(8, 'Undefined prope...', 'C:\\Ampps\\www\\ma...', 243, Array)
#1 C:\Ampps\www\maintex\system\View\View.php(210): include('C:\\Ampps\\www\\ma...')
#2 C:\Ampps\www\maintex\system\View\View.php(213): CodeIgniter\View\View->CodeIgniter\View\{closure}()
#3 C:\Ampps\www\maintex\system\Common.php(1089): CodeIgniter\View\View->render('suivi_equipemen...', Array, true)
#4 C:\Ampps\www\maintex\app\Controllers\BaseController.php(173): view('suivi_equipemen...', Array)
#5 C:\Ampps\www\maintex\app\Controllers\Suivi_equipement.php(133): App\Controllers\BaseController->load_view('suivi_equipemen...', Array)
#6 C:\Ampps\www\maintex\system\CodeIgniter.php(832): App\Controllers\Suivi_equipement->releve_mesure()
#7 C:\Ampps\www\maintex\system\CodeIgniter.php(419): CodeIgniter\CodeIgniter->runController(Object(App\Controllers\Suivi_equipement))
#8 C:\Ampps\www\maintex\system\CodeIgniter.php(326): CodeIgniter\CodeIgniter->handleRequest(NULL, Object(Config\Cache), false)
#9 C:\Ampps\www\maintex\index.php(37): CodeIgniter\CodeIgniter->run()
#10 {main}
INFO - 2022-05-06 11:37:43 --> Session: Class initialized using 'CodeIgniter\Session\Handlers\FileHandler' driver.
INFO - 2022-05-06 11:37:45 --> Session: Class initialized using 'CodeIgniter\Session\Handlers\FileHandler' driver.
INFO - 2022-05-06 11:40:39 --> Session: Class initialized using 'CodeIgniter\Session\Handlers\FileHandler' driver.
INFO - 2022-05-06 11:40:40 --> Session: Class initialized using 'CodeIgniter\Session\Handlers\FileHandler' driver.
INFO - 2022-05-06 11:40:49 --> Session: Class initialized using 'CodeIgniter\Session\Handlers\FileHandler' driver.
INFO - 2022-05-06 11:40:52 --> Session: Class initialized using 'CodeIgniter\Session\Handlers\FileHandler' driver.
INFO - 2022-05-06 11:40:59 --> Session: Class initialized using 'CodeIgniter\Session\Handlers\FileHandler' driver.
INFO - 2022-05-06 11:40:59 --> Session: Class initialized using 'CodeIgniter\Session\Handlers\FileHandler' driver.
INFO - 2022-05-06 11:41:00 --> Session: Class initialized using 'CodeIgniter\Session\Handlers\FileHandler' driver.
INFO - 2022-05-06 11:41:10 --> Session: Class initialized using 'CodeIgniter\Session\Handlers\FileHandler' driver.
INFO - 2022-05-06 11:41:12 --> Session: Class initialized using 'CodeIgniter\Session\Handlers\FileHandler' driver.
INFO - 2022-05-06 11:41:39 --> Session: Class initialized using 'CodeIgniter\Session\Handlers\FileHandler' driver.
INFO - 2022-05-06 11:41:44 --> Session: Class initialized using 'CodeIgniter\Session\Handlers\FileHandler' driver.
INFO - 2022-05-06 11:41:54 --> Session: Class initialized using 'CodeIgniter\Session\Handlers\FileHandler' driver.
INFO - 2022-05-06 11:41:54 --> Session: Class initialized using 'CodeIgniter\Session\Handlers\FileHandler' driver.
INFO - 2022-05-06 11:41:54 --> Session: Class initialized using 'CodeIgniter\Session\Handlers\FileHandler' driver.
INFO - 2022-05-06 11:42:10 --> Session: Class initialized using 'CodeIgniter\Session\Handlers\FileHandler' driver.
INFO - 2022-05-06 11:42:11 --> Session: Class initialized using 'CodeIgniter\Session\Handlers\FileHandler' driver.
=======
INFO - 2022-05-06 03:41:27 --> Session: Class initialized using 'CodeIgniter\Session\Handlers\FileHandler' driver.
INFO - 2022-05-06 03:41:27 --> Session: Class initialized using 'CodeIgniter\Session\Handlers\FileHandler' driver.
INFO - 2022-05-06 03:42:44 --> Session: Class initialized using 'CodeIgniter\Session\Handlers\FileHandler' driver.
INFO - 2022-05-06 03:42:45 --> Session: Class initialized using 'CodeIgniter\Session\Handlers\FileHandler' driver.
INFO - 2022-05-06 03:42:50 --> Session: Class initialized using 'CodeIgniter\Session\Handlers\FileHandler' driver.
INFO - 2022-05-06 03:42:50 --> Session: Class initialized using 'CodeIgniter\Session\Handlers\FileHandler' driver.
INFO - 2022-05-06 03:42:50 --> Session: Class initialized using 'CodeIgniter\Session\Handlers\FileHandler' driver.
INFO - 2022-05-06 03:42:50 --> Session: Class initialized using 'CodeIgniter\Session\Handlers\FileHandler' driver.
INFO - 2022-05-06 03:42:51 --> Session: Class initialized using 'CodeIgniter\Session\Handlers\FileHandler' driver.
INFO - 2022-05-06 03:42:51 --> Session: Class initialized using 'CodeIgniter\Session\Handlers\FileHandler' driver.
INFO - 2022-05-06 03:42:51 --> Session: Class initialized using 'CodeIgniter\Session\Handlers\FileHandler' driver.
INFO - 2022-05-06 03:42:51 --> Session: Class initialized using 'CodeIgniter\Session\Handlers\FileHandler' driver.
INFO - 2022-05-06 03:43:18 --> Session: Class initialized using 'CodeIgniter\Session\Handlers\FileHandler' driver.
INFO - 2022-05-06 03:43:19 --> Session: Class initialized using 'CodeIgniter\Session\Handlers\FileHandler' driver.
INFO - 2022-05-06 03:43:23 --> Session: Class initialized using 'CodeIgniter\Session\Handlers\FileHandler' driver.
INFO - 2022-05-06 03:43:23 --> Session: Class initialized using 'CodeIgniter\Session\Handlers\FileHandler' driver.
INFO - 2022-05-06 03:43:23 --> Session: Class initialized using 'CodeIgniter\Session\Handlers\FileHandler' driver.
INFO - 2022-05-06 03:43:23 --> Session: Class initialized using 'CodeIgniter\Session\Handlers\FileHandler' driver.
INFO - 2022-05-06 03:43:23 --> Session: Class initialized using 'CodeIgniter\Session\Handlers\FileHandler' driver.
INFO - 2022-05-06 03:43:23 --> Session: Class initialized using 'CodeIgniter\Session\Handlers\FileHandler' driver.
INFO - 2022-05-06 03:43:24 --> Session: Class initialized using 'CodeIgniter\Session\Handlers\FileHandler' driver.
INFO - 2022-05-06 03:43:24 --> Session: Class initialized using 'CodeIgniter\Session\Handlers\FileHandler' driver.
<<<<<<< HEAD
INFO - 2022-05-06 04:22:16 --> Session: Class initialized using 'CodeIgniter\Session\Handlers\FileHandler' driver.
INFO - 2022-05-06 04:22:17 --> Session: Class initialized using 'CodeIgniter\Session\Handlers\FileHandler' driver.
INFO - 2022-05-06 04:22:20 --> Session: Class initialized using 'CodeIgniter\Session\Handlers\FileHandler' driver.
INFO - 2022-05-06 04:22:20 --> Session: Class initialized using 'CodeIgniter\Session\Handlers\FileHandler' driver.
INFO - 2022-05-06 04:22:20 --> Session: Class initialized using 'CodeIgniter\Session\Handlers\FileHandler' driver.
INFO - 2022-05-06 04:22:20 --> Session: Class initialized using 'CodeIgniter\Session\Handlers\FileHandler' driver.
INFO - 2022-05-06 04:22:20 --> Session: Class initialized using 'CodeIgniter\Session\Handlers\FileHandler' driver.
INFO - 2022-05-06 04:22:20 --> Session: Class initialized using 'CodeIgniter\Session\Handlers\FileHandler' driver.
INFO - 2022-05-06 04:22:20 --> Session: Class initialized using 'CodeIgniter\Session\Handlers\FileHandler' driver.
INFO - 2022-05-06 04:22:20 --> Session: Class initialized using 'CodeIgniter\Session\Handlers\FileHandler' driver.
INFO - 2022-05-06 04:22:26 --> Session: Class initialized using 'CodeIgniter\Session\Handlers\FileHandler' driver.
INFO - 2022-05-06 04:22:28 --> Session: Class initialized using 'CodeIgniter\Session\Handlers\FileHandler' driver.
INFO - 2022-05-06 04:22:29 --> Session: Class initialized using 'CodeIgniter\Session\Handlers\FileHandler' driver.
INFO - 2022-05-06 04:22:29 --> Session: Class initialized using 'CodeIgniter\Session\Handlers\FileHandler' driver.
INFO - 2022-05-06 04:22:29 --> Session: Class initialized using 'CodeIgniter\Session\Handlers\FileHandler' driver.
INFO - 2022-05-06 04:22:29 --> Session: Class initialized using 'CodeIgniter\Session\Handlers\FileHandler' driver.
INFO - 2022-05-06 04:22:29 --> Session: Class initialized using 'CodeIgniter\Session\Handlers\FileHandler' driver.
INFO - 2022-05-06 04:22:29 --> Session: Class initialized using 'CodeIgniter\Session\Handlers\FileHandler' driver.
INFO - 2022-05-06 04:22:29 --> Session: Class initialized using 'CodeIgniter\Session\Handlers\FileHandler' driver.
INFO - 2022-05-06 04:23:09 --> Session: Class initialized using 'CodeIgniter\Session\Handlers\FileHandler' driver.
INFO - 2022-05-06 04:34:05 --> Session: Class initialized using 'CodeIgniter\Session\Handlers\FileHandler' driver.
INFO - 2022-05-06 04:47:29 --> Session: Class initialized using 'CodeIgniter\Session\Handlers\FileHandler' driver.
INFO - 2022-05-06 04:47:37 --> Session: Class initialized using 'CodeIgniter\Session\Handlers\FileHandler' driver.
INFO - 2022-05-06 04:47:43 --> Session: Class initialized using 'CodeIgniter\Session\Handlers\FileHandler' driver.
INFO - 2022-05-06 04:48:05 --> Session: Class initialized using 'CodeIgniter\Session\Handlers\FileHandler' driver.
INFO - 2022-05-06 04:48:06 --> Session: Class initialized using 'CodeIgniter\Session\Handlers\FileHandler' driver.
INFO - 2022-05-06 04:48:11 --> Session: Class initialized using 'CodeIgniter\Session\Handlers\FileHandler' driver.
INFO - 2022-05-06 04:48:31 --> Session: Class initialized using 'CodeIgniter\Session\Handlers\FileHandler' driver.
INFO - 2022-05-06 04:54:33 --> Session: Class initialized using 'CodeIgniter\Session\Handlers\FileHandler' driver.
INFO - 2022-05-06 04:54:36 --> Session: Class initialized using 'CodeIgniter\Session\Handlers\FileHandler' driver.
INFO - 2022-05-06 04:54:36 --> Session: Class initialized using 'CodeIgniter\Session\Handlers\FileHandler' driver.
INFO - 2022-05-06 04:54:36 --> Session: Class initialized using 'CodeIgniter\Session\Handlers\FileHandler' driver.
INFO - 2022-05-06 04:54:36 --> Session: Class initialized using 'CodeIgniter\Session\Handlers\FileHandler' driver.
INFO - 2022-05-06 04:54:36 --> Session: Class initialized using 'CodeIgniter\Session\Handlers\FileHandler' driver.
INFO - 2022-05-06 04:54:37 --> Session: Class initialized using 'CodeIgniter\Session\Handlers\FileHandler' driver.
INFO - 2022-05-06 04:54:37 --> Session: Class initialized using 'CodeIgniter\Session\Handlers\FileHandler' driver.
INFO - 2022-05-06 04:54:37 --> Session: Class initialized using 'CodeIgniter\Session\Handlers\FileHandler' driver.
INFO - 2022-05-06 04:55:32 --> Session: Class initialized using 'CodeIgniter\Session\Handlers\FileHandler' driver.
INFO - 2022-05-06 04:55:47 --> Session: Class initialized using 'CodeIgniter\Session\Handlers\FileHandler' driver.
INFO - 2022-05-06 04:55:51 --> Session: Class initialized using 'CodeIgniter\Session\Handlers\FileHandler' driver.
INFO - 2022-05-06 04:55:57 --> Session: Class initialized using 'CodeIgniter\Session\Handlers\FileHandler' driver.
INFO - 2022-05-06 04:56:14 --> Session: Class initialized using 'CodeIgniter\Session\Handlers\FileHandler' driver.
INFO - 2022-05-06 04:56:37 --> Session: Class initialized using 'CodeIgniter\Session\Handlers\FileHandler' driver.
INFO - 2022-05-06 05:00:01 --> Session: Class initialized using 'CodeIgniter\Session\Handlers\FileHandler' driver.
INFO - 2022-05-06 05:00:12 --> Session: Class initialized using 'CodeIgniter\Session\Handlers\FileHandler' driver.
INFO - 2022-05-06 05:00:16 --> Session: Class initialized using 'CodeIgniter\Session\Handlers\FileHandler' driver.
INFO - 2022-05-06 05:00:19 --> Session: Class initialized using 'CodeIgniter\Session\Handlers\FileHandler' driver.
INFO - 2022-05-06 05:00:22 --> Session: Class initialized using 'CodeIgniter\Session\Handlers\FileHandler' driver.
INFO - 2022-05-06 05:03:34 --> Session: Class initialized using 'CodeIgniter\Session\Handlers\FileHandler' driver.
INFO - 2022-05-06 05:05:54 --> Session: Class initialized using 'CodeIgniter\Session\Handlers\FileHandler' driver.
INFO - 2022-05-06 05:05:59 --> Session: Class initialized using 'CodeIgniter\Session\Handlers\FileHandler' driver.
INFO - 2022-05-06 05:06:50 --> Session: Class initialized using 'CodeIgniter\Session\Handlers\FileHandler' driver.
INFO - 2022-05-06 05:09:47 --> Session: Class initialized using 'CodeIgniter\Session\Handlers\FileHandler' driver.
INFO - 2022-05-06 05:11:05 --> Session: Class initialized using 'CodeIgniter\Session\Handlers\FileHandler' driver.
INFO - 2022-05-06 05:55:37 --> Session: Class initialized using 'CodeIgniter\Session\Handlers\FileHandler' driver.
INFO - 2022-05-06 05:55:46 --> Session: Class initialized using 'CodeIgniter\Session\Handlers\FileHandler' driver.
INFO - 2022-05-06 06:02:37 --> Session: Class initialized using 'CodeIgniter\Session\Handlers\FileHandler' driver.
INFO - 2022-05-06 06:02:38 --> Session: Class initialized using 'CodeIgniter\Session\Handlers\FileHandler' driver.
CRITICAL - 2022-05-06 06:02:38 --> Call to undefined method App\Controllers\actors\Supplier::member_list()
#0 C:\xampp\htdocs\maintex\system\CodeIgniter.php(832): App\Controllers\actors\Supplier->supplier_update()
#1 C:\xampp\htdocs\maintex\system\CodeIgniter.php(419): CodeIgniter\CodeIgniter->runController(Object(App\Controllers\actors\Supplier))
#2 C:\xampp\htdocs\maintex\system\CodeIgniter.php(326): CodeIgniter\CodeIgniter->handleRequest(NULL, Object(Config\Cache), false)
#3 C:\xampp\htdocs\maintex\index.php(37): CodeIgniter\CodeIgniter->run()
#4 {main}
INFO - 2022-05-06 06:03:19 --> Session: Class initialized using 'CodeIgniter\Session\Handlers\FileHandler' driver.
INFO - 2022-05-06 06:03:26 --> Session: Class initialized using 'CodeIgniter\Session\Handlers\FileHandler' driver.
INFO - 2022-05-06 06:28:11 --> Session: Class initialized using 'CodeIgniter\Session\Handlers\FileHandler' driver.
INFO - 2022-05-06 06:28:16 --> Session: Class initialized using 'CodeIgniter\Session\Handlers\FileHandler' driver.
CRITICAL - 2022-05-06 06:28:16 --> Undefined variable: country
#0 C:\xampp\htdocs\maintex\app\Views\actors\supplier\supplier_view.php(133): CodeIgniter\Debug\Exceptions->errorHandler(8, 'Undefined varia...', 'C:\\xampp\\htdocs...', 133, Array)
#1 C:\xampp\htdocs\maintex\system\View\View.php(210): include('C:\\xampp\\htdocs...')
#2 C:\xampp\htdocs\maintex\system\View\View.php(213): CodeIgniter\View\View->CodeIgniter\View\{closure}()
#3 C:\xampp\htdocs\maintex\system\Common.php(1089): CodeIgniter\View\View->render('actors/supplier...', Array, true)
#4 C:\xampp\htdocs\maintex\app\Controllers\BaseController.php(173): view('actors/supplier...', Array)
#5 C:\xampp\htdocs\maintex\app\Controllers\actors\Supplier.php(54): App\Controllers\BaseController->load_view('actors/supplier...', Array)
#6 C:\xampp\htdocs\maintex\system\CodeIgniter.php(832): App\Controllers\actors\Supplier->supplier_view('1')
#7 C:\xampp\htdocs\maintex\system\CodeIgniter.php(419): CodeIgniter\CodeIgniter->runController(Object(App\Controllers\actors\Supplier))
#8 C:\xampp\htdocs\maintex\system\CodeIgniter.php(326): CodeIgniter\CodeIgniter->handleRequest(NULL, Object(Config\Cache), false)
#9 C:\xampp\htdocs\maintex\index.php(37): CodeIgniter\CodeIgniter->run()
#10 {main}
INFO - 2022-05-06 06:29:30 --> Session: Class initialized using 'CodeIgniter\Session\Handlers\FileHandler' driver.
INFO - 2022-05-06 06:31:23 --> Session: Class initialized using 'CodeIgniter\Session\Handlers\FileHandler' driver.
INFO - 2022-05-06 06:32:41 --> Session: Class initialized using 'CodeIgniter\Session\Handlers\FileHandler' driver.
INFO - 2022-05-06 06:32:46 --> Session: Class initialized using 'CodeIgniter\Session\Handlers\FileHandler' driver.
INFO - 2022-05-06 06:32:51 --> Session: Class initialized using 'CodeIgniter\Session\Handlers\FileHandler' driver.
INFO - 2022-05-06 06:32:56 --> Session: Class initialized using 'CodeIgniter\Session\Handlers\FileHandler' driver.
INFO - 2022-05-06 06:33:02 --> Session: Class initialized using 'CodeIgniter\Session\Handlers\FileHandler' driver.
INFO - 2022-05-06 06:33:07 --> Session: Class initialized using 'CodeIgniter\Session\Handlers\FileHandler' driver.
INFO - 2022-05-06 06:33:13 --> Session: Class initialized using 'CodeIgniter\Session\Handlers\FileHandler' driver.
INFO - 2022-05-06 06:33:28 --> Session: Class initialized using 'CodeIgniter\Session\Handlers\FileHandler' driver.
INFO - 2022-05-06 06:33:37 --> Session: Class initialized using 'CodeIgniter\Session\Handlers\FileHandler' driver.
INFO - 2022-05-06 06:33:37 --> Session: Class initialized using 'CodeIgniter\Session\Handlers\FileHandler' driver.
INFO - 2022-05-06 06:34:31 --> Session: Class initialized using 'CodeIgniter\Session\Handlers\FileHandler' driver.
INFO - 2022-05-06 06:34:49 --> Session: Class initialized using 'CodeIgniter\Session\Handlers\FileHandler' driver.
INFO - 2022-05-06 06:34:49 --> Session: Class initialized using 'CodeIgniter\Session\Handlers\FileHandler' driver.
INFO - 2022-05-06 06:34:58 --> Session: Class initialized using 'CodeIgniter\Session\Handlers\FileHandler' driver.
INFO - 2022-05-06 06:35:08 --> Session: Class initialized using 'CodeIgniter\Session\Handlers\FileHandler' driver.
INFO - 2022-05-06 06:35:08 --> Session: Class initialized using 'CodeIgniter\Session\Handlers\FileHandler' driver.
INFO - 2022-05-06 06:41:15 --> Session: Class initialized using 'CodeIgniter\Session\Handlers\FileHandler' driver.
INFO - 2022-05-06 06:41:19 --> Session: Class initialized using 'CodeIgniter\Session\Handlers\FileHandler' driver.
INFO - 2022-05-06 06:42:53 --> Session: Class initialized using 'CodeIgniter\Session\Handlers\FileHandler' driver.
INFO - 2022-05-06 06:44:17 --> Session: Class initialized using 'CodeIgniter\Session\Handlers\FileHandler' driver.
INFO - 2022-05-06 06:52:10 --> Session: Class initialized using 'CodeIgniter\Session\Handlers\FileHandler' driver.
INFO - 2022-05-06 06:52:39 --> Session: Class initialized using 'CodeIgniter\Session\Handlers\FileHandler' driver.
INFO - 2022-05-06 06:53:01 --> Session: Class initialized using 'CodeIgniter\Session\Handlers\FileHandler' driver.
INFO - 2022-05-06 06:53:02 --> Session: Class initialized using 'CodeIgniter\Session\Handlers\FileHandler' driver.
INFO - 2022-05-06 06:53:27 --> Session: Class initialized using 'CodeIgniter\Session\Handlers\FileHandler' driver.
INFO - 2022-05-06 06:53:41 --> Session: Class initialized using 'CodeIgniter\Session\Handlers\FileHandler' driver.
INFO - 2022-05-06 06:53:41 --> Session: Class initialized using 'CodeIgniter\Session\Handlers\FileHandler' driver.
INFO - 2022-05-06 06:54:16 --> Session: Class initialized using 'CodeIgniter\Session\Handlers\FileHandler' driver.
INFO - 2022-05-06 06:54:37 --> Session: Class initialized using 'CodeIgniter\Session\Handlers\FileHandler' driver.
INFO - 2022-05-06 06:56:28 --> Session: Class initialized using 'CodeIgniter\Session\Handlers\FileHandler' driver.
INFO - 2022-05-06 06:57:10 --> Session: Class initialized using 'CodeIgniter\Session\Handlers\FileHandler' driver.
INFO - 2022-05-06 11:15:48 --> Session: Class initialized using 'CodeIgniter\Session\Handlers\FileHandler' driver.
INFO - 2022-05-06 11:15:49 --> Session: Class initialized using 'CodeIgniter\Session\Handlers\FileHandler' driver.
INFO - 2022-05-06 11:15:54 --> Session: Class initialized using 'CodeIgniter\Session\Handlers\FileHandler' driver.
INFO - 2022-05-06 11:15:56 --> Session: Class initialized using 'CodeIgniter\Session\Handlers\FileHandler' driver.
INFO - 2022-05-06 11:16:03 --> Session: Class initialized using 'CodeIgniter\Session\Handlers\FileHandler' driver.
INFO - 2022-05-06 11:16:04 --> Session: Class initialized using 'CodeIgniter\Session\Handlers\FileHandler' driver.
INFO - 2022-05-06 11:16:04 --> Session: Class initialized using 'CodeIgniter\Session\Handlers\FileHandler' driver.
INFO - 2022-05-06 11:16:04 --> Session: Class initialized using 'CodeIgniter\Session\Handlers\FileHandler' driver.
INFO - 2022-05-06 11:16:05 --> Session: Class initialized using 'CodeIgniter\Session\Handlers\FileHandler' driver.
INFO - 2022-05-06 11:16:05 --> Session: Class initialized using 'CodeIgniter\Session\Handlers\FileHandler' driver.
INFO - 2022-05-06 11:16:05 --> Session: Class initialized using 'CodeIgniter\Session\Handlers\FileHandler' driver.
INFO - 2022-05-06 11:16:06 --> Session: Class initialized using 'CodeIgniter\Session\Handlers\FileHandler' driver.
INFO - 2022-05-06 11:16:12 --> Session: Class initialized using 'CodeIgniter\Session\Handlers\FileHandler' driver.
INFO - 2022-05-06 11:16:13 --> Session: Class initialized using 'CodeIgniter\Session\Handlers\FileHandler' driver.
INFO - 2022-05-06 11:16:23 --> Session: Class initialized using 'CodeIgniter\Session\Handlers\FileHandler' driver.
INFO - 2022-05-06 11:16:23 --> Session: Class initialized using 'CodeIgniter\Session\Handlers\FileHandler' driver.
INFO - 2022-05-06 11:16:25 --> Session: Class initialized using 'CodeIgniter\Session\Handlers\FileHandler' driver.
INFO - 2022-05-06 11:16:26 --> Session: Class initialized using 'CodeIgniter\Session\Handlers\FileHandler' driver.
INFO - 2022-05-06 11:16:26 --> Session: Class initialized using 'CodeIgniter\Session\Handlers\FileHandler' driver.
INFO - 2022-05-06 11:16:26 --> Session: Class initialized using 'CodeIgniter\Session\Handlers\FileHandler' driver.
INFO - 2022-05-06 11:16:26 --> Session: Class initialized using 'CodeIgniter\Session\Handlers\FileHandler' driver.
INFO - 2022-05-06 11:16:26 --> Session: Class initialized using 'CodeIgniter\Session\Handlers\FileHandler' driver.
INFO - 2022-05-06 11:16:26 --> Session: Class initialized using 'CodeIgniter\Session\Handlers\FileHandler' driver.
INFO - 2022-05-06 11:16:26 --> Session: Class initialized using 'CodeIgniter\Session\Handlers\FileHandler' driver.
INFO - 2022-05-06 12:08:18 --> Session: Class initialized using 'CodeIgniter\Session\Handlers\FileHandler' driver.
INFO - 2022-05-06 12:08:27 --> Session: Class initialized using 'CodeIgniter\Session\Handlers\FileHandler' driver.
INFO - 2022-05-06 12:08:53 --> Session: Class initialized using 'CodeIgniter\Session\Handlers\FileHandler' driver.
INFO - 2022-05-06 12:08:53 --> Session: Class initialized using 'CodeIgniter\Session\Handlers\FileHandler' driver.
INFO - 2022-05-06 12:08:54 --> Session: Class initialized using 'CodeIgniter\Session\Handlers\FileHandler' driver.
INFO - 2022-05-06 12:09:12 --> Session: Class initialized using 'CodeIgniter\Session\Handlers\FileHandler' driver.
INFO - 2022-05-06 12:09:18 --> Session: Class initialized using 'CodeIgniter\Session\Handlers\FileHandler' driver.
INFO - 2022-05-06 12:09:20 --> Session: Class initialized using 'CodeIgniter\Session\Handlers\FileHandler' driver.
ERROR - 2022-05-06 12:09:21 --> Unknown column 'assets' in 'on clause'
CRITICAL - 2022-05-06 12:09:21 --> Unknown column 'assets' in 'on clause'
#0 C:\xampp\htdocs\maintex\system\Database\MySQLi\Connection.php(292): mysqli->query('SELECT `qualifi...', 0)
#1 C:\xampp\htdocs\maintex\system\Database\BaseConnection.php(670): CodeIgniter\Database\MySQLi\Connection->execute('SELECT `qualifi...')
#2 C:\xampp\htdocs\maintex\system\Database\BaseConnection.php(598): CodeIgniter\Database\BaseConnection->simpleQuery('SELECT `qualifi...')
#3 C:\xampp\htdocs\maintex\system\Database\BaseBuilder.php(1455): CodeIgniter\Database\BaseConnection->query('SELECT `qualifi...', Array, false)
#4 C:\xampp\htdocs\maintex\app\Models\Actors\MemberModel.php(40): CodeIgniter\Database\BaseBuilder->get()
#5 C:\xampp\htdocs\maintex\app\Controllers\actors\Member.php(48): App\Models\Actors\MemberModel->fetch_table_member_qualification('assets')
#6 C:\xampp\htdocs\maintex\system\CodeIgniter.php(832): App\Controllers\actors\Member->member_edit('assets', 'media', 'users', 'blank.png')
#7 C:\xampp\htdocs\maintex\system\CodeIgniter.php(419): CodeIgniter\CodeIgniter->runController(Object(App\Controllers\actors\Member))
#8 C:\xampp\htdocs\maintex\system\CodeIgniter.php(326): CodeIgniter\CodeIgniter->handleRequest(NULL, Object(Config\Cache), false)
#9 C:\xampp\htdocs\maintex\index.php(37): CodeIgniter\CodeIgniter->run()
#10 {main}
INFO - 2022-05-06 12:09:47 --> Session: Class initialized using 'CodeIgniter\Session\Handlers\FileHandler' driver.
INFO - 2022-05-06 12:09:48 --> Session: Class initialized using 'CodeIgniter\Session\Handlers\FileHandler' driver.
ERROR - 2022-05-06 12:09:48 --> Cannot add or update a child row: a foreign key constraint fails (`db_maintex_v3`.`member_document`, CONSTRAINT `member_doc_ibfk_document` FOREIGN KEY (`member_doc_document_id`) REFERENCES `document` (`doc_id`))
CRITICAL - 2022-05-06 12:09:48 --> Cannot add or update a child row: a foreign key constraint fails (`db_maintex_v3`.`member_document`, CONSTRAINT `member_doc_ibfk_document` FOREIGN KEY (`member_doc_document_id`) REFERENCES `document` (`doc_id`))
#0 C:\xampp\htdocs\maintex\system\Database\MySQLi\Connection.php(292): mysqli->query('INSERT INTO `me...', 0)
#1 C:\xampp\htdocs\maintex\system\Database\BaseConnection.php(670): CodeIgniter\Database\MySQLi\Connection->execute('INSERT INTO `me...')
#2 C:\xampp\htdocs\maintex\system\Database\BaseConnection.php(598): CodeIgniter\Database\BaseConnection->simpleQuery('INSERT INTO `me...')
#3 C:\xampp\htdocs\maintex\system\Database\BaseBuilder.php(1771): CodeIgniter\Database\BaseConnection->query('INSERT INTO `me...', Array, false)
#4 C:\xampp\htdocs\maintex\app\Models\BaseModel.php(32): CodeIgniter\Database\BaseBuilder->insert(Array)
#5 C:\xampp\htdocs\maintex\app\Controllers\actors\Member.php(263): App\Models\BaseModel->insert_table('member_document', Array)
#6 C:\xampp\htdocs\maintex\system\CodeIgniter.php(832): App\Controllers\actors\Member->member_update()
#7 C:\xampp\htdocs\maintex\system\CodeIgniter.php(419): CodeIgniter\CodeIgniter->runController(Object(App\Controllers\actors\Member))
#8 C:\xampp\htdocs\maintex\system\CodeIgniter.php(326): CodeIgniter\CodeIgniter->handleRequest(NULL, Object(Config\Cache), false)
#9 C:\xampp\htdocs\maintex\index.php(37): CodeIgniter\CodeIgniter->run()
#10 {main}
INFO - 2022-05-06 12:12:25 --> Session: Class initialized using 'CodeIgniter\Session\Handlers\FileHandler' driver.
INFO - 2022-05-06 12:12:54 --> Session: Class initialized using 'CodeIgniter\Session\Handlers\FileHandler' driver.
INFO - 2022-05-06 12:13:39 --> Session: Class initialized using 'CodeIgniter\Session\Handlers\FileHandler' driver.
INFO - 2022-05-06 12:13:40 --> Session: Class initialized using 'CodeIgniter\Session\Handlers\FileHandler' driver.
ERROR - 2022-05-06 12:13:41 --> Unknown column 'assets' in 'on clause'
CRITICAL - 2022-05-06 12:13:41 --> Unknown column 'assets' in 'on clause'
#0 C:\xampp\htdocs\maintex\system\Database\MySQLi\Connection.php(292): mysqli->query('SELECT `qualifi...', 0)
#1 C:\xampp\htdocs\maintex\system\Database\BaseConnection.php(670): CodeIgniter\Database\MySQLi\Connection->execute('SELECT `qualifi...')
#2 C:\xampp\htdocs\maintex\system\Database\BaseConnection.php(598): CodeIgniter\Database\BaseConnection->simpleQuery('SELECT `qualifi...')
#3 C:\xampp\htdocs\maintex\system\Database\BaseBuilder.php(1455): CodeIgniter\Database\BaseConnection->query('SELECT `qualifi...', Array, false)
#4 C:\xampp\htdocs\maintex\app\Models\Actors\MemberModel.php(40): CodeIgniter\Database\BaseBuilder->get()
#5 C:\xampp\htdocs\maintex\app\Controllers\actors\Member.php(48): App\Models\Actors\MemberModel->fetch_table_member_qualification('assets')
#6 C:\xampp\htdocs\maintex\system\CodeIgniter.php(832): App\Controllers\actors\Member->member_edit('assets', 'media', 'users', 'blank.png')
#7 C:\xampp\htdocs\maintex\system\CodeIgniter.php(419): CodeIgniter\CodeIgniter->runController(Object(App\Controllers\actors\Member))
#8 C:\xampp\htdocs\maintex\system\CodeIgniter.php(326): CodeIgniter\CodeIgniter->handleRequest(NULL, Object(Config\Cache), false)
#9 C:\xampp\htdocs\maintex\index.php(37): CodeIgniter\CodeIgniter->run()
#10 {main}
INFO - 2022-05-06 12:14:46 --> Session: Class initialized using 'CodeIgniter\Session\Handlers\FileHandler' driver.
INFO - 2022-05-06 12:14:47 --> Session: Class initialized using 'CodeIgniter\Session\Handlers\FileHandler' driver.
INFO - 2022-05-06 12:15:20 --> Session: Class initialized using 'CodeIgniter\Session\Handlers\FileHandler' driver.
INFO - 2022-05-06 12:15:21 --> Session: Class initialized using 'CodeIgniter\Session\Handlers\FileHandler' driver.
ERROR - 2022-05-06 12:15:21 --> Unknown column 'assets' in 'on clause'
CRITICAL - 2022-05-06 12:15:21 --> Unknown column 'assets' in 'on clause'
#0 C:\xampp\htdocs\maintex\system\Database\MySQLi\Connection.php(292): mysqli->query('SELECT `qualifi...', 0)
#1 C:\xampp\htdocs\maintex\system\Database\BaseConnection.php(670): CodeIgniter\Database\MySQLi\Connection->execute('SELECT `qualifi...')
#2 C:\xampp\htdocs\maintex\system\Database\BaseConnection.php(598): CodeIgniter\Database\BaseConnection->simpleQuery('SELECT `qualifi...')
#3 C:\xampp\htdocs\maintex\system\Database\BaseBuilder.php(1455): CodeIgniter\Database\BaseConnection->query('SELECT `qualifi...', Array, false)
#4 C:\xampp\htdocs\maintex\app\Models\Actors\MemberModel.php(40): CodeIgniter\Database\BaseBuilder->get()
#5 C:\xampp\htdocs\maintex\app\Controllers\actors\Member.php(48): App\Models\Actors\MemberModel->fetch_table_member_qualification('assets')
#6 C:\xampp\htdocs\maintex\system\CodeIgniter.php(832): App\Controllers\actors\Member->member_edit('assets', 'media', 'users', 'blank.png')
#7 C:\xampp\htdocs\maintex\system\CodeIgniter.php(419): CodeIgniter\CodeIgniter->runController(Object(App\Controllers\actors\Member))
#8 C:\xampp\htdocs\maintex\system\CodeIgniter.php(326): CodeIgniter\CodeIgniter->handleRequest(NULL, Object(Config\Cache), false)
#9 C:\xampp\htdocs\maintex\index.php(37): CodeIgniter\CodeIgniter->run()
#10 {main}
INFO - 2022-05-06 12:15:53 --> Session: Class initialized using 'CodeIgniter\Session\Handlers\FileHandler' driver.
INFO - 2022-05-06 12:15:53 --> Session: Class initialized using 'CodeIgniter\Session\Handlers\FileHandler' driver.
INFO - 2022-05-06 12:16:16 --> Session: Class initialized using 'CodeIgniter\Session\Handlers\FileHandler' driver.
INFO - 2022-05-06 12:16:17 --> Session: Class initialized using 'CodeIgniter\Session\Handlers\FileHandler' driver.
ERROR - 2022-05-06 12:16:18 --> Unknown column 'assets' in 'on clause'
CRITICAL - 2022-05-06 12:16:18 --> Unknown column 'assets' in 'on clause'
#0 C:\xampp\htdocs\maintex\system\Database\MySQLi\Connection.php(292): mysqli->query('SELECT `qualifi...', 0)
#1 C:\xampp\htdocs\maintex\system\Database\BaseConnection.php(670): CodeIgniter\Database\MySQLi\Connection->execute('SELECT `qualifi...')
#2 C:\xampp\htdocs\maintex\system\Database\BaseConnection.php(598): CodeIgniter\Database\BaseConnection->simpleQuery('SELECT `qualifi...')
#3 C:\xampp\htdocs\maintex\system\Database\BaseBuilder.php(1455): CodeIgniter\Database\BaseConnection->query('SELECT `qualifi...', Array, false)
#4 C:\xampp\htdocs\maintex\app\Models\Actors\MemberModel.php(40): CodeIgniter\Database\BaseBuilder->get()
#5 C:\xampp\htdocs\maintex\app\Controllers\actors\Member.php(48): App\Models\Actors\MemberModel->fetch_table_member_qualification('assets')
#6 C:\xampp\htdocs\maintex\system\CodeIgniter.php(832): App\Controllers\actors\Member->member_edit('assets', 'media', 'users', 'blank.png')
#7 C:\xampp\htdocs\maintex\system\CodeIgniter.php(419): CodeIgniter\CodeIgniter->runController(Object(App\Controllers\actors\Member))
#8 C:\xampp\htdocs\maintex\system\CodeIgniter.php(326): CodeIgniter\CodeIgniter->handleRequest(NULL, Object(Config\Cache), false)
#9 C:\xampp\htdocs\maintex\index.php(37): CodeIgniter\CodeIgniter->run()
#10 {main}
INFO - 2022-05-06 12:17:14 --> Session: Class initialized using 'CodeIgniter\Session\Handlers\FileHandler' driver.
ERROR - 2022-05-06 12:17:14 --> Unknown column 'text' in 'on clause'
CRITICAL - 2022-05-06 12:17:14 --> Unknown column 'text' in 'on clause'
#0 C:\xampp\htdocs\maintex\system\Database\MySQLi\Connection.php(292): mysqli->query('SELECT `qualifi...', 0)
#1 C:\xampp\htdocs\maintex\system\Database\BaseConnection.php(670): CodeIgniter\Database\MySQLi\Connection->execute('SELECT `qualifi...')
#2 C:\xampp\htdocs\maintex\system\Database\BaseConnection.php(598): CodeIgniter\Database\BaseConnection->simpleQuery('SELECT `qualifi...')
#3 C:\xampp\htdocs\maintex\system\Database\BaseBuilder.php(1455): CodeIgniter\Database\BaseConnection->query('SELECT `qualifi...', Array, false)
#4 C:\xampp\htdocs\maintex\app\Models\Actors\MemberModel.php(40): CodeIgniter\Database\BaseBuilder->get()
#5 C:\xampp\htdocs\maintex\app\Controllers\actors\Member.php(48): App\Models\Actors\MemberModel->fetch_table_member_qualification('text')
#6 C:\xampp\htdocs\maintex\system\CodeIgniter.php(832): App\Controllers\actors\Member->member_edit('text')
#7 C:\xampp\htdocs\maintex\system\CodeIgniter.php(419): CodeIgniter\CodeIgniter->runController(Object(App\Controllers\actors\Member))
#8 C:\xampp\htdocs\maintex\system\CodeIgniter.php(326): CodeIgniter\CodeIgniter->handleRequest(NULL, Object(Config\Cache), false)
#9 C:\xampp\htdocs\maintex\index.php(37): CodeIgniter\CodeIgniter->run()
#10 {main}
INFO - 2022-05-06 12:18:12 --> Session: Class initialized using 'CodeIgniter\Session\Handlers\FileHandler' driver.
INFO - 2022-05-06 12:18:13 --> Session: Class initialized using 'CodeIgniter\Session\Handlers\FileHandler' driver.
ERROR - 2022-05-06 12:18:13 --> Unknown column 'assets' in 'on clause'
CRITICAL - 2022-05-06 12:18:13 --> Unknown column 'assets' in 'on clause'
#0 C:\xampp\htdocs\maintex\system\Database\MySQLi\Connection.php(292): mysqli->query('SELECT `qualifi...', 0)
#1 C:\xampp\htdocs\maintex\system\Database\BaseConnection.php(670): CodeIgniter\Database\MySQLi\Connection->execute('SELECT `qualifi...')
#2 C:\xampp\htdocs\maintex\system\Database\BaseConnection.php(598): CodeIgniter\Database\BaseConnection->simpleQuery('SELECT `qualifi...')
#3 C:\xampp\htdocs\maintex\system\Database\BaseBuilder.php(1455): CodeIgniter\Database\BaseConnection->query('SELECT `qualifi...', Array, false)
#4 C:\xampp\htdocs\maintex\app\Models\Actors\MemberModel.php(40): CodeIgniter\Database\BaseBuilder->get()
#5 C:\xampp\htdocs\maintex\app\Controllers\actors\Member.php(48): App\Models\Actors\MemberModel->fetch_table_member_qualification('assets')
#6 C:\xampp\htdocs\maintex\system\CodeIgniter.php(832): App\Controllers\actors\Member->member_edit('assets', 'media', 'users', 'blank.png')
#7 C:\xampp\htdocs\maintex\system\CodeIgniter.php(419): CodeIgniter\CodeIgniter->runController(Object(App\Controllers\actors\Member))
#8 C:\xampp\htdocs\maintex\system\CodeIgniter.php(326): CodeIgniter\CodeIgniter->handleRequest(NULL, Object(Config\Cache), false)
#9 C:\xampp\htdocs\maintex\index.php(37): CodeIgniter\CodeIgniter->run()
#10 {main}
INFO - 2022-05-06 12:21:44 --> Session: Class initialized using 'CodeIgniter\Session\Handlers\FileHandler' driver.
INFO - 2022-05-06 12:21:45 --> Session: Class initialized using 'CodeIgniter\Session\Handlers\FileHandler' driver.
ERROR - 2022-05-06 12:21:46 --> Unknown column 'assets' in 'on clause'
CRITICAL - 2022-05-06 12:21:46 --> Unknown column 'assets' in 'on clause'
#0 C:\xampp\htdocs\maintex\system\Database\MySQLi\Connection.php(292): mysqli->query('SELECT `qualifi...', 0)
#1 C:\xampp\htdocs\maintex\system\Database\BaseConnection.php(670): CodeIgniter\Database\MySQLi\Connection->execute('SELECT `qualifi...')
#2 C:\xampp\htdocs\maintex\system\Database\BaseConnection.php(598): CodeIgniter\Database\BaseConnection->simpleQuery('SELECT `qualifi...')
#3 C:\xampp\htdocs\maintex\system\Database\BaseBuilder.php(1455): CodeIgniter\Database\BaseConnection->query('SELECT `qualifi...', Array, false)
#4 C:\xampp\htdocs\maintex\app\Models\Actors\MemberModel.php(40): CodeIgniter\Database\BaseBuilder->get()
#5 C:\xampp\htdocs\maintex\app\Controllers\actors\Member.php(48): App\Models\Actors\MemberModel->fetch_table_member_qualification('assets')
#6 C:\xampp\htdocs\maintex\system\CodeIgniter.php(832): App\Controllers\actors\Member->member_edit('assets', 'media', 'users', 'blank.png')
#7 C:\xampp\htdocs\maintex\system\CodeIgniter.php(419): CodeIgniter\CodeIgniter->runController(Object(App\Controllers\actors\Member))
#8 C:\xampp\htdocs\maintex\system\CodeIgniter.php(326): CodeIgniter\CodeIgniter->handleRequest(NULL, Object(Config\Cache), false)
#9 C:\xampp\htdocs\maintex\index.php(37): CodeIgniter\CodeIgniter->run()
#10 {main}
INFO - 2022-05-06 12:22:44 --> Session: Class initialized using 'CodeIgniter\Session\Handlers\FileHandler' driver.
INFO - 2022-05-06 12:22:44 --> Session: Class initialized using 'CodeIgniter\Session\Handlers\FileHandler' driver.
INFO - 2022-05-06 12:25:47 --> Session: Class initialized using 'CodeIgniter\Session\Handlers\FileHandler' driver.
INFO - 2022-05-06 12:25:49 --> Session: Class initialized using 'CodeIgniter\Session\Handlers\FileHandler' driver.
ERROR - 2022-05-06 12:25:49 --> Unknown column 'assets' in 'on clause'
CRITICAL - 2022-05-06 12:25:49 --> Unknown column 'assets' in 'on clause'
#0 C:\xampp\htdocs\maintex\system\Database\MySQLi\Connection.php(292): mysqli->query('SELECT `qualifi...', 0)
#1 C:\xampp\htdocs\maintex\system\Database\BaseConnection.php(670): CodeIgniter\Database\MySQLi\Connection->execute('SELECT `qualifi...')
#2 C:\xampp\htdocs\maintex\system\Database\BaseConnection.php(598): CodeIgniter\Database\BaseConnection->simpleQuery('SELECT `qualifi...')
#3 C:\xampp\htdocs\maintex\system\Database\BaseBuilder.php(1455): CodeIgniter\Database\BaseConnection->query('SELECT `qualifi...', Array, false)
#4 C:\xampp\htdocs\maintex\app\Models\Actors\MemberModel.php(40): CodeIgniter\Database\BaseBuilder->get()
#5 C:\xampp\htdocs\maintex\app\Controllers\actors\Member.php(48): App\Models\Actors\MemberModel->fetch_table_member_qualification('assets')
#6 C:\xampp\htdocs\maintex\system\CodeIgniter.php(832): App\Controllers\actors\Member->member_edit('assets', 'media', 'users', 'blank.png')
#7 C:\xampp\htdocs\maintex\system\CodeIgniter.php(419): CodeIgniter\CodeIgniter->runController(Object(App\Controllers\actors\Member))
#8 C:\xampp\htdocs\maintex\system\CodeIgniter.php(326): CodeIgniter\CodeIgniter->handleRequest(NULL, Object(Config\Cache), false)
#9 C:\xampp\htdocs\maintex\index.php(37): CodeIgniter\CodeIgniter->run()
#10 {main}
INFO - 2022-05-06 12:26:10 --> Session: Class initialized using 'CodeIgniter\Session\Handlers\FileHandler' driver.
INFO - 2022-05-06 12:26:11 --> Session: Class initialized using 'CodeIgniter\Session\Handlers\FileHandler' driver.
INFO - 2022-05-06 12:26:19 --> Session: Class initialized using 'CodeIgniter\Session\Handlers\FileHandler' driver.
INFO - 2022-05-06 12:26:20 --> Session: Class initialized using 'CodeIgniter\Session\Handlers\FileHandler' driver.
ERROR - 2022-05-06 12:26:20 --> Unknown column 'assets' in 'on clause'
CRITICAL - 2022-05-06 12:26:20 --> Unknown column 'assets' in 'on clause'
#0 C:\xampp\htdocs\maintex\system\Database\MySQLi\Connection.php(292): mysqli->query('SELECT `qualifi...', 0)
#1 C:\xampp\htdocs\maintex\system\Database\BaseConnection.php(670): CodeIgniter\Database\MySQLi\Connection->execute('SELECT `qualifi...')
#2 C:\xampp\htdocs\maintex\system\Database\BaseConnection.php(598): CodeIgniter\Database\BaseConnection->simpleQuery('SELECT `qualifi...')
#3 C:\xampp\htdocs\maintex\system\Database\BaseBuilder.php(1455): CodeIgniter\Database\BaseConnection->query('SELECT `qualifi...', Array, false)
#4 C:\xampp\htdocs\maintex\app\Models\Actors\MemberModel.php(40): CodeIgniter\Database\BaseBuilder->get()
#5 C:\xampp\htdocs\maintex\app\Controllers\actors\Member.php(48): App\Models\Actors\MemberModel->fetch_table_member_qualification('assets')
#6 C:\xampp\htdocs\maintex\system\CodeIgniter.php(832): App\Controllers\actors\Member->member_edit('assets', 'media', 'users', 'blank.png')
#7 C:\xampp\htdocs\maintex\system\CodeIgniter.php(419): CodeIgniter\CodeIgniter->runController(Object(App\Controllers\actors\Member))
#8 C:\xampp\htdocs\maintex\system\CodeIgniter.php(326): CodeIgniter\CodeIgniter->handleRequest(NULL, Object(Config\Cache), false)
#9 C:\xampp\htdocs\maintex\index.php(37): CodeIgniter\CodeIgniter->run()
#10 {main}
INFO - 2022-05-06 12:26:39 --> Session: Class initialized using 'CodeIgniter\Session\Handlers\FileHandler' driver.
INFO - 2022-05-06 12:26:39 --> Session: Class initialized using 'CodeIgniter\Session\Handlers\FileHandler' driver.
ERROR - 2022-05-06 12:26:40 --> Cannot add or update a child row: a foreign key constraint fails (`db_maintex_v3`.`member_document`, CONSTRAINT `member_doc_ibfk_document` FOREIGN KEY (`member_doc_document_id`) REFERENCES `document` (`doc_id`))
CRITICAL - 2022-05-06 12:26:40 --> Cannot add or update a child row: a foreign key constraint fails (`db_maintex_v3`.`member_document`, CONSTRAINT `member_doc_ibfk_document` FOREIGN KEY (`member_doc_document_id`) REFERENCES `document` (`doc_id`))
#0 C:\xampp\htdocs\maintex\system\Database\MySQLi\Connection.php(292): mysqli->query('INSERT INTO `me...', 0)
#1 C:\xampp\htdocs\maintex\system\Database\BaseConnection.php(670): CodeIgniter\Database\MySQLi\Connection->execute('INSERT INTO `me...')
#2 C:\xampp\htdocs\maintex\system\Database\BaseConnection.php(598): CodeIgniter\Database\BaseConnection->simpleQuery('INSERT INTO `me...')
#3 C:\xampp\htdocs\maintex\system\Database\BaseBuilder.php(1771): CodeIgniter\Database\BaseConnection->query('INSERT INTO `me...', Array, false)
#4 C:\xampp\htdocs\maintex\app\Models\BaseModel.php(32): CodeIgniter\Database\BaseBuilder->insert(Array)
#5 C:\xampp\htdocs\maintex\app\Controllers\actors\Member.php(263): App\Models\BaseModel->insert_table('member_document', Array)
#6 C:\xampp\htdocs\maintex\system\CodeIgniter.php(832): App\Controllers\actors\Member->member_update()
#7 C:\xampp\htdocs\maintex\system\CodeIgniter.php(419): CodeIgniter\CodeIgniter->runController(Object(App\Controllers\actors\Member))
#8 C:\xampp\htdocs\maintex\system\CodeIgniter.php(326): CodeIgniter\CodeIgniter->handleRequest(NULL, Object(Config\Cache), false)
#9 C:\xampp\htdocs\maintex\index.php(37): CodeIgniter\CodeIgniter->run()
#10 {main}
INFO - 2022-05-06 12:34:26 --> Session: Class initialized using 'CodeIgniter\Session\Handlers\FileHandler' driver.
INFO - 2022-05-06 12:34:28 --> Session: Class initialized using 'CodeIgniter\Session\Handlers\FileHandler' driver.
ERROR - 2022-05-06 12:34:28 --> Unknown column 'assets' in 'on clause'
CRITICAL - 2022-05-06 12:34:28 --> Unknown column 'assets' in 'on clause'
#0 C:\xampp\htdocs\maintex\system\Database\MySQLi\Connection.php(292): mysqli->query('SELECT `qualifi...', 0)
#1 C:\xampp\htdocs\maintex\system\Database\BaseConnection.php(670): CodeIgniter\Database\MySQLi\Connection->execute('SELECT `qualifi...')
#2 C:\xampp\htdocs\maintex\system\Database\BaseConnection.php(598): CodeIgniter\Database\BaseConnection->simpleQuery('SELECT `qualifi...')
#3 C:\xampp\htdocs\maintex\system\Database\BaseBuilder.php(1455): CodeIgniter\Database\BaseConnection->query('SELECT `qualifi...', Array, false)
#4 C:\xampp\htdocs\maintex\app\Models\Actors\MemberModel.php(40): CodeIgniter\Database\BaseBuilder->get()
#5 C:\xampp\htdocs\maintex\app\Controllers\actors\Member.php(48): App\Models\Actors\MemberModel->fetch_table_member_qualification('assets')
#6 C:\xampp\htdocs\maintex\system\CodeIgniter.php(832): App\Controllers\actors\Member->member_edit('assets', 'media', 'users', 'blank.png')
#7 C:\xampp\htdocs\maintex\system\CodeIgniter.php(419): CodeIgniter\CodeIgniter->runController(Object(App\Controllers\actors\Member))
#8 C:\xampp\htdocs\maintex\system\CodeIgniter.php(326): CodeIgniter\CodeIgniter->handleRequest(NULL, Object(Config\Cache), false)
#9 C:\xampp\htdocs\maintex\index.php(37): CodeIgniter\CodeIgniter->run()
#10 {main}
INFO - 2022-05-06 12:35:37 --> Session: Class initialized using 'CodeIgniter\Session\Handlers\FileHandler' driver.
INFO - 2022-05-06 12:35:48 --> Session: Class initialized using 'CodeIgniter\Session\Handlers\FileHandler' driver.
INFO - 2022-05-06 12:35:49 --> Session: Class initialized using 'CodeIgniter\Session\Handlers\FileHandler' driver.
ERROR - 2022-05-06 12:35:50 --> Unknown column 'assets' in 'on clause'
CRITICAL - 2022-05-06 12:35:50 --> Unknown column 'assets' in 'on clause'
#0 C:\xampp\htdocs\maintex\system\Database\MySQLi\Connection.php(292): mysqli->query('SELECT `qualifi...', 0)
#1 C:\xampp\htdocs\maintex\system\Database\BaseConnection.php(670): CodeIgniter\Database\MySQLi\Connection->execute('SELECT `qualifi...')
#2 C:\xampp\htdocs\maintex\system\Database\BaseConnection.php(598): CodeIgniter\Database\BaseConnection->simpleQuery('SELECT `qualifi...')
#3 C:\xampp\htdocs\maintex\system\Database\BaseBuilder.php(1455): CodeIgniter\Database\BaseConnection->query('SELECT `qualifi...', Array, false)
#4 C:\xampp\htdocs\maintex\app\Models\Actors\MemberModel.php(40): CodeIgniter\Database\BaseBuilder->get()
#5 C:\xampp\htdocs\maintex\app\Controllers\actors\Member.php(48): App\Models\Actors\MemberModel->fetch_table_member_qualification('assets')
#6 C:\xampp\htdocs\maintex\system\CodeIgniter.php(832): App\Controllers\actors\Member->member_edit('assets', 'media', 'users', 'blank.png')
#7 C:\xampp\htdocs\maintex\system\CodeIgniter.php(419): CodeIgniter\CodeIgniter->runController(Object(App\Controllers\actors\Member))
#8 C:\xampp\htdocs\maintex\system\CodeIgniter.php(326): CodeIgniter\CodeIgniter->handleRequest(NULL, Object(Config\Cache), false)
#9 C:\xampp\htdocs\maintex\index.php(37): CodeIgniter\CodeIgniter->run()
#10 {main}
INFO - 2022-05-06 12:36:22 --> Session: Class initialized using 'CodeIgniter\Session\Handlers\FileHandler' driver.
INFO - 2022-05-06 12:36:22 --> Session: Class initialized using 'CodeIgniter\Session\Handlers\FileHandler' driver.
=======
>>>>>>> 79100ffd5fe66f1a02e18df29f6db53542f36dfb
>>>>>>> 6d9939b87712a3423ab978dc63b01a84597ec582
INFO - 2022-05-06 13:20:29 --> Session: Class initialized using 'CodeIgniter\Session\Handlers\FileHandler' driver.
ERROR - 2022-05-06 13:20:29 --> Error connecting to the database: Access denied for user '****'@'localhost' (using password: NO)
CRITICAL - 2022-05-06 13:20:29 --> Unable to connect to the database.
Main connection [MySQLi]: Access denied for user '****'@'localhost' (using password: NO)
#0 C:\Ampps\www\maintex\system\Database\BaseConnection.php(577): CodeIgniter\Database\BaseConnection->initialize()
#1 C:\Ampps\www\maintex\system\Database\BaseBuilder.php(1455): CodeIgniter\Database\BaseConnection->query('SELECT `setting...', Array, false)
#2 C:\Ampps\www\maintex\app\Controllers\BaseController.php(124): CodeIgniter\Database\BaseBuilder->get()
#3 C:\Ampps\www\maintex\app\Controllers\Suivi_equipement.php(122): App\Controllers\BaseController->load_company_setting()
#4 C:\Ampps\www\maintex\system\CodeIgniter.php(832): App\Controllers\Suivi_equipement->releve_mesure()
#5 C:\Ampps\www\maintex\system\CodeIgniter.php(419): CodeIgniter\CodeIgniter->runController(Object(App\Controllers\Suivi_equipement))
#6 C:\Ampps\www\maintex\system\CodeIgniter.php(326): CodeIgniter\CodeIgniter->handleRequest(NULL, Object(Config\Cache), false)
#7 C:\Ampps\www\maintex\index.php(37): CodeIgniter\CodeIgniter->run()
#8 {main}
CRITICAL - 2022-05-06 13:20:29 --> Uncaught ErrorException: print_r(): Property access is not allowed yet in C:\Ampps\www\maintex\app\Views\errors\html\error_exception.php:96
Stack trace:
#0 [internal function]: CodeIgniter\Debug\Exceptions->errorHandler(2, 'print_r(): Prop...', 'C:\\Ampps\\www\\ma...', 96, Array)
#1 C:\Ampps\www\maintex\app\Views\errors\html\error_exception.php(96): print_r(Object(App\Controllers\Suivi_equipement), true)
#2 C:\Ampps\www\maintex\system\Debug\Exceptions.php(234): include('C:\\Ampps\\www\\ma...')
#3 C:\Ampps\www\maintex\system\Debug\Exceptions.php(237): CodeIgniter\Debug\Exceptions->CodeIgniter\Debug\{closure}()
#4 C:\Ampps\www\maintex\system\Debug\Exceptions.php(121): CodeIgniter\Debug\Exceptions->render(Object(CodeIgniter\Database\Exceptions\DatabaseException), 500)
#5 [internal function]: CodeIgniter\Debug\Exceptions->exceptionHandler(Object(CodeIgniter\Database\Exceptions\DatabaseException))
#6 {main}
  thrown
#0 [internal function]: CodeIgniter\Debug\Exceptions->shutdownHandler()
#1 {main}
INFO - 2022-05-06 13:20:56 --> Session: Class initialized using 'CodeIgniter\Session\Handlers\FileHandler' driver.
INFO - 2022-05-06 13:20:56 --> Session: Class initialized using 'CodeIgniter\Session\Handlers\FileHandler' driver.
ERROR - 2022-05-06 13:20:56 --> Error connecting to the database: Access denied for user '****'@'localhost' (using password: NO)
CRITICAL - 2022-05-06 13:20:56 --> Unable to connect to the database.
Main connection [MySQLi]: Access denied for user '****'@'localhost' (using password: NO)
#0 C:\Ampps\www\maintex\system\Database\BaseConnection.php(577): CodeIgniter\Database\BaseConnection->initialize()
#1 C:\Ampps\www\maintex\system\Database\BaseBuilder.php(1455): CodeIgniter\Database\BaseConnection->query('SELECT *\nFROM `...', Array, false)
#2 C:\Ampps\www\maintex\app\Models\BaseModel.php(27): CodeIgniter\Database\BaseBuilder->get()
#3 C:\Ampps\www\maintex\app\Controllers\Home.php(18): App\Models\BaseModel->fetch_table('user', Array)
#4 C:\Ampps\www\maintex\system\CodeIgniter.php(832): App\Controllers\Home->index()
#5 C:\Ampps\www\maintex\system\CodeIgniter.php(419): CodeIgniter\CodeIgniter->runController(Object(App\Controllers\Home))
#6 C:\Ampps\www\maintex\system\CodeIgniter.php(326): CodeIgniter\CodeIgniter->handleRequest(NULL, Object(Config\Cache), false)
#7 C:\Ampps\www\maintex\index.php(37): CodeIgniter\CodeIgniter->run()
#8 {main}
CRITICAL - 2022-05-06 13:20:56 --> Uncaught ErrorException: print_r(): Property access is not allowed yet in C:\Ampps\www\maintex\app\Views\errors\html\error_exception.php:96
Stack trace:
#0 [internal function]: CodeIgniter\Debug\Exceptions->errorHandler(2, 'print_r(): Prop...', 'C:\\Ampps\\www\\ma...', 96, Array)
#1 C:\Ampps\www\maintex\app\Views\errors\html\error_exception.php(96): print_r(Object(App\Controllers\Home), true)
#2 C:\Ampps\www\maintex\system\Debug\Exceptions.php(234): include('C:\\Ampps\\www\\ma...')
#3 C:\Ampps\www\maintex\system\Debug\Exceptions.php(237): CodeIgniter\Debug\Exceptions->CodeIgniter\Debug\{closure}()
#4 C:\Ampps\www\maintex\system\Debug\Exceptions.php(121): CodeIgniter\Debug\Exceptions->render(Object(CodeIgniter\Database\Exceptions\DatabaseException), 500)
#5 [internal function]: CodeIgniter\Debug\Exceptions->exceptionHandler(Object(CodeIgniter\Database\Exceptions\DatabaseException))
#6 {main}
  thrown
#0 [internal function]: CodeIgniter\Debug\Exceptions->shutdownHandler()
#1 {main}
INFO - 2022-05-06 13:21:05 --> Session: Class initialized using 'CodeIgniter\Session\Handlers\FileHandler' driver.
INFO - 2022-05-06 13:21:05 --> Session: Class initialized using 'CodeIgniter\Session\Handlers\FileHandler' driver.
INFO - 2022-05-06 13:21:10 --> Session: Class initialized using 'CodeIgniter\Session\Handlers\FileHandler' driver.
ERROR - 2022-05-06 13:21:10 --> Error connecting to the database: Access denied for user '****'@'localhost' (using password: NO)
CRITICAL - 2022-05-06 13:21:10 --> Unable to connect to the database.
Main connection [MySQLi]: Access denied for user '****'@'localhost' (using password: NO)
#0 C:\Ampps\www\maintex\system\Database\BaseConnection.php(577): CodeIgniter\Database\BaseConnection->initialize()
#1 C:\Ampps\www\maintex\system\Database\BaseBuilder.php(1455): CodeIgniter\Database\BaseConnection->query('SELECT `user`.*...', Array, false)
#2 C:\Ampps\www\maintex\app\Models\LoginModel.php(54): CodeIgniter\Database\BaseBuilder->get()
#3 C:\Ampps\www\maintex\app\Controllers\Login.php(26): App\Models\LoginModel->authenticate('admin', 'admin')
#4 C:\Ampps\www\maintex\system\CodeIgniter.php(832): App\Controllers\Login->check_login()
#5 C:\Ampps\www\maintex\system\CodeIgniter.php(419): CodeIgniter\CodeIgniter->runController(Object(App\Controllers\Login))
#6 C:\Ampps\www\maintex\system\CodeIgniter.php(326): CodeIgniter\CodeIgniter->handleRequest(NULL, Object(Config\Cache), false)
#7 C:\Ampps\www\maintex\index.php(37): CodeIgniter\CodeIgniter->run()
#8 {main}
INFO - 2022-05-06 13:21:11 --> Session: Class initialized using 'CodeIgniter\Session\Handlers\FileHandler' driver.
ERROR - 2022-05-06 13:21:11 --> Error connecting to the database: Access denied for user '****'@'localhost' (using password: NO)
CRITICAL - 2022-05-06 13:21:11 --> Unable to connect to the database.
Main connection [MySQLi]: Access denied for user '****'@'localhost' (using password: NO)
#0 C:\Ampps\www\maintex\system\Database\BaseConnection.php(577): CodeIgniter\Database\BaseConnection->initialize()
#1 C:\Ampps\www\maintex\system\Database\BaseBuilder.php(1455): CodeIgniter\Database\BaseConnection->query('SELECT `user`.*...', Array, false)
#2 C:\Ampps\www\maintex\app\Models\LoginModel.php(54): CodeIgniter\Database\BaseBuilder->get()
#3 C:\Ampps\www\maintex\app\Controllers\Login.php(26): App\Models\LoginModel->authenticate('admin', 'admin')
#4 C:\Ampps\www\maintex\system\CodeIgniter.php(832): App\Controllers\Login->check_login()
#5 C:\Ampps\www\maintex\system\CodeIgniter.php(419): CodeIgniter\CodeIgniter->runController(Object(App\Controllers\Login))
#6 C:\Ampps\www\maintex\system\CodeIgniter.php(326): CodeIgniter\CodeIgniter->handleRequest(NULL, Object(Config\Cache), false)
#7 C:\Ampps\www\maintex\index.php(37): CodeIgniter\CodeIgniter->run()
#8 {main}
INFO - 2022-05-06 13:21:16 --> Session: Class initialized using 'CodeIgniter\Session\Handlers\FileHandler' driver.
INFO - 2022-05-06 13:21:16 --> Session: Class initialized using 'CodeIgniter\Session\Handlers\FileHandler' driver.
ERROR - 2022-05-06 13:21:16 --> Error connecting to the database: Access denied for user '****'@'localhost' (using password: NO)
CRITICAL - 2022-05-06 13:21:16 --> Unable to connect to the database.
Main connection [MySQLi]: Access denied for user '****'@'localhost' (using password: NO)
#0 C:\Ampps\www\maintex\system\Database\BaseConnection.php(577): CodeIgniter\Database\BaseConnection->initialize()
#1 C:\Ampps\www\maintex\system\Database\BaseBuilder.php(1455): CodeIgniter\Database\BaseConnection->query('SELECT `user`.*...', Array, false)
#2 C:\Ampps\www\maintex\app\Models\LoginModel.php(54): CodeIgniter\Database\BaseBuilder->get()
#3 C:\Ampps\www\maintex\app\Controllers\Login.php(26): App\Models\LoginModel->authenticate('admin', 'admin')
#4 C:\Ampps\www\maintex\system\CodeIgniter.php(832): App\Controllers\Login->check_login()
#5 C:\Ampps\www\maintex\system\CodeIgniter.php(419): CodeIgniter\CodeIgniter->runController(Object(App\Controllers\Login))
#6 C:\Ampps\www\maintex\system\CodeIgniter.php(326): CodeIgniter\CodeIgniter->handleRequest(NULL, Object(Config\Cache), false)
#7 C:\Ampps\www\maintex\index.php(37): CodeIgniter\CodeIgniter->run()
#8 {main}
INFO - 2022-05-06 13:21:45 --> Session: Class initialized using 'CodeIgniter\Session\Handlers\FileHandler' driver.
INFO - 2022-05-06 13:23:04 --> Session: Class initialized using 'CodeIgniter\Session\Handlers\FileHandler' driver.
INFO - 2022-05-06 13:23:04 --> Session: Class initialized using 'CodeIgniter\Session\Handlers\FileHandler' driver.
INFO - 2022-05-06 13:23:06 --> Session: Class initialized using 'CodeIgniter\Session\Handlers\FileHandler' driver.
INFO - 2022-05-06 13:23:06 --> Session: Class initialized using 'CodeIgniter\Session\Handlers\FileHandler' driver.
INFO - 2022-05-06 13:23:07 --> Session: Class initialized using 'CodeIgniter\Session\Handlers\FileHandler' driver.
INFO - 2022-05-06 13:23:07 --> Session: Class initialized using 'CodeIgniter\Session\Handlers\FileHandler' driver.
INFO - 2022-05-06 13:23:07 --> Session: Class initialized using 'CodeIgniter\Session\Handlers\FileHandler' driver.
INFO - 2022-05-06 13:23:07 --> Session: Class initialized using 'CodeIgniter\Session\Handlers\FileHandler' driver.
INFO - 2022-05-06 13:23:07 --> Session: Class initialized using 'CodeIgniter\Session\Handlers\FileHandler' driver.
INFO - 2022-05-06 13:23:07 --> Session: Class initialized using 'CodeIgniter\Session\Handlers\FileHandler' driver.
INFO - 2022-05-06 13:23:20 --> Session: Class initialized using 'CodeIgniter\Session\Handlers\FileHandler' driver.
INFO - 2022-05-06 13:23:24 --> Session: Class initialized using 'CodeIgniter\Session\Handlers\FileHandler' driver.
