CRITICAL - 2022-03-09 03:14:54 --> Call to a member function view() on null
#0 C:\Ampps\www\maintex_v\app\Controllers\Home.php(8): App\Controllers\BaseController->load_view('welcome_message')
#1 C:\Ampps\www\maintex_v\system\CodeIgniter.php(832): App\Controllers\Home->index()
#2 C:\Ampps\www\maintex_v\system\CodeIgniter.php(419): CodeIgniter\CodeIgniter->runController(Object(App\Controllers\Home))
#3 C:\Ampps\www\maintex_v\system\CodeIgniter.php(326): CodeIgniter\CodeIgniter->handleRequest(NULL, Object(Config\Cache), false)
#4 C:\Ampps\www\maintex_v\index.php(37): CodeIgniter\CodeIgniter->run()
#5 {main}
CRITICAL - 2022-03-09 03:17:10 --> Call to undefined function App\Controllers\get_instance()
#0 C:\Ampps\www\maintex_v\system\CodeIgniter.php(809): App\Controllers\BaseController->__construct()
#1 C:\Ampps\www\maintex_v\system\CodeIgniter.php(410): CodeIgniter\CodeIgniter->createController()
#2 C:\Ampps\www\maintex_v\system\CodeIgniter.php(326): CodeIgniter\CodeIgniter->handleRequest(NULL, Object(Config\Cache), false)
#3 C:\Ampps\www\maintex_v\index.php(37): CodeIgniter\CodeIgniter->run()
#4 {main}
CRITICAL - 2022-03-09 03:18:22 --> Call to undefined function App\Controllers\get_instance()
#0 C:\Ampps\www\maintex_v\system\CodeIgniter.php(809): App\Controllers\BaseController->__construct()
#1 C:\Ampps\www\maintex_v\system\CodeIgniter.php(410): CodeIgniter\CodeIgniter->createController()
#2 C:\Ampps\www\maintex_v\system\CodeIgniter.php(326): CodeIgniter\CodeIgniter->handleRequest(NULL, Object(Config\Cache), false)
#3 C:\Ampps\www\maintex_v\index.php(37): CodeIgniter\CodeIgniter->run()
#4 {main}
CRITICAL - 2022-03-09 03:18:39 --> Call to a member function view() on null
#0 C:\Ampps\www\maintex_v\system\CodeIgniter.php(832): App\Controllers\Home->index()
#1 C:\Ampps\www\maintex_v\system\CodeIgniter.php(419): CodeIgniter\CodeIgniter->runController(Object(App\Controllers\Home))
#2 C:\Ampps\www\maintex_v\system\CodeIgniter.php(326): CodeIgniter\CodeIgniter->handleRequest(NULL, Object(Config\Cache), false)
#3 C:\Ampps\www\maintex_v\index.php(37): CodeIgniter\CodeIgniter->run()
#4 {main}
CRITICAL - 2022-03-09 03:32:54 --> Call to undefined function App\Controllers\load_view()
#0 C:\Ampps\www\maintex_v\system\CodeIgniter.php(832): App\Controllers\Home->index()
#1 C:\Ampps\www\maintex_v\system\CodeIgniter.php(419): CodeIgniter\CodeIgniter->runController(Object(App\Controllers\Home))
#2 C:\Ampps\www\maintex_v\system\CodeIgniter.php(326): CodeIgniter\CodeIgniter->handleRequest(NULL, Object(Config\Cache), false)
#3 C:\Ampps\www\maintex_v\index.php(37): CodeIgniter\CodeIgniter->run()
#4 {main}
CRITICAL - 2022-03-09 03:38:25 --> Invalid file: welcome_message.php
#0 C:\Ampps\www\maintex_v\system\View\View.php(198): CodeIgniter\Exceptions\FrameworkException::forInvalidFile('welcome_message...')
#1 C:\Ampps\www\maintex_v\system\Common.php(1089): CodeIgniter\View\View->render('welcome_message', Array, true)
#2 C:\Ampps\www\maintex_v\app\Controllers\BaseController.php(57): view('welcome_message', Array)
#3 C:\Ampps\www\maintex_v\app\Controllers\Home.php(8): App\Controllers\BaseController->load_view('welcome_message')
#4 C:\Ampps\www\maintex_v\system\CodeIgniter.php(832): App\Controllers\Home->index()
#5 C:\Ampps\www\maintex_v\system\CodeIgniter.php(419): CodeIgniter\CodeIgniter->runController(Object(App\Controllers\Home))
#6 C:\Ampps\www\maintex_v\system\CodeIgniter.php(326): CodeIgniter\CodeIgniter->handleRequest(NULL, Object(Config\Cache), false)
#7 C:\Ampps\www\maintex_v\index.php(37): CodeIgniter\CodeIgniter->run()
#8 {main}
CRITICAL - 2022-03-09 03:40:11 --> Invalid file: welcome_message.php
#0 C:\Ampps\www\maintex_v\system\View\View.php(198): CodeIgniter\Exceptions\FrameworkException::forInvalidFile('welcome_message...')
#1 C:\Ampps\www\maintex_v\system\Common.php(1089): CodeIgniter\View\View->render('welcome_message', Array, true)
#2 C:\Ampps\www\maintex_v\app\Controllers\BaseController.php(57): view('welcome_message', Array)
#3 C:\Ampps\www\maintex_v\app\Controllers\Home.php(8): App\Controllers\BaseController->load_view('welcome_message')
#4 C:\Ampps\www\maintex_v\system\CodeIgniter.php(832): App\Controllers\Home->index()
#5 C:\Ampps\www\maintex_v\system\CodeIgniter.php(419): CodeIgniter\CodeIgniter->runController(Object(App\Controllers\Home))
#6 C:\Ampps\www\maintex_v\system\CodeIgniter.php(326): CodeIgniter\CodeIgniter->handleRequest(NULL, Object(Config\Cache), false)
#7 C:\Ampps\www\maintex_v\index.php(37): CodeIgniter\CodeIgniter->run()
#8 {main}
CRITICAL - 2022-03-09 03:40:27 --> Invalid file: welcome_message.php
#0 C:\Ampps\www\maintex_v\system\View\View.php(198): CodeIgniter\Exceptions\FrameworkException::forInvalidFile('welcome_message...')
#1 C:\Ampps\www\maintex_v\system\Common.php(1089): CodeIgniter\View\View->render('welcome_message', Array, true)
#2 C:\Ampps\www\maintex_v\app\Controllers\BaseController.php(57): view('welcome_message', Array)
#3 C:\Ampps\www\maintex_v\app\Controllers\Home.php(8): App\Controllers\BaseController->load_view('welcome_message')
#4 C:\Ampps\www\maintex_v\system\CodeIgniter.php(832): App\Controllers\Home->index()
#5 C:\Ampps\www\maintex_v\system\CodeIgniter.php(419): CodeIgniter\CodeIgniter->runController(Object(App\Controllers\Home))
#6 C:\Ampps\www\maintex_v\system\CodeIgniter.php(326): CodeIgniter\CodeIgniter->handleRequest(NULL, Object(Config\Cache), false)
#7 C:\Ampps\www\maintex_v\index.php(37): CodeIgniter\CodeIgniter->run()
#8 {main}
CRITICAL - 2022-03-09 05:03:42 --> Call to undefined function gl_array_filter_by_value()
#0 C:\Ampps\www\maintex_v\system\View\View.php(210): include()
#1 C:\Ampps\www\maintex_v\system\View\View.php(213): CodeIgniter\View\View->CodeIgniter\View\{closure}()
#2 C:\Ampps\www\maintex_v\system\Common.php(1089): CodeIgniter\View\View->render('layout/header', Array, true)
#3 C:\Ampps\www\maintex_v\app\Controllers\BaseController.php(55): view('layout/header')
#4 C:\Ampps\www\maintex_v\app\Controllers\Home.php(8): App\Controllers\BaseController->load_view('index')
#5 C:\Ampps\www\maintex_v\system\CodeIgniter.php(832): App\Controllers\Home->index()
#6 C:\Ampps\www\maintex_v\system\CodeIgniter.php(419): CodeIgniter\CodeIgniter->runController(Object(App\Controllers\Home))
#7 C:\Ampps\www\maintex_v\system\CodeIgniter.php(326): CodeIgniter\CodeIgniter->handleRequest(NULL, Object(Config\Cache), false)
#8 C:\Ampps\www\maintex_v\index.php(37): CodeIgniter\CodeIgniter->run()
#9 {main}
CRITICAL - 2022-03-09 05:19:47 --> Call to undefined function gl_array_filter_by_value()
#0 C:\Ampps\www\maintex_v\system\View\View.php(210): include()
#1 C:\Ampps\www\maintex_v\system\View\View.php(213): CodeIgniter\View\View->CodeIgniter\View\{closure}()
#2 C:\Ampps\www\maintex_v\system\Common.php(1089): CodeIgniter\View\View->render('layout/header', Array, true)
#3 C:\Ampps\www\maintex_v\app\Controllers\BaseController.php(55): view('layout/header')
#4 C:\Ampps\www\maintex_v\app\Controllers\Home.php(8): App\Controllers\BaseController->load_view('index')
#5 C:\Ampps\www\maintex_v\system\CodeIgniter.php(832): App\Controllers\Home->index()
#6 C:\Ampps\www\maintex_v\system\CodeIgniter.php(419): CodeIgniter\CodeIgniter->runController(Object(App\Controllers\Home))
#7 C:\Ampps\www\maintex_v\system\CodeIgniter.php(326): CodeIgniter\CodeIgniter->handleRequest(NULL, Object(Config\Cache), false)
#8 C:\Ampps\www\maintex_v\index.php(37): CodeIgniter\CodeIgniter->run()
#9 {main}
CRITICAL - 2022-03-09 05:53:30 --> File not found: app\helpers\functions_helper
#0 C:\Ampps\www\maintex_v\system\Common.php(594): CodeIgniter\Files\Exceptions\FileNotFoundException::forFileNotFound('app\\helpers\\fun...')
#1 C:\Ampps\www\maintex_v\app\Controllers\BaseController.php(55): helper(Array)
#2 C:\Ampps\www\maintex_v\app\Controllers\Home.php(8): App\Controllers\BaseController->load_view('index')
#3 C:\Ampps\www\maintex_v\system\CodeIgniter.php(832): App\Controllers\Home->index()
#4 C:\Ampps\www\maintex_v\system\CodeIgniter.php(419): CodeIgniter\CodeIgniter->runController(Object(App\Controllers\Home))
#5 C:\Ampps\www\maintex_v\system\CodeIgniter.php(326): CodeIgniter\CodeIgniter->handleRequest(NULL, Object(Config\Cache), false)
#6 C:\Ampps\www\maintex_v\index.php(37): CodeIgniter\CodeIgniter->run()
#7 {main}
CRITICAL - 2022-03-09 05:54:14 --> File not found: app\Helpers\functions_helper
#0 C:\Ampps\www\maintex_v\system\Common.php(594): CodeIgniter\Files\Exceptions\FileNotFoundException::forFileNotFound('app\\Helpers\\fun...')
#1 C:\Ampps\www\maintex_v\app\Controllers\BaseController.php(55): helper(Array)
#2 C:\Ampps\www\maintex_v\app\Controllers\Home.php(8): App\Controllers\BaseController->load_view('index')
#3 C:\Ampps\www\maintex_v\system\CodeIgniter.php(832): App\Controllers\Home->index()
#4 C:\Ampps\www\maintex_v\system\CodeIgniter.php(419): CodeIgniter\CodeIgniter->runController(Object(App\Controllers\Home))
#5 C:\Ampps\www\maintex_v\system\CodeIgniter.php(326): CodeIgniter\CodeIgniter->handleRequest(NULL, Object(Config\Cache), false)
#6 C:\Ampps\www\maintex_v\index.php(37): CodeIgniter\CodeIgniter->run()
#7 {main}
CRITICAL - 2022-03-09 05:54:31 --> Call to undefined function gl_array_filter_by_value()
#0 C:\Ampps\www\maintex_v\system\View\View.php(210): include()
#1 C:\Ampps\www\maintex_v\system\View\View.php(213): CodeIgniter\View\View->CodeIgniter\View\{closure}()
#2 C:\Ampps\www\maintex_v\system\Common.php(1089): CodeIgniter\View\View->render('layout/header', Array, true)
#3 C:\Ampps\www\maintex_v\app\Controllers\BaseController.php(56): view('layout/header')
#4 C:\Ampps\www\maintex_v\app\Controllers\Home.php(8): App\Controllers\BaseController->load_view('index')
#5 C:\Ampps\www\maintex_v\system\CodeIgniter.php(832): App\Controllers\Home->index()
#6 C:\Ampps\www\maintex_v\system\CodeIgniter.php(419): CodeIgniter\CodeIgniter->runController(Object(App\Controllers\Home))
#7 C:\Ampps\www\maintex_v\system\CodeIgniter.php(326): CodeIgniter\CodeIgniter->handleRequest(NULL, Object(Config\Cache), false)
#8 C:\Ampps\www\maintex_v\index.php(37): CodeIgniter\CodeIgniter->run()
#9 {main}
CRITICAL - 2022-03-09 05:55:09 --> Call to undefined function gl_array_filter_by_value()
#0 C:\Ampps\www\maintex_v\system\View\View.php(210): include()
#1 C:\Ampps\www\maintex_v\system\View\View.php(213): CodeIgniter\View\View->CodeIgniter\View\{closure}()
#2 C:\Ampps\www\maintex_v\system\Common.php(1089): CodeIgniter\View\View->render('layout/header', Array, true)
#3 C:\Ampps\www\maintex_v\app\Controllers\BaseController.php(56): view('layout/header')
#4 C:\Ampps\www\maintex_v\app\Controllers\Home.php(8): App\Controllers\BaseController->load_view('index')
#5 C:\Ampps\www\maintex_v\system\CodeIgniter.php(832): App\Controllers\Home->index()
#6 C:\Ampps\www\maintex_v\system\CodeIgniter.php(419): CodeIgniter\CodeIgniter->runController(Object(App\Controllers\Home))
#7 C:\Ampps\www\maintex_v\system\CodeIgniter.php(326): CodeIgniter\CodeIgniter->handleRequest(NULL, Object(Config\Cache), false)
#8 C:\Ampps\www\maintex_v\index.php(37): CodeIgniter\CodeIgniter->run()
#9 {main}
CRITICAL - 2022-03-09 05:58:03 --> Call to undefined function gl_array_filter_by_value()
#0 C:\Ampps\www\maintex_v\system\View\View.php(210): include()
#1 C:\Ampps\www\maintex_v\system\View\View.php(213): CodeIgniter\View\View->CodeIgniter\View\{closure}()
#2 C:\Ampps\www\maintex_v\system\Common.php(1089): CodeIgniter\View\View->render('layout/header', Array, true)
#3 C:\Ampps\www\maintex_v\app\Controllers\BaseController.php(56): view('layout/header')
#4 C:\Ampps\www\maintex_v\app\Controllers\Home.php(8): App\Controllers\BaseController->load_view('index')
#5 C:\Ampps\www\maintex_v\system\CodeIgniter.php(832): App\Controllers\Home->index()
#6 C:\Ampps\www\maintex_v\system\CodeIgniter.php(419): CodeIgniter\CodeIgniter->runController(Object(App\Controllers\Home))
#7 C:\Ampps\www\maintex_v\system\CodeIgniter.php(326): CodeIgniter\CodeIgniter->handleRequest(NULL, Object(Config\Cache), false)
#8 C:\Ampps\www\maintex_v\index.php(37): CodeIgniter\CodeIgniter->run()
#9 {main}
CRITICAL - 2022-03-09 05:58:44 --> Call to undefined function gl_array_filter_by_value()
#0 C:\Ampps\www\maintex_v\system\View\View.php(210): include()
#1 C:\Ampps\www\maintex_v\system\View\View.php(213): CodeIgniter\View\View->CodeIgniter\View\{closure}()
#2 C:\Ampps\www\maintex_v\system\Common.php(1089): CodeIgniter\View\View->render('layout/header', Array, true)
#3 C:\Ampps\www\maintex_v\app\Controllers\BaseController.php(56): view('layout/header')
#4 C:\Ampps\www\maintex_v\app\Controllers\Home.php(8): App\Controllers\BaseController->load_view('index')
#5 C:\Ampps\www\maintex_v\system\CodeIgniter.php(832): App\Controllers\Home->index()
#6 C:\Ampps\www\maintex_v\system\CodeIgniter.php(419): CodeIgniter\CodeIgniter->runController(Object(App\Controllers\Home))
#7 C:\Ampps\www\maintex_v\system\CodeIgniter.php(326): CodeIgniter\CodeIgniter->handleRequest(NULL, Object(Config\Cache), false)
#8 C:\Ampps\www\maintex_v\index.php(37): CodeIgniter\CodeIgniter->run()
#9 {main}
CRITICAL - 2022-03-09 05:59:51 --> Call to undefined function gl_array_filter_by_value()
#0 C:\Ampps\www\maintex_v\system\View\View.php(210): include()
#1 C:\Ampps\www\maintex_v\system\View\View.php(213): CodeIgniter\View\View->CodeIgniter\View\{closure}()
#2 C:\Ampps\www\maintex_v\system\Common.php(1089): CodeIgniter\View\View->render('layout/header', Array, true)
#3 C:\Ampps\www\maintex_v\app\Controllers\BaseController.php(56): view('layout/header')
#4 C:\Ampps\www\maintex_v\app\Controllers\Home.php(8): App\Controllers\BaseController->load_view('index')
#5 C:\Ampps\www\maintex_v\system\CodeIgniter.php(832): App\Controllers\Home->index()
#6 C:\Ampps\www\maintex_v\system\CodeIgniter.php(419): CodeIgniter\CodeIgniter->runController(Object(App\Controllers\Home))
#7 C:\Ampps\www\maintex_v\system\CodeIgniter.php(326): CodeIgniter\CodeIgniter->handleRequest(NULL, Object(Config\Cache), false)
#8 C:\Ampps\www\maintex_v\index.php(37): CodeIgniter\CodeIgniter->run()
#9 {main}
CRITICAL - 2022-03-09 06:35:24 --> Call to a member function userdata() on null
#0 C:\Ampps\www\maintex_v\system\View\View.php(210): include()
#1 C:\Ampps\www\maintex_v\system\View\View.php(213): CodeIgniter\View\View->CodeIgniter\View\{closure}()
#2 C:\Ampps\www\maintex_v\system\Common.php(1089): CodeIgniter\View\View->render('layout/header', Array, true)
#3 C:\Ampps\www\maintex_v\app\Controllers\BaseController.php(55): view('layout/header')
#4 C:\Ampps\www\maintex_v\app\Controllers\Home.php(8): App\Controllers\BaseController->load_view('index')
#5 C:\Ampps\www\maintex_v\system\CodeIgniter.php(832): App\Controllers\Home->index()
#6 C:\Ampps\www\maintex_v\system\CodeIgniter.php(419): CodeIgniter\CodeIgniter->runController(Object(App\Controllers\Home))
#7 C:\Ampps\www\maintex_v\system\CodeIgniter.php(326): CodeIgniter\CodeIgniter->handleRequest(NULL, Object(Config\Cache), false)
#8 C:\Ampps\www\maintex_v\index.php(37): CodeIgniter\CodeIgniter->run()
#9 {main}
CRITICAL - 2022-03-09 09:01:00 --> Call to a member function userdata() on null
#0 C:\Ampps\www\maintex_v\system\View\View.php(210): include()
#1 C:\Ampps\www\maintex_v\system\View\View.php(213): CodeIgniter\View\View->CodeIgniter\View\{closure}()
#2 C:\Ampps\www\maintex_v\system\Common.php(1089): CodeIgniter\View\View->render('layout/header', Array, true)
#3 C:\Ampps\www\maintex_v\app\Controllers\BaseController.php(55): view('layout/header')
#4 C:\Ampps\www\maintex_v\app\Controllers\Home.php(8): App\Controllers\BaseController->load_view('index')
#5 C:\Ampps\www\maintex_v\system\CodeIgniter.php(832): App\Controllers\Home->index()
#6 C:\Ampps\www\maintex_v\system\CodeIgniter.php(419): CodeIgniter\CodeIgniter->runController(Object(App\Controllers\Home))
#7 C:\Ampps\www\maintex_v\system\CodeIgniter.php(326): CodeIgniter\CodeIgniter->handleRequest(NULL, Object(Config\Cache), false)
#8 C:\Ampps\www\maintex_v\index.php(37): CodeIgniter\CodeIgniter->run()
#9 {main}
CRITICAL - 2022-03-09 10:20:49 --> Call to a member function userdata() on null
#0 C:\Ampps\www\maintex_v\system\View\View.php(210): include()
#1 C:\Ampps\www\maintex_v\system\View\View.php(213): CodeIgniter\View\View->CodeIgniter\View\{closure}()
#2 C:\Ampps\www\maintex_v\system\Common.php(1089): CodeIgniter\View\View->render('layout/header', Array, true)
#3 C:\Ampps\www\maintex_v\app\Controllers\BaseController.php(55): view('layout/header')
#4 C:\Ampps\www\maintex_v\app\Controllers\Home.php(8): App\Controllers\BaseController->load_view('index')
#5 C:\Ampps\www\maintex_v\system\CodeIgniter.php(832): App\Controllers\Home->index()
#6 C:\Ampps\www\maintex_v\system\CodeIgniter.php(419): CodeIgniter\CodeIgniter->runController(Object(App\Controllers\Home))
#7 C:\Ampps\www\maintex_v\system\CodeIgniter.php(326): CodeIgniter\CodeIgniter->handleRequest(NULL, Object(Config\Cache), false)
#8 C:\Ampps\www\maintex_v\index.php(37): CodeIgniter\CodeIgniter->run()
#9 {main}
CRITICAL - 2022-03-09 10:21:18 --> Call to a member function get() on null
#0 C:\Ampps\www\maintex_v\system\View\View.php(210): include()
#1 C:\Ampps\www\maintex_v\system\View\View.php(213): CodeIgniter\View\View->CodeIgniter\View\{closure}()
#2 C:\Ampps\www\maintex_v\system\Common.php(1089): CodeIgniter\View\View->render('layout/header', Array, true)
#3 C:\Ampps\www\maintex_v\app\Controllers\BaseController.php(55): view('layout/header')
#4 C:\Ampps\www\maintex_v\app\Controllers\Home.php(8): App\Controllers\BaseController->load_view('index')
#5 C:\Ampps\www\maintex_v\system\CodeIgniter.php(832): App\Controllers\Home->index()
#6 C:\Ampps\www\maintex_v\system\CodeIgniter.php(419): CodeIgniter\CodeIgniter->runController(Object(App\Controllers\Home))
#7 C:\Ampps\www\maintex_v\system\CodeIgniter.php(326): CodeIgniter\CodeIgniter->handleRequest(NULL, Object(Config\Cache), false)
#8 C:\Ampps\www\maintex_v\index.php(37): CodeIgniter\CodeIgniter->run()
#9 {main}
CRITICAL - 2022-03-09 10:21:35 --> Call to a member function get() on null
#0 C:\Ampps\www\maintex_v\system\View\View.php(210): include()
#1 C:\Ampps\www\maintex_v\system\View\View.php(213): CodeIgniter\View\View->CodeIgniter\View\{closure}()
#2 C:\Ampps\www\maintex_v\system\Common.php(1089): CodeIgniter\View\View->render('layout/header', Array, true)
#3 C:\Ampps\www\maintex_v\app\Controllers\BaseController.php(55): view('layout/header')
#4 C:\Ampps\www\maintex_v\app\Controllers\Home.php(8): App\Controllers\BaseController->load_view('index')
#5 C:\Ampps\www\maintex_v\system\CodeIgniter.php(832): App\Controllers\Home->index()
#6 C:\Ampps\www\maintex_v\system\CodeIgniter.php(419): CodeIgniter\CodeIgniter->runController(Object(App\Controllers\Home))
#7 C:\Ampps\www\maintex_v\system\CodeIgniter.php(326): CodeIgniter\CodeIgniter->handleRequest(NULL, Object(Config\Cache), false)
#8 C:\Ampps\www\maintex_v\index.php(37): CodeIgniter\CodeIgniter->run()
#9 {main}
CRITICAL - 2022-03-09 10:25:14 --> Call to a member function get() on null
#0 C:\Ampps\www\maintex_v\system\View\View.php(210): include()
#1 C:\Ampps\www\maintex_v\system\View\View.php(213): CodeIgniter\View\View->CodeIgniter\View\{closure}()
#2 C:\Ampps\www\maintex_v\system\Common.php(1089): CodeIgniter\View\View->render('layout/header', Array, true)
#3 C:\Ampps\www\maintex_v\app\Controllers\BaseController.php(56): view('layout/header')
#4 C:\Ampps\www\maintex_v\app\Controllers\Home.php(8): App\Controllers\BaseController->load_view('index')
#5 C:\Ampps\www\maintex_v\system\CodeIgniter.php(832): App\Controllers\Home->index()
#6 C:\Ampps\www\maintex_v\system\CodeIgniter.php(419): CodeIgniter\CodeIgniter->runController(Object(App\Controllers\Home))
#7 C:\Ampps\www\maintex_v\system\CodeIgniter.php(326): CodeIgniter\CodeIgniter->handleRequest(NULL, Object(Config\Cache), false)
#8 C:\Ampps\www\maintex_v\index.php(37): CodeIgniter\CodeIgniter->run()
#9 {main}
CRITICAL - 2022-03-09 10:27:21 --> Argument 1 passed to CodeIgniter\Config\Services::session() must be an instance of Config\App or null, array given, called in C:\Ampps\www\maintex_v\system\Config\BaseService.php on line 248
#0 C:\Ampps\www\maintex_v\system\Config\BaseService.php(248): CodeIgniter\Config\Services::session(Array)
#1 C:\Ampps\www\maintex_v\app\Controllers\BaseController.php(44): CodeIgniter\Config\BaseService::__callStatic('session', Array)
#2 C:\Ampps\www\maintex_v\system\CodeIgniter.php(809): App\Controllers\BaseController->__construct()
#3 C:\Ampps\www\maintex_v\system\CodeIgniter.php(410): CodeIgniter\CodeIgniter->createController()
#4 C:\Ampps\www\maintex_v\system\CodeIgniter.php(326): CodeIgniter\CodeIgniter->handleRequest(NULL, Object(Config\Cache), false)
#5 C:\Ampps\www\maintex_v\index.php(37): CodeIgniter\CodeIgniter->run()
#6 {main}
CRITICAL - 2022-03-09 10:27:42 --> Call to a member function get() on null
#0 C:\Ampps\www\maintex_v\system\View\View.php(210): include()
#1 C:\Ampps\www\maintex_v\system\View\View.php(213): CodeIgniter\View\View->CodeIgniter\View\{closure}()
#2 C:\Ampps\www\maintex_v\system\Common.php(1089): CodeIgniter\View\View->render('layout/header', Array, true)
#3 C:\Ampps\www\maintex_v\app\Controllers\BaseController.php(56): view('layout/header')
#4 C:\Ampps\www\maintex_v\app\Controllers\Home.php(8): App\Controllers\BaseController->load_view('index')
#5 C:\Ampps\www\maintex_v\system\CodeIgniter.php(832): App\Controllers\Home->index()
#6 C:\Ampps\www\maintex_v\system\CodeIgniter.php(419): CodeIgniter\CodeIgniter->runController(Object(App\Controllers\Home))
#7 C:\Ampps\www\maintex_v\system\CodeIgniter.php(326): CodeIgniter\CodeIgniter->handleRequest(NULL, Object(Config\Cache), false)
#8 C:\Ampps\www\maintex_v\index.php(37): CodeIgniter\CodeIgniter->run()
#9 {main}
CRITICAL - 2022-03-09 10:27:59 --> Call to a member function get() on null
#0 C:\Ampps\www\maintex_v\system\View\View.php(210): include()
#1 C:\Ampps\www\maintex_v\system\View\View.php(213): CodeIgniter\View\View->CodeIgniter\View\{closure}()
#2 C:\Ampps\www\maintex_v\system\Common.php(1089): CodeIgniter\View\View->render('layout/header', Array, true)
#3 C:\Ampps\www\maintex_v\app\Controllers\BaseController.php(56): view('layout/header')
#4 C:\Ampps\www\maintex_v\app\Controllers\Home.php(8): App\Controllers\BaseController->load_view('index')
#5 C:\Ampps\www\maintex_v\system\CodeIgniter.php(832): App\Controllers\Home->index()
#6 C:\Ampps\www\maintex_v\system\CodeIgniter.php(419): CodeIgniter\CodeIgniter->runController(Object(App\Controllers\Home))
#7 C:\Ampps\www\maintex_v\system\CodeIgniter.php(326): CodeIgniter\CodeIgniter->handleRequest(NULL, Object(Config\Cache), false)
#8 C:\Ampps\www\maintex_v\index.php(37): CodeIgniter\CodeIgniter->run()
#9 {main}
CRITICAL - 2022-03-09 10:31:39 --> Call to a member function get() on null
#0 C:\Ampps\www\maintex_v\system\View\View.php(210): include()
#1 C:\Ampps\www\maintex_v\system\View\View.php(213): CodeIgniter\View\View->CodeIgniter\View\{closure}()
#2 C:\Ampps\www\maintex_v\system\Common.php(1089): CodeIgniter\View\View->render('layout/header', Array, true)
#3 C:\Ampps\www\maintex_v\app\Controllers\BaseController.php(55): view('layout/header')
#4 C:\Ampps\www\maintex_v\app\Controllers\Home.php(8): App\Controllers\BaseController->load_view('index')
#5 C:\Ampps\www\maintex_v\system\CodeIgniter.php(832): App\Controllers\Home->index()
#6 C:\Ampps\www\maintex_v\system\CodeIgniter.php(419): CodeIgniter\CodeIgniter->runController(Object(App\Controllers\Home))
#7 C:\Ampps\www\maintex_v\system\CodeIgniter.php(326): CodeIgniter\CodeIgniter->handleRequest(NULL, Object(Config\Cache), false)
#8 C:\Ampps\www\maintex_v\index.php(37): CodeIgniter\CodeIgniter->run()
#9 {main}
CRITICAL - 2022-03-09 10:41:49 --> Call to a member function get() on null
#0 C:\Ampps\www\maintex_v\system\View\View.php(210): include()
#1 C:\Ampps\www\maintex_v\system\View\View.php(213): CodeIgniter\View\View->CodeIgniter\View\{closure}()
#2 C:\Ampps\www\maintex_v\system\Common.php(1089): CodeIgniter\View\View->render('layout/header', Array, true)
#3 C:\Ampps\www\maintex_v\app\Controllers\BaseController.php(55): view('layout/header')
#4 C:\Ampps\www\maintex_v\app\Controllers\Home.php(8): App\Controllers\BaseController->load_view('index')
#5 C:\Ampps\www\maintex_v\system\CodeIgniter.php(832): App\Controllers\Home->index()
#6 C:\Ampps\www\maintex_v\system\CodeIgniter.php(419): CodeIgniter\CodeIgniter->runController(Object(App\Controllers\Home))
#7 C:\Ampps\www\maintex_v\system\CodeIgniter.php(326): CodeIgniter\CodeIgniter->handleRequest(NULL, Object(Config\Cache), false)
#8 C:\Ampps\www\maintex_v\index.php(37): CodeIgniter\CodeIgniter->run()
#9 {main}
CRITICAL - 2022-03-09 11:00:56 --> Call to a member function userdata() on null
#0 C:\Ampps\www\maintex_v\system\View\View.php(210): include()
#1 C:\Ampps\www\maintex_v\system\View\View.php(213): CodeIgniter\View\View->CodeIgniter\View\{closure}()
#2 C:\Ampps\www\maintex_v\system\Common.php(1089): CodeIgniter\View\View->render('layout/header', Array, true)
#3 C:\Ampps\www\maintex_v\app\Controllers\BaseController.php(56): view('layout/header')
#4 C:\Ampps\www\maintex_v\app\Controllers\Home.php(8): App\Controllers\BaseController->load_view('index')
#5 C:\Ampps\www\maintex_v\system\CodeIgniter.php(832): App\Controllers\Home->index()
#6 C:\Ampps\www\maintex_v\system\CodeIgniter.php(419): CodeIgniter\CodeIgniter->runController(Object(App\Controllers\Home))
#7 C:\Ampps\www\maintex_v\system\CodeIgniter.php(326): CodeIgniter\CodeIgniter->handleRequest(NULL, Object(Config\Cache), false)
#8 C:\Ampps\www\maintex_v\index.php(37): CodeIgniter\CodeIgniter->run()
#9 {main}
CRITICAL - 2022-03-09 11:05:40 --> Call to a member function userdata() on null
#0 C:\Ampps\www\maintex_v\system\View\View.php(210): include()
#1 C:\Ampps\www\maintex_v\system\View\View.php(213): CodeIgniter\View\View->CodeIgniter\View\{closure}()
#2 C:\Ampps\www\maintex_v\system\Common.php(1089): CodeIgniter\View\View->render('layout/header', Array, true)
#3 C:\Ampps\www\maintex_v\app\Controllers\BaseController.php(57): view('layout/header')
#4 C:\Ampps\www\maintex_v\app\Controllers\Home.php(8): App\Controllers\BaseController->load_view('index')
#5 C:\Ampps\www\maintex_v\system\CodeIgniter.php(832): App\Controllers\Home->index()
#6 C:\Ampps\www\maintex_v\system\CodeIgniter.php(419): CodeIgniter\CodeIgniter->runController(Object(App\Controllers\Home))
#7 C:\Ampps\www\maintex_v\system\CodeIgniter.php(326): CodeIgniter\CodeIgniter->handleRequest(NULL, Object(Config\Cache), false)
#8 C:\Ampps\www\maintex_v\index.php(37): CodeIgniter\CodeIgniter->run()
#9 {main}
