INFO - 2022-03-22 03:27:35 --> Session: Class initialized using 'CodeIgniter\Session\Handlers\FileHandler' driver.
INFO - 2022-03-22 03:27:47 --> Session: Class initialized using 'CodeIgniter\Session\Handlers\FileHandler' driver.
INFO - 2022-03-22 03:27:48 --> Session: Class initialized using 'CodeIgniter\Session\Handlers\FileHandler' driver.
INFO - 2022-03-22 04:05:18 --> Session: Class initialized using 'CodeIgniter\Session\Handlers\FileHandler' driver.
INFO - 2022-03-22 04:06:45 --> Session: Class initialized using 'CodeIgniter\Session\Handlers\FileHandler' driver.
INFO - 2022-03-22 04:13:50 --> Session: Class initialized using 'CodeIgniter\Session\Handlers\FileHandler' driver.
INFO - 2022-03-22 04:13:50 --> Session: Class initialized using 'CodeIgniter\Session\Handlers\FileHandler' driver.
INFO - 2022-03-22 04:13:55 --> Session: Class initialized using 'CodeIgniter\Session\Handlers\FileHandler' driver.
INFO - 2022-03-22 04:13:55 --> Session: Class initialized using 'CodeIgniter\Session\Handlers\FileHandler' driver.
INFO - 2022-03-22 04:14:52 --> Session: Class initialized using 'CodeIgniter\Session\Handlers\FileHandler' driver.
INFO - 2022-03-22 04:20:33 --> Session: Class initialized using 'CodeIgniter\Session\Handlers\FileHandler' driver.
INFO - 2022-03-22 04:21:49 --> Session: Class initialized using 'CodeIgniter\Session\Handlers\FileHandler' driver.
INFO - 2022-03-22 04:27:23 --> Session: Class initialized using 'CodeIgniter\Session\Handlers\FileHandler' driver.
INFO - 2022-03-22 04:27:23 --> Session: Class initialized using 'CodeIgniter\Session\Handlers\FileHandler' driver.
INFO - 2022-03-22 04:27:46 --> Session: Class initialized using 'CodeIgniter\Session\Handlers\FileHandler' driver.
INFO - 2022-03-22 04:27:46 --> Session: Class initialized using 'CodeIgniter\Session\Handlers\FileHandler' driver.
INFO - 2022-03-22 04:28:19 --> Session: Class initialized using 'CodeIgniter\Session\Handlers\FileHandler' driver.
INFO - 2022-03-22 04:28:48 --> Session: Class initialized using 'CodeIgniter\Session\Handlers\FileHandler' driver.
INFO - 2022-03-22 04:33:43 --> Session: Class initialized using 'CodeIgniter\Session\Handlers\FileHandler' driver.
CRITICAL - 2022-03-22 04:33:43 --> Undefined property: CodeIgniter\View\View::$session
#0 C:\Ampps\www\maintex\app\Views\layout\header.php(169): CodeIgniter\Debug\Exceptions->errorHandler(8, 'Undefined prope...', 'C:\\Ampps\\www\\ma...', 169, Array)
#1 C:\Ampps\www\maintex\system\View\View.php(210): include('C:\\Ampps\\www\\ma...')
#2 C:\Ampps\www\maintex\system\View\View.php(213): CodeIgniter\View\View->CodeIgniter\View\{closure}()
#3 C:\Ampps\www\maintex\system\Common.php(1089): CodeIgniter\View\View->render('layout/header', Array, true)
#4 C:\Ampps\www\maintex\app\Controllers\BaseController.php(85): view('layout/header', Array)
#5 C:\Ampps\www\maintex\app\Controllers\Home.php(17): App\Controllers\BaseController->load_view('index')
#6 C:\Ampps\www\maintex\system\CodeIgniter.php(832): App\Controllers\Home->index()
#7 C:\Ampps\www\maintex\system\CodeIgniter.php(419): CodeIgniter\CodeIgniter->runController(Object(App\Controllers\Home))
#8 C:\Ampps\www\maintex\system\CodeIgniter.php(326): CodeIgniter\CodeIgniter->handleRequest(NULL, Object(Config\Cache), false)
#9 C:\Ampps\www\maintex\index.php(37): CodeIgniter\CodeIgniter->run()
#10 {main}
INFO - 2022-03-22 04:35:58 --> Session: Class initialized using 'CodeIgniter\Session\Handlers\FileHandler' driver.
INFO - 2022-03-22 05:09:47 --> Session: Class initialized using 'CodeIgniter\Session\Handlers\FileHandler' driver.
INFO - 2022-03-22 05:10:15 --> Session: Class initialized using 'CodeIgniter\Session\Handlers\FileHandler' driver.
INFO - 2022-03-22 05:10:15 --> Session: Class initialized using 'CodeIgniter\Session\Handlers\FileHandler' driver.
INFO - 2022-03-22 05:10:20 --> Session: Class initialized using 'CodeIgniter\Session\Handlers\FileHandler' driver.
INFO - 2022-03-22 05:10:20 --> Session: Class initialized using 'CodeIgniter\Session\Handlers\FileHandler' driver.
INFO - 2022-03-22 05:10:34 --> Session: Class initialized using 'CodeIgniter\Session\Handlers\FileHandler' driver.
INFO - 2022-03-22 05:11:17 --> Session: Class initialized using 'CodeIgniter\Session\Handlers\FileHandler' driver.
INFO - 2022-03-22 05:11:20 --> Session: Class initialized using 'CodeIgniter\Session\Handlers\FileHandler' driver.
INFO - 2022-03-22 05:12:02 --> Session: Class initialized using 'CodeIgniter\Session\Handlers\FileHandler' driver.
INFO - 2022-03-22 05:14:34 --> Session: Class initialized using 'CodeIgniter\Session\Handlers\FileHandler' driver.
INFO - 2022-03-22 05:23:14 --> Session: Class initialized using 'CodeIgniter\Session\Handlers\FileHandler' driver.
INFO - 2022-03-22 05:23:25 --> Session: Class initialized using 'CodeIgniter\Session\Handlers\FileHandler' driver.
INFO - 2022-03-22 05:35:56 --> Session: Class initialized using 'CodeIgniter\Session\Handlers\FileHandler' driver.
CRITICAL - 2022-03-22 05:35:56 --> Undefined variable: favoris
#0 C:\Ampps\www\maintex\app\Views\layout\header.php(252): CodeIgniter\Debug\Exceptions->errorHandler(8, 'Undefined varia...', 'C:\\Ampps\\www\\ma...', 252, Array)
#1 C:\Ampps\www\maintex\system\View\View.php(210): include('C:\\Ampps\\www\\ma...')
#2 C:\Ampps\www\maintex\system\View\View.php(213): CodeIgniter\View\View->CodeIgniter\View\{closure}()
#3 C:\Ampps\www\maintex\system\Common.php(1089): CodeIgniter\View\View->render('layout/header', Array, true)
#4 C:\Ampps\www\maintex\app\Controllers\BaseController.php(85): view('layout/header', Array)
#5 C:\Ampps\www\maintex\app\Controllers\Home.php(17): App\Controllers\BaseController->load_view('index')
#6 C:\Ampps\www\maintex\system\CodeIgniter.php(832): App\Controllers\Home->index()
#7 C:\Ampps\www\maintex\system\CodeIgniter.php(419): CodeIgniter\CodeIgniter->runController(Object(App\Controllers\Home))
#8 C:\Ampps\www\maintex\system\CodeIgniter.php(326): CodeIgniter\CodeIgniter->handleRequest(NULL, Object(Config\Cache), false)
#9 C:\Ampps\www\maintex\index.php(37): CodeIgniter\CodeIgniter->run()
#10 {main}
INFO - 2022-03-22 05:36:57 --> Session: Class initialized using 'CodeIgniter\Session\Handlers\FileHandler' driver.
INFO - 2022-03-22 05:42:21 --> Session: Class initialized using 'CodeIgniter\Session\Handlers\FileHandler' driver.
CRITICAL - 2022-03-22 05:42:21 --> Undefined variable: favoris
#0 C:\Ampps\www\maintex\app\Views\layout\header.php(309): CodeIgniter\Debug\Exceptions->errorHandler(8, 'Undefined varia...', 'C:\\Ampps\\www\\ma...', 309, Array)
#1 C:\Ampps\www\maintex\system\View\View.php(210): include('C:\\Ampps\\www\\ma...')
#2 C:\Ampps\www\maintex\system\View\View.php(213): CodeIgniter\View\View->CodeIgniter\View\{closure}()
#3 C:\Ampps\www\maintex\system\Common.php(1089): CodeIgniter\View\View->render('layout/header', Array, true)
#4 C:\Ampps\www\maintex\app\Controllers\BaseController.php(85): view('layout/header', Array)
#5 C:\Ampps\www\maintex\app\Controllers\Home.php(17): App\Controllers\BaseController->load_view('index')
#6 C:\Ampps\www\maintex\system\CodeIgniter.php(832): App\Controllers\Home->index()
#7 C:\Ampps\www\maintex\system\CodeIgniter.php(419): CodeIgniter\CodeIgniter->runController(Object(App\Controllers\Home))
#8 C:\Ampps\www\maintex\system\CodeIgniter.php(326): CodeIgniter\CodeIgniter->handleRequest(NULL, Object(Config\Cache), false)
#9 C:\Ampps\www\maintex\index.php(37): CodeIgniter\CodeIgniter->run()
#10 {main}
INFO - 2022-03-22 06:00:38 --> Session: Class initialized using 'CodeIgniter\Session\Handlers\FileHandler' driver.
CRITICAL - 2022-03-22 06:00:38 --> Call to undefined method CodeIgniter\Session\Session::userdata()
#0 C:\Ampps\www\maintex\app\Controllers\Home.php(17): App\Controllers\BaseController->load_view('index')
#1 C:\Ampps\www\maintex\system\CodeIgniter.php(832): App\Controllers\Home->index()
#2 C:\Ampps\www\maintex\system\CodeIgniter.php(419): CodeIgniter\CodeIgniter->runController(Object(App\Controllers\Home))
#3 C:\Ampps\www\maintex\system\CodeIgniter.php(326): CodeIgniter\CodeIgniter->handleRequest(NULL, Object(Config\Cache), false)
#4 C:\Ampps\www\maintex\index.php(37): CodeIgniter\CodeIgniter->run()
#5 {main}
INFO - 2022-03-22 06:01:40 --> Session: Class initialized using 'CodeIgniter\Session\Handlers\FileHandler' driver.
CRITICAL - 2022-03-22 06:01:40 --> Call to undefined method CodeIgniter\Database\MySQLi\Builder::getResult()
#0 C:\Ampps\www\maintex\app\Controllers\Home.php(17): App\Controllers\BaseController->load_view('index')
#1 C:\Ampps\www\maintex\system\CodeIgniter.php(832): App\Controllers\Home->index()
#2 C:\Ampps\www\maintex\system\CodeIgniter.php(419): CodeIgniter\CodeIgniter->runController(Object(App\Controllers\Home))
#3 C:\Ampps\www\maintex\system\CodeIgniter.php(326): CodeIgniter\CodeIgniter->handleRequest(NULL, Object(Config\Cache), false)
#4 C:\Ampps\www\maintex\index.php(37): CodeIgniter\CodeIgniter->run()
#5 {main}
INFO - 2022-03-22 06:02:25 --> Session: Class initialized using 'CodeIgniter\Session\Handlers\FileHandler' driver.
ERROR - 2022-03-22 06:02:25 --> Table 'maintex_v3.user_menu_list' doesn't exist
CRITICAL - 2022-03-22 06:02:25 --> Table 'maintex_v3.user_menu_list' doesn't exist
#0 C:\Ampps\www\maintex\system\Database\MySQLi\Connection.php(292): mysqli->query('SELECT `m`.*, `...', 0)
#1 C:\Ampps\www\maintex\system\Database\BaseConnection.php(670): CodeIgniter\Database\MySQLi\Connection->execute('SELECT `m`.*, `...')
#2 C:\Ampps\www\maintex\system\Database\BaseConnection.php(598): CodeIgniter\Database\BaseConnection->simpleQuery('SELECT `m`.*, `...')
#3 C:\Ampps\www\maintex\system\Database\BaseBuilder.php(1455): CodeIgniter\Database\BaseConnection->query('SELECT `m`.*, `...', Array, false)
#4 C:\Ampps\www\maintex\app\Controllers\BaseController.php(87): CodeIgniter\Database\BaseBuilder->get()
#5 C:\Ampps\www\maintex\app\Controllers\Home.php(17): App\Controllers\BaseController->load_view('index')
#6 C:\Ampps\www\maintex\system\CodeIgniter.php(832): App\Controllers\Home->index()
#7 C:\Ampps\www\maintex\system\CodeIgniter.php(419): CodeIgniter\CodeIgniter->runController(Object(App\Controllers\Home))
#8 C:\Ampps\www\maintex\system\CodeIgniter.php(326): CodeIgniter\CodeIgniter->handleRequest(NULL, Object(Config\Cache), false)
#9 C:\Ampps\www\maintex\index.php(37): CodeIgniter\CodeIgniter->run()
#10 {main}
INFO - 2022-03-22 06:14:38 --> Session: Class initialized using 'CodeIgniter\Session\Handlers\FileHandler' driver.
ERROR - 2022-03-22 06:14:38 --> Unknown column 'm.isActivated' in 'where clause'
CRITICAL - 2022-03-22 06:14:38 --> Unknown column 'm.isActivated' in 'where clause'
#0 C:\Ampps\www\maintex\system\Database\MySQLi\Connection.php(292): mysqli->query('SELECT `m`.*, `...', 0)
#1 C:\Ampps\www\maintex\system\Database\BaseConnection.php(670): CodeIgniter\Database\MySQLi\Connection->execute('SELECT `m`.*, `...')
#2 C:\Ampps\www\maintex\system\Database\BaseConnection.php(598): CodeIgniter\Database\BaseConnection->simpleQuery('SELECT `m`.*, `...')
#3 C:\Ampps\www\maintex\system\Database\BaseBuilder.php(1455): CodeIgniter\Database\BaseConnection->query('SELECT `m`.*, `...', Array, false)
#4 C:\Ampps\www\maintex\app\Controllers\BaseController.php(87): CodeIgniter\Database\BaseBuilder->get()
#5 C:\Ampps\www\maintex\app\Controllers\Home.php(17): App\Controllers\BaseController->load_view('index')
#6 C:\Ampps\www\maintex\system\CodeIgniter.php(832): App\Controllers\Home->index()
#7 C:\Ampps\www\maintex\system\CodeIgniter.php(419): CodeIgniter\CodeIgniter->runController(Object(App\Controllers\Home))
#8 C:\Ampps\www\maintex\system\CodeIgniter.php(326): CodeIgniter\CodeIgniter->handleRequest(NULL, Object(Config\Cache), false)
#9 C:\Ampps\www\maintex\index.php(37): CodeIgniter\CodeIgniter->run()
#10 {main}
INFO - 2022-03-22 06:14:56 --> Session: Class initialized using 'CodeIgniter\Session\Handlers\FileHandler' driver.
ERROR - 2022-03-22 06:14:56 --> Unknown column 'm.isActivated' in 'where clause'
CRITICAL - 2022-03-22 06:14:56 --> Unknown column 'm.isActivated' in 'where clause'
#0 C:\Ampps\www\maintex\system\Database\MySQLi\Connection.php(292): mysqli->query('SELECT `m`.*, `...', 0)
#1 C:\Ampps\www\maintex\system\Database\BaseConnection.php(670): CodeIgniter\Database\MySQLi\Connection->execute('SELECT `m`.*, `...')
#2 C:\Ampps\www\maintex\system\Database\BaseConnection.php(598): CodeIgniter\Database\BaseConnection->simpleQuery('SELECT `m`.*, `...')
#3 C:\Ampps\www\maintex\system\Database\BaseBuilder.php(1455): CodeIgniter\Database\BaseConnection->query('SELECT `m`.*, `...', Array, false)
#4 C:\Ampps\www\maintex\app\Controllers\BaseController.php(87): CodeIgniter\Database\BaseBuilder->get()
#5 C:\Ampps\www\maintex\app\Controllers\Home.php(17): App\Controllers\BaseController->load_view('index')
#6 C:\Ampps\www\maintex\system\CodeIgniter.php(832): App\Controllers\Home->index()
#7 C:\Ampps\www\maintex\system\CodeIgniter.php(419): CodeIgniter\CodeIgniter->runController(Object(App\Controllers\Home))
#8 C:\Ampps\www\maintex\system\CodeIgniter.php(326): CodeIgniter\CodeIgniter->handleRequest(NULL, Object(Config\Cache), false)
#9 C:\Ampps\www\maintex\index.php(37): CodeIgniter\CodeIgniter->run()
#10 {main}
INFO - 2022-03-22 06:15:21 --> Session: Class initialized using 'CodeIgniter\Session\Handlers\FileHandler' driver.
ERROR - 2022-03-22 06:15:21 --> Unknown column 'fav.id_menu' in 'on clause'
CRITICAL - 2022-03-22 06:15:21 --> Unknown column 'fav.id_menu' in 'on clause'
#0 C:\Ampps\www\maintex\system\Database\MySQLi\Connection.php(292): mysqli->query('SELECT `m`.*, `...', 0)
#1 C:\Ampps\www\maintex\system\Database\BaseConnection.php(670): CodeIgniter\Database\MySQLi\Connection->execute('SELECT `m`.*, `...')
#2 C:\Ampps\www\maintex\system\Database\BaseConnection.php(598): CodeIgniter\Database\BaseConnection->simpleQuery('SELECT `m`.*, `...')
#3 C:\Ampps\www\maintex\system\Database\BaseBuilder.php(1455): CodeIgniter\Database\BaseConnection->query('SELECT `m`.*, `...', Array, false)
#4 C:\Ampps\www\maintex\app\Controllers\BaseController.php(86): CodeIgniter\Database\BaseBuilder->get()
#5 C:\Ampps\www\maintex\app\Controllers\Home.php(17): App\Controllers\BaseController->load_view('index')
#6 C:\Ampps\www\maintex\system\CodeIgniter.php(832): App\Controllers\Home->index()
#7 C:\Ampps\www\maintex\system\CodeIgniter.php(419): CodeIgniter\CodeIgniter->runController(Object(App\Controllers\Home))
#8 C:\Ampps\www\maintex\system\CodeIgniter.php(326): CodeIgniter\CodeIgniter->handleRequest(NULL, Object(Config\Cache), false)
#9 C:\Ampps\www\maintex\index.php(37): CodeIgniter\CodeIgniter->run()
#10 {main}
INFO - 2022-03-22 06:21:11 --> Session: Class initialized using 'CodeIgniter\Session\Handlers\FileHandler' driver.
ERROR - 2022-03-22 06:21:11 --> Unknown column 'fav.id_menu' in 'on clause'
CRITICAL - 2022-03-22 06:21:11 --> Unknown column 'fav.id_menu' in 'on clause'
#0 C:\Ampps\www\maintex\system\Database\MySQLi\Connection.php(292): mysqli->query('SELECT `m`.*, `...', 0)
#1 C:\Ampps\www\maintex\system\Database\BaseConnection.php(670): CodeIgniter\Database\MySQLi\Connection->execute('SELECT `m`.*, `...')
#2 C:\Ampps\www\maintex\system\Database\BaseConnection.php(598): CodeIgniter\Database\BaseConnection->simpleQuery('SELECT `m`.*, `...')
#3 C:\Ampps\www\maintex\system\Database\BaseBuilder.php(1455): CodeIgniter\Database\BaseConnection->query('SELECT `m`.*, `...', Array, false)
#4 C:\Ampps\www\maintex\app\Controllers\BaseController.php(86): CodeIgniter\Database\BaseBuilder->get()
#5 C:\Ampps\www\maintex\app\Controllers\Home.php(17): App\Controllers\BaseController->load_view('index')
#6 C:\Ampps\www\maintex\system\CodeIgniter.php(832): App\Controllers\Home->index()
#7 C:\Ampps\www\maintex\system\CodeIgniter.php(419): CodeIgniter\CodeIgniter->runController(Object(App\Controllers\Home))
#8 C:\Ampps\www\maintex\system\CodeIgniter.php(326): CodeIgniter\CodeIgniter->handleRequest(NULL, Object(Config\Cache), false)
#9 C:\Ampps\www\maintex\index.php(37): CodeIgniter\CodeIgniter->run()
#10 {main}
INFO - 2022-03-22 06:21:42 --> Session: Class initialized using 'CodeIgniter\Session\Handlers\FileHandler' driver.
ERROR - 2022-03-22 06:21:42 --> Unknown column 'orderBy' in 'order clause'
CRITICAL - 2022-03-22 06:21:42 --> Unknown column 'orderBy' in 'order clause'
#0 C:\Ampps\www\maintex\system\Database\MySQLi\Connection.php(292): mysqli->query('SELECT `m`.*, `...', 0)
#1 C:\Ampps\www\maintex\system\Database\BaseConnection.php(670): CodeIgniter\Database\MySQLi\Connection->execute('SELECT `m`.*, `...')
#2 C:\Ampps\www\maintex\system\Database\BaseConnection.php(598): CodeIgniter\Database\BaseConnection->simpleQuery('SELECT `m`.*, `...')
#3 C:\Ampps\www\maintex\system\Database\BaseBuilder.php(1455): CodeIgniter\Database\BaseConnection->query('SELECT `m`.*, `...', Array, false)
#4 C:\Ampps\www\maintex\app\Controllers\BaseController.php(86): CodeIgniter\Database\BaseBuilder->get()
#5 C:\Ampps\www\maintex\app\Controllers\Home.php(17): App\Controllers\BaseController->load_view('index')
#6 C:\Ampps\www\maintex\system\CodeIgniter.php(832): App\Controllers\Home->index()
#7 C:\Ampps\www\maintex\system\CodeIgniter.php(419): CodeIgniter\CodeIgniter->runController(Object(App\Controllers\Home))
#8 C:\Ampps\www\maintex\system\CodeIgniter.php(326): CodeIgniter\CodeIgniter->handleRequest(NULL, Object(Config\Cache), false)
#9 C:\Ampps\www\maintex\index.php(37): CodeIgniter\CodeIgniter->run()
#10 {main}
INFO - 2022-03-22 06:30:09 --> Session: Class initialized using 'CodeIgniter\Session\Handlers\FileHandler' driver.
CRITICAL - 2022-03-22 06:30:09 --> Undefined variable: session_menu
#0 C:\Ampps\www\maintex\app\Views\layout\header.php(143): CodeIgniter\Debug\Exceptions->errorHandler(8, 'Undefined varia...', 'C:\\Ampps\\www\\ma...', 143, Array)
#1 C:\Ampps\www\maintex\system\View\View.php(210): include('C:\\Ampps\\www\\ma...')
#2 C:\Ampps\www\maintex\system\View\View.php(213): CodeIgniter\View\View->CodeIgniter\View\{closure}()
#3 C:\Ampps\www\maintex\system\Common.php(1089): CodeIgniter\View\View->render('layout/header', Array, true)
#4 C:\Ampps\www\maintex\app\Controllers\BaseController.php(94): view('layout/header', Array)
#5 C:\Ampps\www\maintex\app\Controllers\Home.php(17): App\Controllers\BaseController->load_view('index')
#6 C:\Ampps\www\maintex\system\CodeIgniter.php(832): App\Controllers\Home->index()
#7 C:\Ampps\www\maintex\system\CodeIgniter.php(419): CodeIgniter\CodeIgniter->runController(Object(App\Controllers\Home))
#8 C:\Ampps\www\maintex\system\CodeIgniter.php(326): CodeIgniter\CodeIgniter->handleRequest(NULL, Object(Config\Cache), false)
#9 C:\Ampps\www\maintex\index.php(37): CodeIgniter\CodeIgniter->run()
#10 {main}
INFO - 2022-03-22 06:31:03 --> Session: Class initialized using 'CodeIgniter\Session\Handlers\FileHandler' driver.
CRITICAL - 2022-03-22 06:31:03 --> Undefined property: CodeIgniter\View\View::$lang
#0 C:\Ampps\www\maintex\app\Views\layout\header.php(331): CodeIgniter\Debug\Exceptions->errorHandler(8, 'Undefined prope...', 'C:\\Ampps\\www\\ma...', 331, Array)
#1 C:\Ampps\www\maintex\system\View\View.php(210): include('C:\\Ampps\\www\\ma...')
#2 C:\Ampps\www\maintex\system\View\View.php(213): CodeIgniter\View\View->CodeIgniter\View\{closure}()
#3 C:\Ampps\www\maintex\system\Common.php(1089): CodeIgniter\View\View->render('layout/header', Array, true)
#4 C:\Ampps\www\maintex\app\Controllers\BaseController.php(94): view('layout/header', Array)
#5 C:\Ampps\www\maintex\app\Controllers\Home.php(17): App\Controllers\BaseController->load_view('index')
#6 C:\Ampps\www\maintex\system\CodeIgniter.php(832): App\Controllers\Home->index()
#7 C:\Ampps\www\maintex\system\CodeIgniter.php(419): CodeIgniter\CodeIgniter->runController(Object(App\Controllers\Home))
#8 C:\Ampps\www\maintex\system\CodeIgniter.php(326): CodeIgniter\CodeIgniter->handleRequest(NULL, Object(Config\Cache), false)
#9 C:\Ampps\www\maintex\index.php(37): CodeIgniter\CodeIgniter->run()
#10 {main}
INFO - 2022-03-22 06:36:30 --> Session: Class initialized using 'CodeIgniter\Session\Handlers\FileHandler' driver.
CRITICAL - 2022-03-22 06:36:30 --> Undefined variable: session_site_lang
#0 C:\Ampps\www\maintex\app\Views\layout\header.php(346): CodeIgniter\Debug\Exceptions->errorHandler(8, 'Undefined varia...', 'C:\\Ampps\\www\\ma...', 346, Array)
#1 C:\Ampps\www\maintex\system\View\View.php(210): include('C:\\Ampps\\www\\ma...')
#2 C:\Ampps\www\maintex\system\View\View.php(213): CodeIgniter\View\View->CodeIgniter\View\{closure}()
#3 C:\Ampps\www\maintex\system\Common.php(1089): CodeIgniter\View\View->render('layout/header', Array, true)
#4 C:\Ampps\www\maintex\app\Controllers\BaseController.php(94): view('layout/header', Array)
#5 C:\Ampps\www\maintex\app\Controllers\Home.php(17): App\Controllers\BaseController->load_view('index')
#6 C:\Ampps\www\maintex\system\CodeIgniter.php(832): App\Controllers\Home->index()
#7 C:\Ampps\www\maintex\system\CodeIgniter.php(419): CodeIgniter\CodeIgniter->runController(Object(App\Controllers\Home))
#8 C:\Ampps\www\maintex\system\CodeIgniter.php(326): CodeIgniter\CodeIgniter->handleRequest(NULL, Object(Config\Cache), false)
#9 C:\Ampps\www\maintex\index.php(37): CodeIgniter\CodeIgniter->run()
#10 {main}
INFO - 2022-03-22 06:37:22 --> Session: Class initialized using 'CodeIgniter\Session\Handlers\FileHandler' driver.
INFO - 2022-03-22 06:38:20 --> Session: Class initialized using 'CodeIgniter\Session\Handlers\FileHandler' driver.
INFO - 2022-03-22 06:40:17 --> Session: Class initialized using 'CodeIgniter\Session\Handlers\FileHandler' driver.
INFO - 2022-03-22 06:40:17 --> Session: Class initialized using 'CodeIgniter\Session\Handlers\FileHandler' driver.
INFO - 2022-03-22 06:45:08 --> Session: Class initialized using 'CodeIgniter\Session\Handlers\FileHandler' driver.
INFO - 2022-03-22 06:45:57 --> Session: Class initialized using 'CodeIgniter\Session\Handlers\FileHandler' driver.
<<<<<<< HEAD
INFO - 2022-03-22 12:51:28 --> Session: Class initialized using 'CodeIgniter\Session\Handlers\FileHandler' driver.
INFO - 2022-03-22 12:51:52 --> Session: Class initialized using 'CodeIgniter\Session\Handlers\FileHandler' driver.
INFO - 2022-03-22 12:52:03 --> Session: Class initialized using 'CodeIgniter\Session\Handlers\FileHandler' driver.
INFO - 2022-03-22 12:52:04 --> Session: Class initialized using 'CodeIgniter\Session\Handlers\FileHandler' driver.
CRITICAL - 2022-03-22 12:52:04 --> Undefined index: idParent
#0 C:\xampp\htdocs\maintex_v3\app\Helpers\functions_helper.php(28): CodeIgniter\Debug\Exceptions->errorHandler(8, 'Undefined index...', 'C:\\xampp\\htdocs...', 28, Array)
#1 C:\xampp\htdocs\maintex_v3\app\Views\layout\header.php(73): gl_array_filter_by_value(Array, 'idParent', 0)
#2 C:\xampp\htdocs\maintex_v3\system\View\View.php(210): include('C:\\xampp\\htdocs...')
#3 C:\xampp\htdocs\maintex_v3\system\View\View.php(213): CodeIgniter\View\View->CodeIgniter\View\{closure}()
#4 C:\xampp\htdocs\maintex_v3\system\Common.php(1089): CodeIgniter\View\View->render('layout/header', Array, true)
#5 C:\xampp\htdocs\maintex_v3\app\Controllers\BaseController.php(94): view('layout/header', Array)
#6 C:\xampp\htdocs\maintex_v3\app\Controllers\Home.php(17): App\Controllers\BaseController->load_view('index')
#7 C:\xampp\htdocs\maintex_v3\system\CodeIgniter.php(832): App\Controllers\Home->index()
#8 C:\xampp\htdocs\maintex_v3\system\CodeIgniter.php(419): CodeIgniter\CodeIgniter->runController(Object(App\Controllers\Home))
#9 C:\xampp\htdocs\maintex_v3\system\CodeIgniter.php(326): CodeIgniter\CodeIgniter->handleRequest(NULL, Object(Config\Cache), false)
#10 C:\xampp\htdocs\maintex_v3\index.php(37): CodeIgniter\CodeIgniter->run()
#11 {main}
INFO - 2022-03-22 12:55:14 --> Session: Class initialized using 'CodeIgniter\Session\Handlers\FileHandler' driver.
CRITICAL - 2022-03-22 12:55:14 --> Undefined index: idParent
#0 C:\xampp\htdocs\maintex_v3\app\Helpers\functions_helper.php(28): CodeIgniter\Debug\Exceptions->errorHandler(8, 'Undefined index...', 'C:\\xampp\\htdocs...', 28, Array)
#1 C:\xampp\htdocs\maintex_v3\app\Views\layout\header.php(73): gl_array_filter_by_value(Array, 'idParent', 0)
#2 C:\xampp\htdocs\maintex_v3\system\View\View.php(210): include('C:\\xampp\\htdocs...')
#3 C:\xampp\htdocs\maintex_v3\system\View\View.php(213): CodeIgniter\View\View->CodeIgniter\View\{closure}()
#4 C:\xampp\htdocs\maintex_v3\system\Common.php(1089): CodeIgniter\View\View->render('layout/header', Array, true)
#5 C:\xampp\htdocs\maintex_v3\app\Controllers\BaseController.php(94): view('layout/header', Array)
#6 C:\xampp\htdocs\maintex_v3\app\Controllers\Home.php(17): App\Controllers\BaseController->load_view('index')
#7 C:\xampp\htdocs\maintex_v3\system\CodeIgniter.php(832): App\Controllers\Home->index()
#8 C:\xampp\htdocs\maintex_v3\system\CodeIgniter.php(419): CodeIgniter\CodeIgniter->runController(Object(App\Controllers\Home))
#9 C:\xampp\htdocs\maintex_v3\system\CodeIgniter.php(326): CodeIgniter\CodeIgniter->handleRequest(NULL, Object(Config\Cache), false)
#10 C:\xampp\htdocs\maintex_v3\index.php(37): CodeIgniter\CodeIgniter->run()
#11 {main}
INFO - 2022-03-22 12:55:18 --> Session: Class initialized using 'CodeIgniter\Session\Handlers\FileHandler' driver.
CRITICAL - 2022-03-22 12:55:19 -->  route cannot be found while reverse-routing.
#0 C:\xampp\htdocs\maintex_v3\system\HTTP\RedirectResponse.php(56): CodeIgniter\HTTP\Exceptions\HTTPException::forInvalidRedirectRoute('')
#1 C:\xampp\htdocs\maintex_v3\system\Common.php(832): CodeIgniter\HTTP\RedirectResponse->route(false)
#2 C:\xampp\htdocs\maintex_v3\app\Controllers\Login.php(15): redirect('http://localhos...')
#3 C:\xampp\htdocs\maintex_v3\system\CodeIgniter.php(832): App\Controllers\Login->index()
#4 C:\xampp\htdocs\maintex_v3\system\CodeIgniter.php(419): CodeIgniter\CodeIgniter->runController(Object(App\Controllers\Login))
#5 C:\xampp\htdocs\maintex_v3\system\CodeIgniter.php(326): CodeIgniter\CodeIgniter->handleRequest(NULL, Object(Config\Cache), false)
#6 C:\xampp\htdocs\maintex_v3\index.php(37): CodeIgniter\CodeIgniter->run()
#7 {main}
INFO - 2022-03-22 12:55:25 --> Session: Class initialized using 'CodeIgniter\Session\Handlers\FileHandler' driver.
CRITICAL - 2022-03-22 12:55:25 -->  route cannot be found while reverse-routing.
#0 C:\xampp\htdocs\maintex_v3\system\HTTP\RedirectResponse.php(56): CodeIgniter\HTTP\Exceptions\HTTPException::forInvalidRedirectRoute('')
#1 C:\xampp\htdocs\maintex_v3\system\Common.php(832): CodeIgniter\HTTP\RedirectResponse->route(false)
#2 C:\xampp\htdocs\maintex_v3\app\Controllers\Login.php(15): redirect('http://localhos...')
#3 C:\xampp\htdocs\maintex_v3\system\CodeIgniter.php(832): App\Controllers\Login->index()
#4 C:\xampp\htdocs\maintex_v3\system\CodeIgniter.php(419): CodeIgniter\CodeIgniter->runController(Object(App\Controllers\Login))
#5 C:\xampp\htdocs\maintex_v3\system\CodeIgniter.php(326): CodeIgniter\CodeIgniter->handleRequest(NULL, Object(Config\Cache), false)
#6 C:\xampp\htdocs\maintex_v3\index.php(37): CodeIgniter\CodeIgniter->run()
#7 {main}
INFO - 2022-03-22 12:55:30 --> Session: Class initialized using 'CodeIgniter\Session\Handlers\FileHandler' driver.
CRITICAL - 2022-03-22 12:55:30 --> Undefined index: idParent
#0 C:\xampp\htdocs\maintex_v3\app\Helpers\functions_helper.php(28): CodeIgniter\Debug\Exceptions->errorHandler(8, 'Undefined index...', 'C:\\xampp\\htdocs...', 28, Array)
#1 C:\xampp\htdocs\maintex_v3\app\Views\layout\header.php(73): gl_array_filter_by_value(Array, 'idParent', 0)
#2 C:\xampp\htdocs\maintex_v3\system\View\View.php(210): include('C:\\xampp\\htdocs...')
#3 C:\xampp\htdocs\maintex_v3\system\View\View.php(213): CodeIgniter\View\View->CodeIgniter\View\{closure}()
#4 C:\xampp\htdocs\maintex_v3\system\Common.php(1089): CodeIgniter\View\View->render('layout/header', Array, true)
#5 C:\xampp\htdocs\maintex_v3\app\Controllers\BaseController.php(94): view('layout/header', Array)
#6 C:\xampp\htdocs\maintex_v3\app\Controllers\Home.php(17): App\Controllers\BaseController->load_view('index')
#7 C:\xampp\htdocs\maintex_v3\system\CodeIgniter.php(832): App\Controllers\Home->index()
#8 C:\xampp\htdocs\maintex_v3\system\CodeIgniter.php(419): CodeIgniter\CodeIgniter->runController(Object(App\Controllers\Home))
#9 C:\xampp\htdocs\maintex_v3\system\CodeIgniter.php(326): CodeIgniter\CodeIgniter->handleRequest(NULL, Object(Config\Cache), false)
#10 C:\xampp\htdocs\maintex_v3\index.php(37): CodeIgniter\CodeIgniter->run()
#11 {main}
INFO - 2022-03-22 12:55:31 --> Session: Class initialized using 'CodeIgniter\Session\Handlers\FileHandler' driver.
CRITICAL - 2022-03-22 12:55:31 -->  route cannot be found while reverse-routing.
#0 C:\xampp\htdocs\maintex_v3\system\HTTP\RedirectResponse.php(56): CodeIgniter\HTTP\Exceptions\HTTPException::forInvalidRedirectRoute('')
#1 C:\xampp\htdocs\maintex_v3\system\Common.php(832): CodeIgniter\HTTP\RedirectResponse->route(false)
#2 C:\xampp\htdocs\maintex_v3\app\Controllers\Login.php(15): redirect('http://localhos...')
#3 C:\xampp\htdocs\maintex_v3\system\CodeIgniter.php(832): App\Controllers\Login->index()
#4 C:\xampp\htdocs\maintex_v3\system\CodeIgniter.php(419): CodeIgniter\CodeIgniter->runController(Object(App\Controllers\Login))
#5 C:\xampp\htdocs\maintex_v3\system\CodeIgniter.php(326): CodeIgniter\CodeIgniter->handleRequest(NULL, Object(Config\Cache), false)
#6 C:\xampp\htdocs\maintex_v3\index.php(37): CodeIgniter\CodeIgniter->run()
#7 {main}
INFO - 2022-03-22 12:55:42 --> Session: Class initialized using 'CodeIgniter\Session\Handlers\FileHandler' driver.
CRITICAL - 2022-03-22 12:55:42 -->  route cannot be found while reverse-routing.
#0 C:\xampp\htdocs\maintex_v3\system\HTTP\RedirectResponse.php(56): CodeIgniter\HTTP\Exceptions\HTTPException::forInvalidRedirectRoute('')
#1 C:\xampp\htdocs\maintex_v3\system\Common.php(832): CodeIgniter\HTTP\RedirectResponse->route(false)
#2 C:\xampp\htdocs\maintex_v3\app\Controllers\Login.php(15): redirect('http://localhos...')
#3 C:\xampp\htdocs\maintex_v3\system\CodeIgniter.php(832): App\Controllers\Login->index()
#4 C:\xampp\htdocs\maintex_v3\system\CodeIgniter.php(419): CodeIgniter\CodeIgniter->runController(Object(App\Controllers\Login))
#5 C:\xampp\htdocs\maintex_v3\system\CodeIgniter.php(326): CodeIgniter\CodeIgniter->handleRequest(NULL, Object(Config\Cache), false)
#6 C:\xampp\htdocs\maintex_v3\index.php(37): CodeIgniter\CodeIgniter->run()
#7 {main}
INFO - 2022-03-22 12:55:47 --> Session: Class initialized using 'CodeIgniter\Session\Handlers\FileHandler' driver.
CRITICAL - 2022-03-22 12:55:47 -->  route cannot be found while reverse-routing.
#0 C:\xampp\htdocs\maintex_v3\system\HTTP\RedirectResponse.php(56): CodeIgniter\HTTP\Exceptions\HTTPException::forInvalidRedirectRoute('')
#1 C:\xampp\htdocs\maintex_v3\system\Common.php(832): CodeIgniter\HTTP\RedirectResponse->route(false)
#2 C:\xampp\htdocs\maintex_v3\app\Controllers\Login.php(15): redirect('http://localhos...')
#3 C:\xampp\htdocs\maintex_v3\system\CodeIgniter.php(832): App\Controllers\Login->index()
#4 C:\xampp\htdocs\maintex_v3\system\CodeIgniter.php(419): CodeIgniter\CodeIgniter->runController(Object(App\Controllers\Login))
#5 C:\xampp\htdocs\maintex_v3\system\CodeIgniter.php(326): CodeIgniter\CodeIgniter->handleRequest(NULL, Object(Config\Cache), false)
#6 C:\xampp\htdocs\maintex_v3\index.php(37): CodeIgniter\CodeIgniter->run()
#7 {main}
INFO - 2022-03-22 12:59:14 --> Session: Class initialized using 'CodeIgniter\Session\Handlers\FileHandler' driver.
INFO - 2022-03-22 12:59:24 --> Session: Class initialized using 'CodeIgniter\Session\Handlers\FileHandler' driver.
CRITICAL - 2022-03-22 12:59:24 --> Undefined index: idParent
#0 C:\xampp\htdocs\maintex_v3\app\Helpers\functions_helper.php(28): CodeIgniter\Debug\Exceptions->errorHandler(8, 'Undefined index...', 'C:\\xampp\\htdocs...', 28, Array)
#1 C:\xampp\htdocs\maintex_v3\app\Views\layout\header.php(73): gl_array_filter_by_value(Array, 'idParent', 0)
#2 C:\xampp\htdocs\maintex_v3\system\View\View.php(210): include('C:\\xampp\\htdocs...')
#3 C:\xampp\htdocs\maintex_v3\system\View\View.php(213): CodeIgniter\View\View->CodeIgniter\View\{closure}()
#4 C:\xampp\htdocs\maintex_v3\system\Common.php(1089): CodeIgniter\View\View->render('layout/header', Array, true)
#5 C:\xampp\htdocs\maintex_v3\app\Controllers\BaseController.php(94): view('layout/header', Array)
#6 C:\xampp\htdocs\maintex_v3\app\Controllers\Home.php(17): App\Controllers\BaseController->load_view('index')
#7 C:\xampp\htdocs\maintex_v3\system\CodeIgniter.php(832): App\Controllers\Home->index()
#8 C:\xampp\htdocs\maintex_v3\system\CodeIgniter.php(419): CodeIgniter\CodeIgniter->runController(Object(App\Controllers\Home))
#9 C:\xampp\htdocs\maintex_v3\system\CodeIgniter.php(326): CodeIgniter\CodeIgniter->handleRequest(NULL, Object(Config\Cache), false)
#10 C:\xampp\htdocs\maintex_v3\index.php(37): CodeIgniter\CodeIgniter->run()
#11 {main}
INFO - 2022-03-22 12:59:41 --> Session: Class initialized using 'CodeIgniter\Session\Handlers\FileHandler' driver.
INFO - 2022-03-22 13:02:08 --> Session: Class initialized using 'CodeIgniter\Session\Handlers\FileHandler' driver.
INFO - 2022-03-22 13:03:01 --> Session: Class initialized using 'CodeIgniter\Session\Handlers\FileHandler' driver.
INFO - 2022-03-22 13:03:02 --> Session: Class initialized using 'CodeIgniter\Session\Handlers\FileHandler' driver.
CRITICAL - 2022-03-22 13:03:02 --> Undefined index: idParent
#0 C:\xampp\htdocs\maintex\app\Helpers\functions_helper.php(28): CodeIgniter\Debug\Exceptions->errorHandler(8, 'Undefined index...', 'C:\\xampp\\htdocs...', 28, Array)
#1 C:\xampp\htdocs\maintex\app\Views\layout\header.php(73): gl_array_filter_by_value(Array, 'idParent', 0)
#2 C:\xampp\htdocs\maintex\system\View\View.php(210): include('C:\\xampp\\htdocs...')
#3 C:\xampp\htdocs\maintex\system\View\View.php(213): CodeIgniter\View\View->CodeIgniter\View\{closure}()
#4 C:\xampp\htdocs\maintex\system\Common.php(1089): CodeIgniter\View\View->render('layout/header', Array, true)
#5 C:\xampp\htdocs\maintex\app\Controllers\BaseController.php(94): view('layout/header', Array)
#6 C:\xampp\htdocs\maintex\app\Controllers\Home.php(17): App\Controllers\BaseController->load_view('index')
#7 C:\xampp\htdocs\maintex\system\CodeIgniter.php(832): App\Controllers\Home->index()
#8 C:\xampp\htdocs\maintex\system\CodeIgniter.php(419): CodeIgniter\CodeIgniter->runController(Object(App\Controllers\Home))
#9 C:\xampp\htdocs\maintex\system\CodeIgniter.php(326): CodeIgniter\CodeIgniter->handleRequest(NULL, Object(Config\Cache), false)
#10 C:\xampp\htdocs\maintex\index.php(37): CodeIgniter\CodeIgniter->run()
#11 {main}
INFO - 2022-03-22 13:10:25 --> Session: Class initialized using 'CodeIgniter\Session\Handlers\FileHandler' driver.
CRITICAL - 2022-03-22 13:10:25 --> Undefined index: n
#0 C:\xampp\htdocs\maintex\app\Views\layout\header.php(76): CodeIgniter\Debug\Exceptions->errorHandler(8, 'Undefined index...', 'C:\\xampp\\htdocs...', 76, Array)
#1 C:\xampp\htdocs\maintex\system\View\View.php(210): include('C:\\xampp\\htdocs...')
#2 C:\xampp\htdocs\maintex\system\View\View.php(213): CodeIgniter\View\View->CodeIgniter\View\{closure}()
#3 C:\xampp\htdocs\maintex\system\Common.php(1089): CodeIgniter\View\View->render('layout/header', Array, true)
#4 C:\xampp\htdocs\maintex\app\Controllers\BaseController.php(94): view('layout/header', Array)
#5 C:\xampp\htdocs\maintex\app\Controllers\Home.php(17): App\Controllers\BaseController->load_view('index')
#6 C:\xampp\htdocs\maintex\system\CodeIgniter.php(832): App\Controllers\Home->index()
#7 C:\xampp\htdocs\maintex\system\CodeIgniter.php(419): CodeIgniter\CodeIgniter->runController(Object(App\Controllers\Home))
#8 C:\xampp\htdocs\maintex\system\CodeIgniter.php(326): CodeIgniter\CodeIgniter->handleRequest(NULL, Object(Config\Cache), false)
#9 C:\xampp\htdocs\maintex\index.php(37): CodeIgniter\CodeIgniter->run()
#10 {main}
INFO - 2022-03-22 13:13:18 --> Session: Class initialized using 'CodeIgniter\Session\Handlers\FileHandler' driver.
ERROR - 2022-03-22 13:13:18 --> Unknown column 'm.id' in 'where clause'
CRITICAL - 2022-03-22 13:13:18 --> Unknown column 'm.id' in 'where clause'
#0 C:\xampp\htdocs\maintex\system\Database\MySQLi\Connection.php(292): mysqli->query('SELECT `m`.*, `...', 0)
#1 C:\xampp\htdocs\maintex\system\Database\BaseConnection.php(670): CodeIgniter\Database\MySQLi\Connection->execute('SELECT `m`.*, `...')
#2 C:\xampp\htdocs\maintex\system\Database\BaseConnection.php(598): CodeIgniter\Database\BaseConnection->simpleQuery('SELECT `m`.*, `...')
#3 C:\xampp\htdocs\maintex\system\Database\BaseBuilder.php(1455): CodeIgniter\Database\BaseConnection->query('SELECT `m`.*, `...', Array, false)
#4 C:\xampp\htdocs\maintex\app\Controllers\BaseController.php(74): CodeIgniter\Database\BaseBuilder->get()
#5 C:\xampp\htdocs\maintex\app\Controllers\Home.php(17): App\Controllers\BaseController->load_view('index')
#6 C:\xampp\htdocs\maintex\system\CodeIgniter.php(832): App\Controllers\Home->index()
#7 C:\xampp\htdocs\maintex\system\CodeIgniter.php(419): CodeIgniter\CodeIgniter->runController(Object(App\Controllers\Home))
#8 C:\xampp\htdocs\maintex\system\CodeIgniter.php(326): CodeIgniter\CodeIgniter->handleRequest(NULL, Object(Config\Cache), false)
#9 C:\xampp\htdocs\maintex\index.php(37): CodeIgniter\CodeIgniter->run()
#10 {main}
INFO - 2022-03-22 13:14:27 --> Session: Class initialized using 'CodeIgniter\Session\Handlers\FileHandler' driver.
CRITICAL - 2022-03-22 13:14:27 --> Undefined index: code
#0 C:\xampp\htdocs\maintex\app\Views\layout\header.php(133): CodeIgniter\Debug\Exceptions->errorHandler(8, 'Undefined index...', 'C:\\xampp\\htdocs...', 133, Array)
#1 C:\xampp\htdocs\maintex\system\View\View.php(210): include('C:\\xampp\\htdocs...')
#2 C:\xampp\htdocs\maintex\system\View\View.php(213): CodeIgniter\View\View->CodeIgniter\View\{closure}()
#3 C:\xampp\htdocs\maintex\system\Common.php(1089): CodeIgniter\View\View->render('layout/header', Array, true)
#4 C:\xampp\htdocs\maintex\app\Controllers\BaseController.php(94): view('layout/header', Array)
#5 C:\xampp\htdocs\maintex\app\Controllers\Home.php(17): App\Controllers\BaseController->load_view('index')
#6 C:\xampp\htdocs\maintex\system\CodeIgniter.php(832): App\Controllers\Home->index()
#7 C:\xampp\htdocs\maintex\system\CodeIgniter.php(419): CodeIgniter\CodeIgniter->runController(Object(App\Controllers\Home))
#8 C:\xampp\htdocs\maintex\system\CodeIgniter.php(326): CodeIgniter\CodeIgniter->handleRequest(NULL, Object(Config\Cache), false)
#9 C:\xampp\htdocs\maintex\index.php(37): CodeIgniter\CodeIgniter->run()
#10 {main}
INFO - 2022-03-22 13:16:40 --> Session: Class initialized using 'CodeIgniter\Session\Handlers\FileHandler' driver.
CRITICAL - 2022-03-22 13:16:40 --> Undefined index: url
#0 C:\xampp\htdocs\maintex\app\Views\layout\header.php(134): CodeIgniter\Debug\Exceptions->errorHandler(8, 'Undefined index...', 'C:\\xampp\\htdocs...', 134, Array)
#1 C:\xampp\htdocs\maintex\system\View\View.php(210): include('C:\\xampp\\htdocs...')
#2 C:\xampp\htdocs\maintex\system\View\View.php(213): CodeIgniter\View\View->CodeIgniter\View\{closure}()
#3 C:\xampp\htdocs\maintex\system\Common.php(1089): CodeIgniter\View\View->render('layout/header', Array, true)
#4 C:\xampp\htdocs\maintex\app\Controllers\BaseController.php(94): view('layout/header', Array)
#5 C:\xampp\htdocs\maintex\app\Controllers\Home.php(17): App\Controllers\BaseController->load_view('index')
#6 C:\xampp\htdocs\maintex\system\CodeIgniter.php(832): App\Controllers\Home->index()
#7 C:\xampp\htdocs\maintex\system\CodeIgniter.php(419): CodeIgniter\CodeIgniter->runController(Object(App\Controllers\Home))
#8 C:\xampp\htdocs\maintex\system\CodeIgniter.php(326): CodeIgniter\CodeIgniter->handleRequest(NULL, Object(Config\Cache), false)
#9 C:\xampp\htdocs\maintex\index.php(37): CodeIgniter\CodeIgniter->run()
#10 {main}
INFO - 2022-03-22 13:16:43 --> Session: Class initialized using 'CodeIgniter\Session\Handlers\FileHandler' driver.
CRITICAL - 2022-03-22 13:16:43 --> Undefined index: url
#0 C:\xampp\htdocs\maintex\app\Views\layout\header.php(134): CodeIgniter\Debug\Exceptions->errorHandler(8, 'Undefined index...', 'C:\\xampp\\htdocs...', 134, Array)
#1 C:\xampp\htdocs\maintex\system\View\View.php(210): include('C:\\xampp\\htdocs...')
#2 C:\xampp\htdocs\maintex\system\View\View.php(213): CodeIgniter\View\View->CodeIgniter\View\{closure}()
#3 C:\xampp\htdocs\maintex\system\Common.php(1089): CodeIgniter\View\View->render('layout/header', Array, true)
#4 C:\xampp\htdocs\maintex\app\Controllers\BaseController.php(94): view('layout/header', Array)
#5 C:\xampp\htdocs\maintex\app\Controllers\Home.php(17): App\Controllers\BaseController->load_view('index')
#6 C:\xampp\htdocs\maintex\system\CodeIgniter.php(832): App\Controllers\Home->index()
#7 C:\xampp\htdocs\maintex\system\CodeIgniter.php(419): CodeIgniter\CodeIgniter->runController(Object(App\Controllers\Home))
#8 C:\xampp\htdocs\maintex\system\CodeIgniter.php(326): CodeIgniter\CodeIgniter->handleRequest(NULL, Object(Config\Cache), false)
#9 C:\xampp\htdocs\maintex\index.php(37): CodeIgniter\CodeIgniter->run()
#10 {main}
INFO - 2022-03-22 13:17:43 --> Session: Class initialized using 'CodeIgniter\Session\Handlers\FileHandler' driver.
CRITICAL - 2022-03-22 13:17:43 --> Undefined index: icon
#0 C:\xampp\htdocs\maintex\app\Views\layout\header.php(135): CodeIgniter\Debug\Exceptions->errorHandler(8, 'Undefined index...', 'C:\\xampp\\htdocs...', 135, Array)
#1 C:\xampp\htdocs\maintex\system\View\View.php(210): include('C:\\xampp\\htdocs...')
#2 C:\xampp\htdocs\maintex\system\View\View.php(213): CodeIgniter\View\View->CodeIgniter\View\{closure}()
#3 C:\xampp\htdocs\maintex\system\Common.php(1089): CodeIgniter\View\View->render('layout/header', Array, true)
#4 C:\xampp\htdocs\maintex\app\Controllers\BaseController.php(94): view('layout/header', Array)
#5 C:\xampp\htdocs\maintex\app\Controllers\Home.php(17): App\Controllers\BaseController->load_view('index')
#6 C:\xampp\htdocs\maintex\system\CodeIgniter.php(832): App\Controllers\Home->index()
#7 C:\xampp\htdocs\maintex\system\CodeIgniter.php(419): CodeIgniter\CodeIgniter->runController(Object(App\Controllers\Home))
#8 C:\xampp\htdocs\maintex\system\CodeIgniter.php(326): CodeIgniter\CodeIgniter->handleRequest(NULL, Object(Config\Cache), false)
#9 C:\xampp\htdocs\maintex\index.php(37): CodeIgniter\CodeIgniter->run()
#10 {main}
INFO - 2022-03-22 13:18:33 --> Session: Class initialized using 'CodeIgniter\Session\Handlers\FileHandler' driver.
CRITICAL - 2022-03-22 13:18:33 --> Undefined index: id
#0 C:\xampp\htdocs\maintex\app\Views\layout\header.php(77): CodeIgniter\Debug\Exceptions->errorHandler(8, 'Undefined index...', 'C:\\xampp\\htdocs...', 77, Array)
#1 C:\xampp\htdocs\maintex\system\View\View.php(210): include('C:\\xampp\\htdocs...')
#2 C:\xampp\htdocs\maintex\system\View\View.php(213): CodeIgniter\View\View->CodeIgniter\View\{closure}()
#3 C:\xampp\htdocs\maintex\system\Common.php(1089): CodeIgniter\View\View->render('layout/header', Array, true)
#4 C:\xampp\htdocs\maintex\app\Controllers\BaseController.php(94): view('layout/header', Array)
#5 C:\xampp\htdocs\maintex\app\Controllers\Home.php(17): App\Controllers\BaseController->load_view('index')
#6 C:\xampp\htdocs\maintex\system\CodeIgniter.php(832): App\Controllers\Home->index()
#7 C:\xampp\htdocs\maintex\system\CodeIgniter.php(419): CodeIgniter\CodeIgniter->runController(Object(App\Controllers\Home))
#8 C:\xampp\htdocs\maintex\system\CodeIgniter.php(326): CodeIgniter\CodeIgniter->handleRequest(NULL, Object(Config\Cache), false)
#9 C:\xampp\htdocs\maintex\index.php(37): CodeIgniter\CodeIgniter->run()
#10 {main}
INFO - 2022-03-22 13:19:10 --> Session: Class initialized using 'CodeIgniter\Session\Handlers\FileHandler' driver.
CRITICAL - 2022-03-22 13:19:11 --> Undefined variable: session_submenu
#0 C:\xampp\htdocs\maintex\app\Views\layout\header.php(118): CodeIgniter\Debug\Exceptions->errorHandler(8, 'Undefined varia...', 'C:\\xampp\\htdocs...', 118, Array)
#1 C:\xampp\htdocs\maintex\system\View\View.php(210): include('C:\\xampp\\htdocs...')
#2 C:\xampp\htdocs\maintex\system\View\View.php(213): CodeIgniter\View\View->CodeIgniter\View\{closure}()
#3 C:\xampp\htdocs\maintex\system\Common.php(1089): CodeIgniter\View\View->render('layout/header', Array, true)
#4 C:\xampp\htdocs\maintex\app\Controllers\BaseController.php(94): view('layout/header', Array)
#5 C:\xampp\htdocs\maintex\app\Controllers\Home.php(17): App\Controllers\BaseController->load_view('index')
#6 C:\xampp\htdocs\maintex\system\CodeIgniter.php(832): App\Controllers\Home->index()
#7 C:\xampp\htdocs\maintex\system\CodeIgniter.php(419): CodeIgniter\CodeIgniter->runController(Object(App\Controllers\Home))
#8 C:\xampp\htdocs\maintex\system\CodeIgniter.php(326): CodeIgniter\CodeIgniter->handleRequest(NULL, Object(Config\Cache), false)
#9 C:\xampp\htdocs\maintex\index.php(37): CodeIgniter\CodeIgniter->run()
#10 {main}
INFO - 2022-03-22 13:21:57 --> Session: Class initialized using 'CodeIgniter\Session\Handlers\FileHandler' driver.
INFO - 2022-03-22 13:40:29 --> Session: Class initialized using 'CodeIgniter\Session\Handlers\FileHandler' driver.
INFO - 2022-03-22 13:40:29 --> Session: Class initialized using 'CodeIgniter\Session\Handlers\FileHandler' driver.
INFO - 2022-03-22 13:45:35 --> Session: Class initialized using 'CodeIgniter\Session\Handlers\FileHandler' driver.
=======
INFO - 2022-03-22 07:34:22 --> Session: Class initialized using 'CodeIgniter\Session\Handlers\FileHandler' driver.
INFO - 2022-03-22 07:36:39 --> Session: Class initialized using 'CodeIgniter\Session\Handlers\FileHandler' driver.
INFO - 2022-03-22 07:37:47 --> Session: Class initialized using 'CodeIgniter\Session\Handlers\FileHandler' driver.
INFO - 2022-03-22 07:38:15 --> Session: Class initialized using 'CodeIgniter\Session\Handlers\FileHandler' driver.
INFO - 2022-03-22 07:38:46 --> Session: Class initialized using 'CodeIgniter\Session\Handlers\FileHandler' driver.
INFO - 2022-03-22 11:03:31 --> Session: Class initialized using 'CodeIgniter\Session\Handlers\FileHandler' driver.
INFO - 2022-03-22 11:03:31 --> Session: Class initialized using 'CodeIgniter\Session\Handlers\FileHandler' driver.
INFO - 2022-03-22 11:03:57 --> Session: Class initialized using 'CodeIgniter\Session\Handlers\FileHandler' driver.
INFO - 2022-03-22 11:04:05 --> Session: Class initialized using 'CodeIgniter\Session\Handlers\FileHandler' driver.
INFO - 2022-03-22 11:04:05 --> Session: Class initialized using 'CodeIgniter\Session\Handlers\FileHandler' driver.
INFO - 2022-03-22 11:20:05 --> Session: Class initialized using 'CodeIgniter\Session\Handlers\FileHandler' driver.
INFO - 2022-03-22 11:44:22 --> Session: Class initialized using 'CodeIgniter\Session\Handlers\FileHandler' driver.
>>>>>>> ea83b06f1667b3b7375aa583820f41a7630cc28e
